6715.966666666666 89
26117.533333333333 103
27331.7 63
28449.066666666666 80
10270.366666666667 85
2890.233333333333 90
19703.4 86
24960.466666666667 94
20029.6 103
27965.233333333334 68
7734.366666666667 67
12776.033333333333 81
12456.533333333333 96
9610.3 112
26275.466666666667 90
19202.2 113
8460.2 76
7773.366666666667 117
11256.033333333333 83
17524.4 92
5556.2 103
25773.333333333332 85
12325.733333333334 95
18914.5 114
17213.033333333333 97
26363.63333333333 117
19921.466666666667 66
24122.766666666666 111
28735.13333333333 61
17550.8 92
26046.8 107
6433.333333333333 112
19806.833333333332 96
17734.1 85
24062.733333333334 69
28394.566666666666 62
15672.5 96
9076.5 86
22987.1 79
22628.13333333333 76
9689.4 63
28145.166666666668 73
22560.3 66
23947.966666666667 104
20195.4 71
16056.1 66
14105.3 98
6467.7 93
17913.0 111
15684.733333333334 116
10036.833333333334 66
13557.233333333334 114
17481.933333333334 68
1670.5666666666666 75
21711.566666666666 97
25349.933333333334 75
11275.733333333334 97
24298.933333333334 72
6657.533333333333 110
12454.233333333334 93
15681.666666666666 108
8689.233333333334 111
6678.133333333333 116
25078.2 60
18585.3 115
15283.066666666666 119
17015.7 85
26729.1 78
3697.9 109
3685.5 90
13431.233333333334 65
11939.666666666666 101
20406.7 71
19067.666666666668 84
27872.1 71
16819.5 116
21333.966666666667 60
9310.366666666667 92
9064.433333333332 111
26516.3 112
2256.0666666666666 65
6841.233333333334 69
12429.8 108
3659.2 102
27095.033333333333 96
16205.9 70
20126.63333333333 93
21664.666666666668 68
8802.466666666667 72
23548.266666666666 90
4981.933333333333 75
14506.199999999999 107
7056.099999999999 70
22915.666666666668 89
3530.133333333333 112
4512.833333333333 104
27334.066666666666 91
22309.033333333333 62
22787.2 77
21964.6 92
9467.966666666667 77
7829.4 89
25697.0 100
21689.333333333332 83
18873.9 84
21883.933333333334 62
21041.666666666668 113
28473.666666666668 70
28431.933333333334 80
12947.133333333333 94
17006.8 71
19805.0 71
16488.366666666665 85
13197.199999999999 69
9194.766666666666 68
5350.866666666667 106
3533.0333333333333 69
21399.1 115
23804.066666666666 92
7646.8 104
7994.133333333333 80
14175.533333333333 116
12798.233333333334 91
10291.166666666666 98
20186.066666666666 77
36.6 114
26597.266666666666 97
11076.166666666666 72
2729.5333333333333 107
2066.6 79
9090.933333333332 77
6578.766666666666 82
14772.333333333334 108
2939.9666666666667 87
28618.466666666667 106
6704.866666666667 80
21008.666666666668 117
25806.933333333334 75
25467.9 115
13102.9 93
27390.166666666668 65
5372.0 111
26984.166666666668 89
12630.633333333333 110
28164.766666666666 94
1179.8 87
26842.7 87
16423.066666666666 64
13530.766666666666 112
15377.266666666666 103
15501.933333333332 114
4458.566666666667 85
9811.066666666666 119
9384.1 70
1856.1666666666667 86
28197.366666666665 61
2119.4333333333334 69
16434.266666666666 86
17303.066666666666 87
1809.9333333333334 107
25983.266666666666 100
28566.6 101
2341.7666666666664 107
11204.733333333334 87
20334.0 81
11391.466666666667 66
20029.666666666668 91
2068.4666666666667 77
423.8333333333333 60
1507.0333333333333 84
27089.433333333334 118
24424.733333333334 100
21022.966666666667 114
27678.6 89
20740.3 94
28618.066666666666 99
4074.6 82
11158.166666666666 112
27794.566666666666 78
26504.1 80
11504.033333333333 100
25826.733333333334 97
26336.63333333333 76
17853.866666666665 114
23108.366666666665 77
25222.766666666666 110
25273.766666666666 106
11888.566666666666 63
17122.866666666665 111
26999.266666666666 102
9286.066666666666 115
355.0 110
16917.266666666666 82
27478.399999999998 70
14212.1 77
21547.8 110
26326.366666666665 69
14883.333333333334 67
22829.566666666666 70
20128.766666666666 116
6293.166666666667 110
8319.266666666666 90
3580.7 60
4109.866666666667 105
12887.533333333333 116
7621.466666666666 68
7399.133333333333 84
15378.566666666666 78
23085.63333333333 82
17113.13333333333 89
13819.0 66
22057.533333333333 91
24670.166666666668 77
22001.5 90
14946.333333333334 71
19964.233333333334 62
26678.366666666665 61
17692.966666666667 64
8023.333333333333 119
18063.266666666666 111
8488.833333333334 81
19758.266666666666 63
3972.5333333333333 72
7167.233333333334 115
2205.9333333333334 83
24294.533333333333 74
12699.366666666667 101
9704.966666666667 110
8538.033333333333 118
27872.2 63
22599.066666666666 68
16597.13333333333 118
10233.866666666667 83
23581.8 115
2214.866666666667 72
19004.666666666668 88
6165.033333333333 88
23836.833333333332 114
4183.966666666666 80
9243.0 111
9953.433333333332 66
20666.333333333332 63
6842.233333333334 75
25544.766666666666 105
20382.533333333333 108
20465.13333333333 110
23851.833333333332 116
6133.466666666666 109
14394.366666666667 93
26529.166666666668 60
1073.5666666666666 78
20447.566666666666 102
21770.066666666666 76
27545.366666666665 98
26040.6 108
2644.633333333333 107
7646.066666666667 86
10673.233333333334 86
27325.1 91
16189.3 113
11454.266666666666 108
14539.833333333334 95
2383.6 107
7230.133333333333 103
1257.6 78
16894.166666666668 105
10396.6 63
23962.833333333332 101
25112.066666666666 113
24883.566666666666 74
10936.833333333334 91
19904.1 83
14156.4 67
25366.466666666667 100
19544.533333333333 117
9470.666666666666 82
4477.166666666667 64
1360.0333333333333 108
14673.4 79
9653.033333333333 94
12039.066666666666 111
4885.533333333333 65
10363.6 64
22252.833333333332 79
16307.833333333334 65
5147.166666666667 71
20583.63333333333 108
11304.566666666666 60
4799.3 69
13129.033333333333 67
15387.733333333334 79
11220.866666666667 92
14506.8 76
5531.4 76
5067.133333333333 63
554.9666666666667 85
10044.333333333334 86
1795.2333333333333 107
11444.066666666666 64
18475.566666666666 104
2990.0333333333333 89
5823.266666666666 71
24255.333333333332 75
21773.4 77
409.0 81
28105.866666666665 84
13513.066666666666 101
17820.4 109
3076.0333333333333 77
13071.533333333333 114
8780.966666666667 63
5164.9 76
14017.033333333333 85
5142.966666666666 90
11950.8 74
3552.7666666666664 107
13415.3 82
26293.966666666667 114
6601.466666666666 112
16357.4 71
25654.933333333334 101
13352.9 106
14213.699999999999 108
16626.9 113
2240.5666666666666 115
6805.166666666667 89
6526.633333333333 91
19465.166666666668 65
540.2 112
15473.266666666666 119
12122.866666666667 66
5093.233333333334 114
25768.3 71
21682.066666666666 64
3340.6 111
5110.333333333333 108
881.1666666666666 80
20237.433333333334 66
5638.6 93
6924.566666666667 96
28582.666666666668 60
12564.733333333334 96
24185.366666666665 97
17546.866666666665 72
8568.966666666667 103
28651.7 119
7793.3 107
22416.066666666666 70
6761.9 66
15665.466666666667 104
24532.366666666665 94
9290.466666666667 104
1652.3 109
7370.533333333333 80
2974.5666666666666 96
8972.133333333333 74
21026.4 93
12532.6 88
14142.1 78
2061.0 119
8058.5 66
15699.066666666666 101
2189.9 75
14110.033333333333 60
11482.033333333333 67
17181.966666666667 102
24765.833333333332 63
27603.533333333333 105
27904.0 99
5641.733333333334 86
26579.166666666668 99
5020.1 112
15333.366666666667 94
1004.1333333333333 112
24252.233333333334 72
2824.3333333333335 111
16066.766666666666 67
18899.966666666667 92
24048.3 85
5340.1 91
9446.8 85
26256.733333333334 78
24212.733333333334 115
7278.9 113
19620.733333333334 115
21934.833333333332 97
14927.8 110
11450.2 67
15193.433333333332 80
18511.166666666668 109
22018.666666666668 63
7713.5 62
5353.7 93
23925.966666666667 70
16921.366666666665 67
17209.733333333334 66
9951.9 119
9765.7 79
4048.4666666666667 97
11625.3 85
13334.266666666666 86
11162.4 106
22086.233333333334 118
3188.9333333333334 110
20558.233333333334 97
15247.1 61
14815.033333333333 110
11729.366666666667 85
4358.133333333333 68
12114.333333333334 103
27193.63333333333 104
27091.366666666665 88
15745.5 80
27379.833333333332 84
16810.3 64
1852.2 100
27202.933333333334 74
14462.333333333334 65
9529.366666666667 90
10001.5 73
13998.466666666667 85
11484.533333333333 93
27656.1 87
12408.533333333333 66
18473.233333333334 109
1834.5 76
4096.7 75
22796.833333333332 68
19779.1 84
4732.4 106
22103.9 86
13886.566666666666 106
19262.666666666668 70
10039.333333333334 79
28362.466666666667 65
11386.333333333334 99
25960.933333333334 78
5589.9 80
23899.533333333333 76
24316.966666666667 82
12795.033333333333 74
10434.1 82
14177.166666666666 117
6610.166666666667 83
3987.4333333333334 100
1423.6 115
25638.866666666665 74
21542.2 61
21147.9 80
1535.6 72
13490.4 113
27800.6 119
19414.2 108
3490.633333333333 101
26565.5 112
10800.3 100
20735.0 112
1615.1 110
8450.366666666667 65
13842.866666666667 110
20965.5 65
21738.3 81
26531.166666666668 116
18480.366666666665 119
13976.533333333333 86
10605.0 118
17942.166666666668 94
7166.4 60
28699.666666666668 105
765.3333333333334 98
25909.63333333333 118
26512.466666666667 101
5394.233333333334 108
24018.1 62
19412.266666666666 108
16934.466666666667 94
17948.966666666667 75
17270.933333333334 61
16137.133333333333 62
14571.166666666666 118
20090.333333333332 71
11636.1 93
21302.63333333333 80
26413.0 96
1809.3 118
613.7666666666667 99
972.0666666666666 108
1551.0 99
4291.033333333333 90
634.0 119
8589.366666666667 85
12048.433333333332 92
5613.166666666667 96
12752.7 64
2387.5666666666666 71
5745.133333333333 109
4304.633333333333 111
46.43333333333333 75
14381.833333333334 74
27031.233333333334 109
14042.066666666666 65
13394.866666666667 71
5927.966666666666 98
23083.5 97
13974.366666666667 66
7114.2 99
22129.266666666666 95
3992.0 96
22575.1 63
24350.466666666667 69
24456.366666666665 70
11075.066666666666 70
16249.166666666666 84
22615.066666666666 89
9399.3 104
21997.4 64
28300.899999999998 117
24897.2 75
6383.0 84
15867.466666666667 109
7686.433333333333 105
20024.366666666665 71
2315.1666666666665 66
16061.0 94
24299.366666666665 64
4789.866666666667 100
14946.633333333333 61
26140.966666666667 75
21630.466666666667 118
20256.966666666667 119
17934.2 93
12886.666666666666 63
23864.9 84
21176.1 115
10288.733333333334 65
18853.666666666668 94
3537.7666666666664 85
18212.033333333333 98
21703.3 74
19027.566666666666 65
27401.3 69
27389.533333333333 71
6482.266666666666 69
19973.3 108
19957.466666666667 76
18979.9 73
1329.8666666666666 109
13642.466666666667 85
27667.666666666668 70
20972.033333333333 119
13116.5 110
22517.933333333334 75
27414.033333333333 63
3770.9666666666667 91
10447.2 89
762.1333333333333 75
13474.1 63
15033.9 103
23842.066666666666 110
3240.5666666666666 74
1398.8666666666666 119
8211.8 89
19128.966666666667 74
9018.1 95
9554.433333333332 83
1351.1 85
21332.166666666668 114
24114.9 79
28342.0 70
19788.733333333334 74
9551.5 72
22364.13333333333 104
14071.966666666667 60
10549.033333333333 108
25618.033333333333 62
23897.833333333332 111
22976.13333333333 94
13239.133333333333 102
6759.266666666666 104
12500.4 96
4165.833333333333 98
27185.2 102
18729.9 91
28405.1 109
11939.4 67
13736.566666666666 76
3930.9 89
27435.733333333334 93
2763.6666666666665 63
14118.9 109
16079.3 77
4941.433333333333 62
14947.0 113
17329.9 112
6267.4 63
15566.933333333332 84
23710.9 95
14239.533333333333 111
12535.433333333332 116
15000.6 110
2508.5666666666666 110
3113.4666666666667 88
109.3 113
8384.033333333333 69
1106.5333333333333 75
25798.966666666667 117
9925.933333333332 70
15646.033333333333 85
25709.966666666667 77
2238.3333333333335 74
879.9333333333333 72
23390.533333333333 96
25303.866666666665 90
15797.266666666666 73
20363.033333333333 98
7529.266666666666 95
9164.533333333333 87
17951.9 64
781.5666666666666 115
1625.3333333333333 92
22323.666666666668 104
25575.433333333334 116
18883.13333333333 84
18908.733333333334 112
3444.7999999999997 68
14147.5 73
27513.166666666668 80
7861.166666666667 60
9919.133333333333 60
16861.566666666666 111
23982.13333333333 85
17270.1 80
2265.3333333333335 119
14791.166666666666 88
4624.833333333333 69
4675.566666666667 82
26483.866666666665 91
21344.333333333332 85
26036.466666666667 115
4204.866666666667 108
23554.13333333333 96
6668.333333333333 102
14396.3 113
4606.266666666666 106
3060.133333333333 77
2949.8333333333335 93
18582.033333333333 93
15410.833333333334 61
10608.4 90
10588.633333333333 71
5069.3 70
6413.7 108
2853.2 88
21464.3 105
17510.333333333332 69
25797.266666666666 109
4253.6 108
1881.3 105
1733.0666666666666 86
15986.333333333334 64
18333.1 116
16193.333333333334 102
2737.5333333333333 72
20884.666666666668 83
13690.933333333332 68
26889.433333333334 60
28423.533333333333 101
1179.5 108
4700.933333333333 98
26965.466666666667 63
27574.2 88
26107.233333333334 105
1933.0 63
21907.13333333333 63
8220.233333333334 94
23874.033333333333 93
1028.4333333333334 84
12255.833333333334 89
17482.9 68
23122.63333333333 105
24938.866666666665 64
14441.266666666666 105
10282.266666666666 63
20913.666666666668 108
15649.633333333333 117
19389.266666666666 110
12511.733333333334 109
26503.966666666667 65
16753.833333333332 60
3564.2666666666664 66
700.8333333333334 81
13385.266666666666 99
15212.033333333333 68
19313.733333333334 87
2758.0 89
7681.133333333333 115
11705.8 78
21666.8 99
23901.266666666666 91
22891.966666666667 67
27918.13333333333 107
20685.733333333334 114
18986.333333333332 83
21474.966666666667 77
9799.3 99
1926.7333333333333 105
3299.5 93
8308.866666666667 66
16090.666666666666 102
169.86666666666667 118
18912.566666666666 110
25520.166666666668 83
8948.166666666666 84
26462.833333333332 103
8209.233333333334 103
7060.933333333333 69
14792.133333333333 100
5728.233333333334 95
6210.966666666666 115
7056.599999999999 68
8061.766666666666 87
2472.9 116
5118.766666666666 109
13208.566666666666 84
28213.3 65
14791.566666666666 72
10771.1 67
670.0666666666666 73
25592.4 90
22334.333333333332 112
19906.233333333334 63
15570.5 104
19577.333333333332 93
12851.5 79
18346.1 88
13253.166666666666 68
18537.13333333333 91
12574.933333333332 110
7980.833333333333 98
2915.8 107
16395.166666666668 62
14268.933333333332 87
27272.7 105
27027.233333333334 95
8591.133333333333 96
27215.6 78
17446.366666666665 76
19656.366666666665 93
12638.966666666667 98
5609.066666666667 115
22660.13333333333 91
23730.7 118
15490.5 61
6864.2 96
828.1666666666666 114
8676.733333333334 98
182.56666666666666 111
23469.033333333333 115
21088.266666666666 73
17953.666666666668 99
12530.733333333334 81
20368.333333333332 118
9323.9 80
4157.433333333333 68
24295.033333333333 112
2782.6666666666665 72
4207.066666666667 100
11725.366666666667 101
9806.433333333332 60
6582.066666666667 92
19515.466666666667 65
17489.1 115
3816.6666666666665 71
6889.433333333333 73
14754.033333333333 95
24786.333333333332 98
5897.533333333333 67
20215.166666666668 74
11484.133333333333 72
15537.133333333333 89
18434.666666666668 73
2458.366666666667 94
3623.5 77
13010.0 86
10567.766666666666 118
11676.6 111
16264.866666666667 119
11809.3 81
17449.466666666667 77
7379.966666666666 73
7219.733333333334 118
26030.4 71
1273.8333333333333 71
19257.9 62
25595.433333333334 106
15143.633333333333 114
19383.3 77
16525.233333333334 72
14105.699999999999 113
18538.3 114
16696.2 108
13071.6 62
18398.866666666665 99
14927.933333333332 68
1026.3666666666666 109
23632.166666666668 75
21688.6 88
20880.2 96
8227.4 118
19826.63333333333 69
26494.63333333333 75
22595.6 71
1217.5333333333333 115
28356.63333333333 82
28405.833333333332 107
17814.566666666666 82
5211.4 81
11902.2 80
8668.133333333333 87
12878.733333333334 108
11966.533333333333 69
6856.9 101
2339.7 62
24720.833333333332 78
20101.9 91
28666.13333333333 108
23374.13333333333 105
26501.733333333334 92
26482.233333333334 89
2787.4666666666667 84
2466.4 80
25951.5 68
20909.2 117
19792.833333333332 80
25794.13333333333 110
14467.666666666666 77
25293.933333333334 98
7937.933333333333 111
15491.1 85
26430.833333333332 61
14917.033333333333 107
16910.966666666667 65
15236.699999999999 77
25898.6 84
4079.633333333333 86
26381.033333333333 60
24277.333333333332 89
23579.566666666666 117
19161.966666666667 119
7819.833333333333 79
2512.5 101
10807.3 104
15995.133333333333 64
14271.199999999999 95
2695.2666666666664 66
3346.633333333333 81
5717.3 72
23617.166666666668 105
3268.2 60
6801.966666666666 91
17426.866666666665 77
7951.9 96
18480.63333333333 72
22725.566666666666 77
25744.233333333334 94
15451.666666666666 63
2492.8333333333335 84
6353.966666666666 105
709.5666666666666 113
5413.433333333333 111
5715.166666666667 109
8376.933333333332 73
21201.066666666666 110
2507.8 66
15358.3 62
23423.8 79
8872.933333333332 109
9928.5 80
21803.033333333333 82
4070.5333333333333 109
11027.3 90
15412.233333333334 82
14527.699999999999 83
2945.866666666667 95
13960.866666666667 106
15534.933333333332 97
2397.9333333333334 68
26266.233333333334 111
20858.966666666667 95
1003.3 95
12835.2 92
24872.833333333332 84
589.1333333333333 63
26523.266666666666 81
21092.333333333332 97
9951.933333333332 111
7847.733333333334 96
8746.966666666667 72
23038.6 91
9248.566666666666 65
23306.766666666666 82
20301.9 113
28290.3 76
14252.233333333334 71
17994.5 113
17871.8 114
27695.13333333333 65
23567.466666666667 88
25408.733333333334 103
20951.066666666666 72
26152.933333333334 107
11008.5 74
13557.6 95
14353.1 98
3226.0666666666666 69
20949.433333333334 105
3406.7 99
5479.566666666667 97
17522.833333333332 86
27093.566666666666 99
20739.533333333333 88
22318.6 118
4406.066666666667 71
16046.8 96
10696.766666666666 90
25072.4 93
17169.6 107
12906.1 119
4261.5 107
12913.1 115
28477.666666666668 112
19840.0 110
16903.533333333333 79
2037.1 84
1661.5666666666666 105
11034.4 77
14082.566666666666 67
13755.0 80
25275.766666666666 95
5103.533333333333 119
27456.033333333333 71
1467.5 86
24511.866666666665 72
25212.6 90
5929.966666666666 71
17783.166666666668 66
6456.066666666667 61
979.4666666666667 66
27277.033333333333 72
21073.533333333333 67
23094.366666666665 116
5189.966666666666 117
1395.6333333333332 72
26511.833333333332 111
7185.433333333333 60
15348.199999999999 87
961.1666666666666 107
9213.533333333333 101
12869.0 83
19290.13333333333 93
14389.666666666666 91
23442.9 115
2820.7 83
12249.7 83
14721.833333333334 101
23339.0 98
20359.533333333333 61
11400.533333333333 74
4617.3 89
8425.466666666667 73
17454.233333333334 80
236.66666666666666 116
24835.3 116
24893.233333333334 81
19126.566666666666 67
3200.5 84
922.5333333333333 66
25623.033333333333 88
26296.13333333333 86
12600.433333333332 93
16098.733333333334 98
22885.166666666668 64
5066.6 76
9038.066666666666 88
27376.63333333333 99
14522.8 82
8256.3 115
21772.0 71
12326.1 104
5990.333333333333 96
23459.033333333333 113
23077.9 93
12191.6 67
25813.13333333333 79
27037.466666666667 116
5473.0 94
24343.566666666666 86
15935.533333333333 81
4357.833333333333 100
3788.0 101
5000.766666666666 95
21513.233333333334 100
3637.0 99
13242.4 103
39.6 73
28759.666666666668 75
23984.333333333332 113
5479.5 98
22735.733333333334 74
16782.366666666665 85
678.1666666666666 94
17956.8 69
6152.8 96
21838.566666666666 90
3208.366666666667 88
20291.266666666666 96
1564.2666666666667 87
6534.7 88
20538.0 63
28068.366666666665 65
28302.5 112
24375.933333333334 79
736.8 115
6222.766666666666 68
12614.033333333333 104
10521.1 77
15844.3 77
9855.5 114
19906.4 69
11483.8 73
28179.8 73
20120.933333333334 98
24916.233333333334 113
8550.0 108
27547.466666666667 110
9864.033333333333 90
12556.466666666667 91
4647.8 114
18037.733333333334 97
24703.3 103
12498.466666666667 114
27723.966666666667 64
26032.233333333334 107
19410.1 113
22456.266666666666 104
1995.9666666666667 81
28638.766666666666 113
21992.833333333332 76
25010.433333333334 60
28025.13333333333 117
16581.733333333334 105
12933.266666666666 80
23965.933333333334 85
12983.7 119
17958.466666666667 117
2011.9333333333334 118
16004.6 90
9701.733333333334 118
6715.733333333334 103
26044.2 107
26058.066666666666 103
5064.533333333333 90
19081.0 116
628.5333333333333 109
20099.033333333333 70
12362.2 85
18188.6 110
25380.2 119
1827.5 119
19205.0 81
2117.0666666666666 82
1438.9 61
7470.966666666666 96
12210.733333333334 61
23325.766666666666 100
16030.199999999999 99
10743.066666666666 71
7345.333333333333 64
597.6 86
14088.333333333334 103
19893.733333333334 60
589.4333333333333 77
4795.133333333333 81
1709.3999999999999 75
23380.766666666666 88
6733.8 98
100.86666666666666 107
17221.933333333334 117
7675.0 119
2417.1 110
23698.566666666666 98
23744.366666666665 72
18494.333333333332 62
19688.2 92
20062.9 71
516.2666666666667 105
17339.5 93
16199.433333333332 68
6271.633333333333 65
12492.8 96
15258.8 95
16356.333333333334 117
14932.966666666667 105
10209.166666666666 75
28379.866666666665 60
16544.433333333334 103
3151.6 74
19670.6 106
15775.1 65
6390.866666666667 100
19474.63333333333 98
17251.066666666666 101
23496.566666666666 61
5307.166666666667 100
1364.8333333333333 82
4557.3 63
26184.433333333334 88
22304.766666666666 69
22261.5 79
10529.9 119
28601.666666666668 110
15129.933333333332 88
12304.366666666667 81
5997.266666666666 71
51.233333333333334 74
9579.933333333332 98
10681.266666666666 98
12683.666666666666 103
20716.766666666666 81
21373.533333333333 96
21401.7 67
6745.099999999999 86
1581.7333333333333 104
2863.0333333333333 96
2295.233333333333 101
24704.866666666665 98
11797.0 87
11586.433333333332 117
12286.0 100
21286.9 86
5332.7 118
27511.833333333332 68
25672.13333333333 86
16085.699999999999 83
2564.3 75
22899.7 79
1699.3666666666666 77
5589.8 63
12580.866666666667 63
28096.266666666666 97
21744.433333333334 69
28052.399999999998 70
8323.366666666667 115
23804.8 95
22366.933333333334 84
28792.666666666668 75
20877.13333333333 101
12126.733333333334 66
5212.7 79
3054.3333333333335 95
10713.633333333333 78
7120.266666666666 109
5618.166666666667 82
2236.9666666666667 95
999.4666666666667 88
5450.866666666667 63
4329.4 79
18738.13333333333 91
16970.933333333334 68
19333.4 92
18571.8 80
21535.733333333334 61
19192.966666666667 109
8374.2 82
4185.633333333333 98
4927.366666666667 100
6144.966666666666 75
4582.033333333333 86
9997.5 80
8837.133333333333 97
19701.766666666666 94
17118.6 90
15365.766666666666 118
22383.566666666666 79
15219.233333333334 80
6502.866666666667 70
23501.266666666666 84
28097.666666666668 77
14670.633333333333 95
6956.933333333333 110
6879.5 72
26846.866666666665 119
7127.133333333333 109
27478.933333333334 102
15179.433333333332 67
7190.033333333333 113
12902.666666666666 112
18472.3 62
25841.13333333333 68
22499.066666666666 99
9041.4 62
12521.366666666667 115
21348.733333333334 117
13613.6 105
16247.566666666666 82
23055.63333333333 92
5672.533333333333 99
10946.966666666667 83
25270.13333333333 88
18226.333333333332 118
6812.466666666666 96
15419.8 92
20202.8 73
21400.466666666667 60
19594.13333333333 96
27617.899999999998 105
17101.433333333334 88
961.4 60
28529.3 92
6562.933333333333 64
14961.699999999999 65
14346.8 102
4032.5333333333333 68
17828.266666666666 86
10020.1 109
5229.466666666666 72
1263.6 118
24408.666666666668 85
14784.6 73
1176.0333333333333 81
8113.133333333333 77
15015.966666666667 101
887.4 60
2100.9666666666667 72
13176.466666666667 89
3000.633333333333 82
19196.2 88
13917.166666666666 77
1493.5666666666666 111
28172.166666666668 86
26998.2 65
24942.9 80
18459.7 116
18420.166666666668 79
25933.8 71
27701.866666666665 78
25100.6 76
7844.666666666667 96
2924.3 105
28205.5 104
13898.166666666666 104
11310.0 67
26966.933333333334 70
24069.233333333334 80
22067.733333333334 84
14155.433333333332 85
22969.333333333332 113
26754.8 66
2969.366666666667 104
7088.233333333334 117
14241.733333333334 84
21293.4 105
24613.733333333334 116
26657.13333333333 103
22010.1 111
9593.066666666666 96
3914.0666666666666 75
11365.733333333334 79
20702.566666666666 74
25446.533333333333 95
24126.366666666665 69
26103.7 107
6718.166666666667 112
10504.966666666667 66
5383.4 82
11951.8 75
27897.233333333334 111
4138.0 100
19603.566666666666 111
5966.4 113
4527.233333333334 114
22740.2 63
25647.733333333334 102
23443.233333333334 111
21467.7 112
8683.066666666666 104
25855.466666666667 82
24775.433333333334 109
16074.9 98
11528.2 85
25998.9 93
5721.666666666667 98
17282.13333333333 110
7413.766666666666 74
19233.4 108
28688.5 113
449.56666666666666 114
19450.466666666667 70
8829.266666666666 74
26165.13333333333 103
8635.466666666667 119
6321.7 62
17431.8 72
10203.3 74
249.26666666666665 68
7069.933333333333 71
8154.8 105
17613.533333333333 62
10866.133333333333 69
4193.2 60
5188.066666666667 82
28264.233333333334 92
25268.933333333334 62
10662.7 108
27384.0 116
22612.0 72
6572.466666666666 68
23049.933333333334 95
1846.6 88
22641.9 61
17763.7 117
20402.833333333332 110
15443.666666666666 61
14190.933333333332 74
27589.5 68
20859.13333333333 90
17275.9 117
11307.833333333334 103
2362.0333333333333 74
17925.066666666666 78
22979.1 62
200.66666666666666 84
27487.833333333332 68
13879.333333333334 82
511.09999999999997 66
4276.3 67
21019.833333333332 82
6557.066666666667 88
6735.366666666667 93
3419.233333333333 70
23002.1 88
9362.333333333334 61
14876.4 94
9877.1 70
26111.233333333334 71
3439.8333333333335 62
23702.1 67
3210.0333333333333 88
7998.099999999999 75
28278.166666666668 73
22065.066666666666 85
16141.0 109
26824.5 66
104.26666666666667 98
10168.333333333334 78
21941.966666666667 78
5958.0 91
26540.433333333334 62
16301.733333333334 83
24511.233333333334 119
10785.6 85
9741.066666666666 75
9906.533333333333 74
17458.13333333333 108
21644.6 76
999.7333333333333 105
8950.333333333334 60
6167.866666666667 78
3860.0666666666666 88
13419.9 119
11420.233333333334 87
7629.766666666666 71
13351.466666666667 78
18252.333333333332 102
562.1333333333333 114
17769.466666666667 88
14817.433333333332 68
5345.866666666667 63
18315.266666666666 74
686.2333333333333 100
21743.9 92
20745.733333333334 117
19961.966666666667 95
23560.433333333334 95
22010.666666666668 95
1360.8333333333333 117
3284.6666666666665 99
1007.4666666666667 71
6241.2 95
17758.033333333333 77
1626.4 64
2621.6666666666665 118
13519.766666666666 101
5684.3 71
1617.6333333333332 118
13685.733333333334 104
10963.9 90
24843.9 90
14963.833333333334 92
16558.1 79
24275.13333333333 80
6986.366666666667 112
28192.3 76
10787.633333333333 112
23516.0 103
21923.63333333333 108
19682.833333333332 115
16799.666666666668 85
4167.0 119
26467.966666666667 69
25904.333333333332 73
22619.8 109
557.4 71
8463.6 96
11182.433333333332 109
2387.9666666666667 106
3416.6 66
24341.666666666668 71
11682.4 88
6490.366666666667 118
22490.433333333334 113
4224.3 117
15951.133333333333 102
25609.266666666666 85
28531.666666666668 81
9290.233333333334 80
19392.266666666666 81
25897.466666666667 77
3708.8333333333335 78
28578.6 63
17014.13333333333 66
19997.4 109
27306.333333333332 116
1846.8 89
3450.233333333333 72
5219.3 75
13534.633333333333 76
5198.666666666667 75
23994.266666666666 113
23985.8 68
12541.933333333332 80
27957.466666666667 73
1497.9666666666667 104
8998.6 106
3640.7 102
13783.1 109
19122.933333333334 105
13635.9 84
22581.7 84
7519.8 80
8861.1 75
21240.333333333332 77
22948.733333333334 96
15024.833333333334 65
26796.266666666666 118
22253.966666666667 74
2016.3666666666666 60
2995.5333333333333 98
5287.233333333334 102
14624.1 65
1771.8333333333333 60
17366.3 92
3356.0333333333333 72
27595.533333333333 93
6704.8 105
25652.533333333333 75
17658.833333333332 75
8101.966666666666 117
13813.533333333333 96
24715.8 114
5081.5 109
15163.866666666667 79
26425.066666666666 61
1548.4666666666667 78
13000.166666666666 114
9736.866666666667 61
17325.666666666668 79
27546.399999999998 100
3048.8333333333335 94
13895.366666666667 69
7408.599999999999 108
12090.733333333334 69
21530.5 90
27950.333333333332 84
16971.766666666666 97
27024.766666666666 67
10996.033333333333 62
11518.433333333332 72
14789.433333333332 118
17398.8 116
26507.399999999998 69
2327.8 80
8904.866666666667 114
4390.366666666667 66
19383.0 88
12008.9 77
15257.233333333334 103
9219.666666666666 66
9147.066666666666 93
1691.3999999999999 107
13277.666666666666 68
23437.566666666666 62
3417.4 99
1940.8999999999999 110
9961.266666666666 103
18565.066666666666 78
21746.733333333334 106
15535.033333333333 80
405.6333333333333 86
4819.166666666667 102
18264.6 66
18723.5 68
18154.6 116
28248.13333333333 94
28396.733333333334 117
1311.4 117
2226.866666666667 92
18907.766666666666 65
3421.7 71
2466.5666666666666 92
19662.9 86
16962.3 88
17938.733333333334 116
10122.633333333333 73
13481.833333333334 69
17296.566666666666 63
15489.166666666666 84
4496.933333333333 61
21771.433333333334 99
5801.433333333333 66
13680.699999999999 101
24679.0 90
22439.166666666668 64
13968.766666666666 89
19097.566666666666 117
10894.4 65
22576.933333333334 88
8102.766666666666 94
28662.13333333333 61
3265.6 101
7125.233333333334 71
2654.2666666666664 113
18898.766666666666 91
14407.333333333334 86
19111.5 117
4490.133333333333 77
2448.733333333333 97
14954.966666666667 64
23685.466666666667 109
16927.066666666666 63
24508.066666666666 83
27364.233333333334 74
6221.466666666666 93
23141.7 89
8042.666666666667 66
20694.0 75
2914.7666666666664 85
3861.633333333333 78
21096.733333333334 112
23986.033333333333 96
11799.833333333334 100
63.833333333333336 82
1801.5666666666666 105
19799.5 60
2382.5333333333333 105
25855.6 76
7226.233333333334 71
23199.6 103
9615.3 83
12278.2 77
4675.666666666667 109
3679.733333333333 89
19150.0 74
16185.466666666667 75
9049.433333333332 66
2893.133333333333 90
10353.733333333334 109
2224.2666666666664 98
22225.6 104
40.63333333333333 84
14323.199999999999 81
22347.4 86
8380.533333333333 112
8861.533333333333 80
14417.866666666667 95
5750.866666666667 100
22543.866666666665 92
22232.63333333333 119
7466.2 68
23742.63333333333 76
27814.7 86
23211.7 107
25730.733333333334 99
23195.866666666665 118
9366.133333333333 68
23489.3 80
11694.833333333334 85
7234.2 73
14200.033333333333 65
26044.6 102
27610.233333333334 83
6752.233333333334 110
18744.6 108
23764.333333333332 61
3696.1666666666665 71
22158.433333333334 63
10768.166666666666 87
15764.366666666667 107
20854.766666666666 85
7189.2 76
13896.433333333332 114
10521.933333333332 107
10182.266666666666 70
22270.7 103
9261.933333333332 96
19446.733333333334 87
23218.2 83
2407.6666666666665 108
317.73333333333335 116
17724.466666666667 61
3875.0666666666666 81
18607.533333333333 109
18616.366666666665 87
12110.733333333334 63
21245.1 95
363.0 110
12311.3 99
6709.066666666667 118
14356.333333333334 73
8805.633333333333 99
14105.133333333333 77
14703.199999999999 89
17712.8 108
12021.333333333334 61
16782.5 68
1618.4 87
15687.199999999999 74
4302.566666666667 97
26359.8 79
25448.766666666666 95
28281.5 69
28782.233333333334 96
22550.5 95
25629.333333333332 107
10381.933333333332 115
9635.133333333333 91
15111.733333333334 75
27745.033333333333 100
26369.766666666666 101
9318.733333333334 104
28696.13333333333 105
13733.9 66
27682.833333333332 110
27462.8 114
26832.0 108
7903.099999999999 69
12821.4 104
4590.233333333334 111
18475.233333333334 90
8193.9 82
22907.5 64
12905.633333333333 112
8476.4 106
17522.433333333334 66
23065.4 81
18867.533333333333 116
23400.966666666667 95
2554.8 70
1750.6333333333332 108
12058.966666666667 69
10478.7 93
8424.566666666666 83
10773.2 69
14183.866666666667 109
24862.566666666666 86
25874.166666666668 102
5419.3 106
27934.066666666666 89
276.6333333333333 103
7490.599999999999 63
26416.7 104
5133.1 82
2665.733333333333 60
25734.366666666665 68
22005.266666666666 101
22947.833333333332 95
26855.066666666666 95
22644.7 77
26469.733333333334 101
6821.3 103
14223.5 85
5464.6 101
10306.966666666667 114
9844.8 66
1485.6 105
6181.133333333333 88
2786.6 63
1537.6666666666667 69
8110.033333333333 79
10881.866666666667 91
19483.333333333332 68
16843.066666666666 63
11604.866666666667 77
3455.7 103
16022.8 69
3747.6 117
27452.533333333333 116
4667.066666666667 60
2308.733333333333 92
15822.8 103
24006.966666666667 86
27161.266666666666 98
5817.133333333333 94
16008.6 83
12753.133333333333 103
17932.166666666668 62
11366.933333333332 106
22177.733333333334 113
3822.9333333333334 84
28568.333333333332 96
21819.9 72
9214.566666666666 71
19217.333333333332 69
3960.733333333333 98
13734.866666666667 93
20378.0 105
22905.466666666667 96
17494.833333333332 85
25343.233333333334 114
21103.333333333332 61
24181.63333333333 60
22896.4 110
5884.866666666667 111
13924.966666666667 85
18493.466666666667 66
13662.133333333333 103
14927.666666666666 105
6520.233333333334 109
24457.666666666668 106
27901.2 81
3337.2666666666664 115
28129.13333333333 63
15200.699999999999 88
12552.666666666666 100
12441.066666666666 94
15273.566666666666 94
16620.5 102
14038.733333333334 118
27114.933333333334 98
28670.333333333332 96
16280.833333333334 93
17344.5 72
23970.666666666668 79
15885.1 93
9027.133333333333 97
11537.933333333332 113
2776.5333333333333 117
15552.699999999999 107
14510.166666666666 116
11606.5 92
16025.333333333334 65
9430.3 116
23543.6 93
27768.466666666667 91
22589.966666666667 105
28713.7 98
17038.366666666665 107
11777.566666666666 107
28365.399999999998 91
1213.7666666666667 100
10689.433333333332 67
3535.6 95
15059.866666666667 76
9663.366666666667 87
3077.4333333333334 92
17824.733333333334 102
2961.4 113
8217.233333333334 114
26879.899999999998 111
13653.6 115
9694.9 83
18065.0 91
21854.13333333333 109
7228.866666666667 87
14635.699999999999 119
19179.266666666666 78
25982.9 116
17694.0 104
28174.5 61
10791.166666666666 69
24087.0 81
25528.5 99
24139.733333333334 108
3251.733333333333 70
25082.5 112
26101.366666666665 111
21220.733333333334 109
20563.2 109
775.8666666666667 73
10672.433333333332 93
3569.0666666666666 75
14057.466666666667 103
3359.233333333333 116
9835.166666666666 106
27983.666666666668 118
11387.166666666666 79
27596.2 66
25930.7 67
13573.3 100
18839.533333333333 112
280.5 119
5406.566666666667 86
7197.733333333334 78
15925.833333333334 109
5867.766666666666 70
27856.399999999998 70
14706.433333333332 64
13423.3 72
19411.433333333334 69
6982.7 95
18598.7 112
20554.1 98
25191.2 105
14752.3 93
25614.833333333332 115
21737.933333333334 115
19351.733333333334 92
4034.633333333333 93
14934.5 65
11953.666666666666 104
18893.833333333332 73
6148.033333333333 63
20142.7 80
759.9666666666667 87
370.43333333333334 83
21334.833333333332 62
12849.0 109
16550.866666666665 89
9123.5 82
5092.166666666667 114
2642.366666666667 78
5247.333333333333 96
22483.0 73
2546.1666666666665 113
3321.7666666666664 118
8578.4 107
23956.2 115
12878.2 76
8653.633333333333 100
4529.533333333333 81
28709.666666666668 95
8901.6 73
26300.6 117
6810.466666666666 81
20334.666666666668 92
10209.833333333334 77
18829.666666666668 61
7644.733333333334 107
23726.1 83
23085.4 66
21269.63333333333 96
11388.6 84
15065.1 105
18744.566666666666 103
2304.8333333333335 61
23069.566666666666 105
27401.833333333332 94
24107.9 62
26144.733333333334 65
24593.5 93
10182.4 63
28366.1 87
22845.13333333333 67
10658.866666666667 68
20228.6 90
15544.9 65
7936.599999999999 107
5812.066666666667 74
15183.9 105
26884.866666666665 87
17190.6 83
18380.533333333333 73
5289.866666666667 103
3287.5333333333333 84
28633.666666666668 95
1791.0333333333333 118
7183.033333333333 112
9791.466666666667 91
8598.333333333334 98
7807.9 82
9829.7 79
7985.599999999999 94
13502.733333333334 82
21569.666666666668 91
26608.933333333334 110
10158.8 91
11242.666666666666 68
22172.933333333334 63
4147.266666666666 111
16699.866666666665 62
21248.666666666668 119
4552.533333333333 60
23571.866666666665 108
13526.033333333333 71
13501.1 89
1831.0 110
14225.366666666667 89
20341.733333333334 81
8449.433333333332 116
14080.633333333333 108
9273.766666666666 84
23980.3 81
7869.533333333333 65
21820.1 89
4861.333333333333 72
23575.433333333334 107
5981.933333333333 87
20838.566666666666 101
15812.733333333334 110
22847.0 82
