6715.966666666666 64
26117.533333333333 106
27331.7 85
28449.066666666666 107
10270.366666666667 89
2890.233333333333 111
19703.4 106
24960.466666666667 76
20029.6 95
27965.233333333334 86
7734.366666666667 111
12776.033333333333 97
12456.533333333333 84
9610.3 71
26275.466666666667 80
19202.2 113
8460.2 68
7773.366666666667 116
11256.033333333333 100
17524.4 85
5556.2 67
25773.333333333332 79
12325.733333333334 98
18914.5 77
17213.033333333333 87
26363.63333333333 107
19921.466666666667 117
24122.766666666666 89
28735.13333333333 100
17550.8 69
26046.8 117
6433.333333333333 113
19806.833333333332 76
17734.1 107
24062.733333333334 61
28394.566666666666 68
15672.5 106
9076.5 80
22987.1 71
22628.13333333333 72
9689.4 89
28145.166666666668 61
22560.3 78
23947.966666666667 90
20195.4 110
16056.1 116
14105.3 97
6467.7 103
17913.0 100
15684.733333333334 83
10036.833333333334 69
13557.233333333334 62
17481.933333333334 93
1670.5666666666666 112
21711.566666666666 63
25349.933333333334 71
11275.733333333334 88
24298.933333333334 99
6657.533333333333 79
12454.233333333334 75
15681.666666666666 119
8689.233333333334 78
6678.133333333333 101
25078.2 76
18585.3 84
15283.066666666666 83
17015.7 101
26729.1 63
3697.9 98
3685.5 114
13431.233333333334 108
11939.666666666666 60
20406.7 91
19067.666666666668 115
27872.1 91
16819.5 70
21333.966666666667 114
9310.366666666667 104
9064.433333333332 90
26516.3 92
2256.0666666666666 86
6841.233333333334 62
12429.8 80
3659.2 110
27095.033333333333 103
16205.9 66
20126.63333333333 88
21664.666666666668 106
8802.466666666667 91
23548.266666666666 89
4981.933333333333 72
14506.199999999999 86
7056.099999999999 95
22915.666666666668 75
3530.133333333333 110
4512.833333333333 82
27334.066666666666 95
22309.033333333333 61
22787.2 91
21964.6 89
9467.966666666667 109
7829.4 83
25697.0 76
21689.333333333332 87
18873.9 67
21883.933333333334 69
21041.666666666668 60
28473.666666666668 78
28431.933333333334 114
12947.133333333333 73
17006.8 77
19805.0 74
16488.366666666665 66
13197.199999999999 69
9194.766666666666 94
5350.866666666667 106
3533.0333333333333 117
21399.1 62
23804.066666666666 80
7646.8 115
7994.133333333333 88
14175.533333333333 98
12798.233333333334 105
10291.166666666666 77
20186.066666666666 70
36.6 67
26597.266666666666 112
11076.166666666666 79
2729.5333333333333 74
2066.6 71
9090.933333333332 75
6578.766666666666 93
14772.333333333334 77
2939.9666666666667 89
28618.466666666667 92
6704.866666666667 79
21008.666666666668 112
25806.933333333334 69
25467.9 80
13102.9 72
27390.166666666668 84
5372.0 71
26984.166666666668 79
12630.633333333333 112
28164.766666666666 90
1179.8 116
26842.7 113
16423.066666666666 87
13530.766666666666 113
15377.266666666666 75
15501.933333333332 77
4458.566666666667 113
9811.066666666666 83
9384.1 98
1856.1666666666667 72
28197.366666666665 70
2119.4333333333334 61
16434.266666666666 112
17303.066666666666 95
1809.9333333333334 96
25983.266666666666 107
28566.6 77
2341.7666666666664 77
11204.733333333334 77
20334.0 110
11391.466666666667 103
20029.666666666668 67
2068.4666666666667 101
423.8333333333333 91
1507.0333333333333 116
27089.433333333334 118
24424.733333333334 112
21022.966666666667 102
27678.6 88
20740.3 80
28618.066666666666 109
4074.6 102
11158.166666666666 69
27794.566666666666 80
26504.1 77
11504.033333333333 110
25826.733333333334 111
26336.63333333333 62
17853.866666666665 119
23108.366666666665 90
25222.766666666666 112
25273.766666666666 66
11888.566666666666 101
17122.866666666665 105
26999.266666666666 110
9286.066666666666 91
355.0 66
16917.266666666666 70
27478.399999999998 68
14212.1 93
21547.8 119
26326.366666666665 82
14883.333333333334 109
22829.566666666666 109
20128.766666666666 71
6293.166666666667 68
8319.266666666666 98
3580.7 76
4109.866666666667 75
12887.533333333333 84
7621.466666666666 85
7399.133333333333 111
15378.566666666666 78
23085.63333333333 72
17113.13333333333 80
13819.0 83
22057.533333333333 69
24670.166666666668 77
22001.5 84
14946.333333333334 74
19964.233333333334 96
26678.366666666665 85
17692.966666666667 111
8023.333333333333 101
18063.266666666666 72
8488.833333333334 99
19758.266666666666 98
3972.5333333333333 87
7167.233333333334 104
2205.9333333333334 96
24294.533333333333 115
12699.366666666667 60
9704.966666666667 106
8538.033333333333 97
27872.2 85
22599.066666666666 109
16597.13333333333 104
10233.866666666667 96
23581.8 83
2214.866666666667 72
19004.666666666668 90
6165.033333333333 107
23836.833333333332 72
4183.966666666666 61
9243.0 116
9953.433333333332 79
20666.333333333332 69
6842.233333333334 62
25544.766666666666 60
20382.533333333333 103
20465.13333333333 115
23851.833333333332 112
6133.466666666666 68
14394.366666666667 88
26529.166666666668 67
1073.5666666666666 72
20447.566666666666 71
21770.066666666666 80
27545.366666666665 76
26040.6 111
2644.633333333333 76
7646.066666666667 105
10673.233333333334 84
27325.1 93
16189.3 73
11454.266666666666 119
14539.833333333334 95
2383.6 91
7230.133333333333 63
1257.6 103
16894.166666666668 80
10396.6 64
23962.833333333332 60
25112.066666666666 112
24883.566666666666 117
10936.833333333334 99
19904.1 67
14156.4 101
25366.466666666667 84
19544.533333333333 71
9470.666666666666 61
4477.166666666667 119
1360.0333333333333 107
14673.4 104
9653.033333333333 89
12039.066666666666 70
4885.533333333333 81
10363.6 84
22252.833333333332 103
16307.833333333334 60
5147.166666666667 117
20583.63333333333 69
11304.566666666666 66
4799.3 77
13129.033333333333 95
15387.733333333334 64
11220.866666666667 100
14506.8 111
5531.4 98
5067.133333333333 117
554.9666666666667 114
10044.333333333334 99
1795.2333333333333 105
11444.066666666666 84
18475.566666666666 64
2990.0333333333333 85
5823.266666666666 61
24255.333333333332 107
21773.4 117
409.0 64
28105.866666666665 92
13513.066666666666 71
17820.4 85
3076.0333333333333 107
13071.533333333333 85
8780.966666666667 76
5164.9 76
14017.033333333333 60
5142.966666666666 73
11950.8 97
3552.7666666666664 69
13415.3 84
26293.966666666667 82
6601.466666666666 114
16357.4 83
25654.933333333334 97
13352.9 82
14213.699999999999 79
16626.9 63
2240.5666666666666 60
6805.166666666667 103
6526.633333333333 115
19465.166666666668 115
540.2 115
15473.266666666666 114
12122.866666666667 95
5093.233333333334 67
25768.3 74
21682.066666666666 62
3340.6 75
5110.333333333333 115
881.1666666666666 106
20237.433333333334 110
5638.6 65
6924.566666666667 116
28582.666666666668 90
12564.733333333334 86
24185.366666666665 79
17546.866666666665 108
8568.966666666667 70
28651.7 63
7793.3 86
22416.066666666666 110
6761.9 109
15665.466666666667 85
24532.366666666665 94
9290.466666666667 62
1652.3 115
7370.533333333333 78
2974.5666666666666 80
8972.133333333333 87
21026.4 87
12532.6 96
14142.1 91
2061.0 71
8058.5 114
15699.066666666666 67
2189.9 117
14110.033333333333 76
11482.033333333333 65
17181.966666666667 102
24765.833333333332 81
27603.533333333333 62
27904.0 84
5641.733333333334 107
26579.166666666668 73
5020.1 90
15333.366666666667 89
1004.1333333333333 70
24252.233333333334 100
2824.3333333333335 78
16066.766666666666 118
18899.966666666667 92
24048.3 69
5340.1 77
9446.8 98
26256.733333333334 80
24212.733333333334 111
7278.9 95
19620.733333333334 91
21934.833333333332 67
14927.8 79
11450.2 110
15193.433333333332 103
18511.166666666668 105
22018.666666666668 68
7713.5 99
5353.7 97
23925.966666666667 88
16921.366666666665 92
17209.733333333334 74
9951.9 87
9765.7 77
4048.4666666666667 80
11625.3 91
13334.266666666666 98
11162.4 96
22086.233333333334 104
3188.9333333333334 116
20558.233333333334 86
15247.1 88
14815.033333333333 84
11729.366666666667 87
4358.133333333333 109
12114.333333333334 118
27193.63333333333 91
27091.366666666665 99
15745.5 98
27379.833333333332 73
16810.3 79
1852.2 83
27202.933333333334 75
14462.333333333334 64
9529.366666666667 111
10001.5 117
13998.466666666667 106
11484.533333333333 77
27656.1 112
12408.533333333333 118
18473.233333333334 60
1834.5 85
4096.7 89
22796.833333333332 81
19779.1 101
4732.4 88
22103.9 62
13886.566666666666 102
19262.666666666668 89
10039.333333333334 72
28362.466666666667 83
11386.333333333334 76
25960.933333333334 92
5589.9 70
23899.533333333333 88
24316.966666666667 77
12795.033333333333 86
10434.1 94
14177.166666666666 110
6610.166666666667 103
3987.4333333333334 66
1423.6 63
25638.866666666665 94
21542.2 64
21147.9 86
1535.6 93
13490.4 100
27800.6 107
19414.2 62
3490.633333333333 74
26565.5 96
10800.3 98
20735.0 65
1615.1 80
8450.366666666667 111
13842.866666666667 111
20965.5 109
21738.3 70
26531.166666666668 85
18480.366666666665 83
13976.533333333333 63
10605.0 84
17942.166666666668 105
7166.4 61
28699.666666666668 78
765.3333333333334 96
25909.63333333333 70
26512.466666666667 116
5394.233333333334 87
24018.1 112
19412.266666666666 85
16934.466666666667 108
17948.966666666667 108
17270.933333333334 63
16137.133333333333 96
14571.166666666666 94
20090.333333333332 86
11636.1 68
21302.63333333333 80
26413.0 76
1809.3 79
613.7666666666667 89
972.0666666666666 112
1551.0 68
4291.033333333333 118
634.0 94
8589.366666666667 104
12048.433333333332 83
5613.166666666667 112
12752.7 113
2387.5666666666666 66
5745.133333333333 88
4304.633333333333 95
46.43333333333333 91
14381.833333333334 66
27031.233333333334 60
14042.066666666666 113
13394.866666666667 100
5927.966666666666 115
23083.5 107
13974.366666666667 78
7114.2 111
22129.266666666666 66
3992.0 73
22575.1 110
24350.466666666667 72
24456.366666666665 105
11075.066666666666 85
16249.166666666666 106
22615.066666666666 65
9399.3 65
21997.4 67
28300.899999999998 109
24897.2 99
6383.0 61
15867.466666666667 83
7686.433333333333 108
20024.366666666665 66
2315.1666666666665 102
16061.0 66
24299.366666666665 71
4789.866666666667 74
14946.633333333333 63
26140.966666666667 96
21630.466666666667 96
20256.966666666667 89
17934.2 107
12886.666666666666 81
23864.9 80
21176.1 116
10288.733333333334 106
18853.666666666668 112
3537.7666666666664 105
18212.033333333333 88
21703.3 113
19027.566666666666 98
27401.3 70
27389.533333333333 85
6482.266666666666 85
19973.3 62
19957.466666666667 62
18979.9 101
1329.8666666666666 80
13642.466666666667 109
27667.666666666668 111
20972.033333333333 111
13116.5 77
22517.933333333334 94
27414.033333333333 66
3770.9666666666667 96
10447.2 101
762.1333333333333 62
13474.1 71
15033.9 107
23842.066666666666 119
3240.5666666666666 101
1398.8666666666666 103
8211.8 104
19128.966666666667 69
9018.1 79
9554.433333333332 67
1351.1 80
21332.166666666668 103
24114.9 98
28342.0 69
19788.733333333334 119
9551.5 70
22364.13333333333 83
14071.966666666667 72
10549.033333333333 62
25618.033333333333 96
23897.833333333332 106
22976.13333333333 106
13239.133333333333 98
6759.266666666666 69
12500.4 90
4165.833333333333 68
27185.2 90
18729.9 98
28405.1 114
11939.4 73
13736.566666666666 61
3930.9 104
27435.733333333334 75
2763.6666666666665 113
14118.9 106
16079.3 81
4941.433333333333 119
14947.0 84
17329.9 65
6267.4 82
15566.933333333332 104
23710.9 61
14239.533333333333 101
12535.433333333332 97
15000.6 97
2508.5666666666666 73
3113.4666666666667 99
109.3 73
8384.033333333333 119
1106.5333333333333 82
25798.966666666667 97
9925.933333333332 106
15646.033333333333 110
25709.966666666667 84
2238.3333333333335 117
879.9333333333333 88
23390.533333333333 92
25303.866666666665 78
15797.266666666666 78
20363.033333333333 99
7529.266666666666 92
9164.533333333333 112
17951.9 108
781.5666666666666 97
1625.3333333333333 65
22323.666666666668 100
25575.433333333334 117
18883.13333333333 110
18908.733333333334 99
3444.7999999999997 70
14147.5 74
27513.166666666668 88
7861.166666666667 106
9919.133333333333 93
16861.566666666666 90
23982.13333333333 75
17270.1 75
2265.3333333333335 69
14791.166666666666 107
4624.833333333333 117
4675.566666666667 77
26483.866666666665 95
21344.333333333332 100
26036.466666666667 64
4204.866666666667 102
23554.13333333333 66
6668.333333333333 109
14396.3 100
4606.266666666666 67
3060.133333333333 69
2949.8333333333335 60
18582.033333333333 113
15410.833333333334 104
10608.4 101
10588.633333333333 73
5069.3 72
6413.7 108
2853.2 110
21464.3 112
17510.333333333332 96
25797.266666666666 104
4253.6 81
1881.3 78
1733.0666666666666 82
15986.333333333334 84
18333.1 107
16193.333333333334 80
2737.5333333333333 60
20884.666666666668 67
13690.933333333332 98
26889.433333333334 118
28423.533333333333 81
1179.5 61
4700.933333333333 115
26965.466666666667 116
27574.2 104
26107.233333333334 63
1933.0 80
21907.13333333333 65
8220.233333333334 102
23874.033333333333 66
1028.4333333333334 107
12255.833333333334 80
17482.9 100
23122.63333333333 75
24938.866666666665 78
14441.266666666666 78
10282.266666666666 62
20913.666666666668 99
15649.633333333333 66
19389.266666666666 89
12511.733333333334 109
26503.966666666667 100
16753.833333333332 70
3564.2666666666664 116
700.8333333333334 107
13385.266666666666 71
15212.033333333333 80
19313.733333333334 73
2758.0 111
7681.133333333333 66
11705.8 68
21666.8 72
23901.266666666666 80
22891.966666666667 78
27918.13333333333 118
20685.733333333334 77
18986.333333333332 97
21474.966666666667 78
9799.3 88
1926.7333333333333 109
3299.5 73
8308.866666666667 63
16090.666666666666 101
169.86666666666667 60
18912.566666666666 97
25520.166666666668 76
8948.166666666666 75
26462.833333333332 119
8209.233333333334 101
7060.933333333333 61
14792.133333333333 79
5728.233333333334 118
6210.966666666666 97
7056.599999999999 77
8061.766666666666 106
2472.9 69
5118.766666666666 84
13208.566666666666 81
28213.3 117
14791.566666666666 75
10771.1 74
670.0666666666666 93
25592.4 60
22334.333333333332 104
19906.233333333334 97
15570.5 91
19577.333333333332 103
12851.5 85
18346.1 62
13253.166666666666 104
18537.13333333333 82
12574.933333333332 70
7980.833333333333 98
2915.8 62
16395.166666666668 117
14268.933333333332 73
27272.7 78
27027.233333333334 109
8591.133333333333 77
27215.6 82
17446.366666666665 102
19656.366666666665 93
12638.966666666667 67
5609.066666666667 109
22660.13333333333 117
23730.7 88
15490.5 67
6864.2 73
828.1666666666666 82
8676.733333333334 73
182.56666666666666 62
23469.033333333333 63
21088.266666666666 74
17953.666666666668 116
12530.733333333334 82
20368.333333333332 60
9323.9 90
4157.433333333333 108
24295.033333333333 75
2782.6666666666665 103
4207.066666666667 65
11725.366666666667 110
9806.433333333332 63
6582.066666666667 108
19515.466666666667 110
17489.1 119
3816.6666666666665 100
6889.433333333333 95
14754.033333333333 117
24786.333333333332 73
5897.533333333333 63
20215.166666666668 73
11484.133333333333 69
15537.133333333333 84
18434.666666666668 87
2458.366666666667 98
3623.5 104
13010.0 107
10567.766666666666 87
11676.6 94
16264.866666666667 82
11809.3 84
17449.466666666667 85
7379.966666666666 117
7219.733333333334 105
26030.4 67
1273.8333333333333 118
19257.9 118
25595.433333333334 92
15143.633333333333 68
19383.3 115
16525.233333333334 76
14105.699999999999 71
18538.3 109
16696.2 74
13071.6 110
18398.866666666665 115
14927.933333333332 109
1026.3666666666666 119
23632.166666666668 104
21688.6 83
20880.2 102
8227.4 74
19826.63333333333 109
26494.63333333333 116
22595.6 94
1217.5333333333333 70
28356.63333333333 76
28405.833333333332 90
17814.566666666666 79
5211.4 95
11902.2 73
8668.133333333333 104
12878.733333333334 87
11966.533333333333 71
6856.9 66
2339.7 86
24720.833333333332 100
20101.9 78
28666.13333333333 113
23374.13333333333 64
26501.733333333334 73
26482.233333333334 85
2787.4666666666667 66
2466.4 96
25951.5 111
20909.2 60
19792.833333333332 97
25794.13333333333 97
14467.666666666666 97
25293.933333333334 116
7937.933333333333 73
15491.1 113
26430.833333333332 115
14917.033333333333 103
16910.966666666667 106
15236.699999999999 78
25898.6 78
4079.633333333333 78
26381.033333333333 67
24277.333333333332 78
23579.566666666666 117
19161.966666666667 88
7819.833333333333 85
2512.5 99
10807.3 60
15995.133333333333 79
14271.199999999999 104
2695.2666666666664 92
3346.633333333333 112
5717.3 103
23617.166666666668 79
3268.2 82
6801.966666666666 84
17426.866666666665 112
7951.9 80
18480.63333333333 114
22725.566666666666 117
25744.233333333334 71
15451.666666666666 93
2492.8333333333335 62
6353.966666666666 96
709.5666666666666 93
5413.433333333333 84
5715.166666666667 103
8376.933333333332 113
21201.066666666666 86
2507.8 105
15358.3 102
23423.8 119
8872.933333333332 103
9928.5 83
21803.033333333333 83
4070.5333333333333 76
11027.3 109
15412.233333333334 93
14527.699999999999 99
2945.866666666667 66
13960.866666666667 107
15534.933333333332 75
2397.9333333333334 97
26266.233333333334 100
20858.966666666667 76
1003.3 73
12835.2 99
24872.833333333332 89
589.1333333333333 87
26523.266666666666 116
21092.333333333332 107
9951.933333333332 75
7847.733333333334 92
8746.966666666667 68
23038.6 100
9248.566666666666 117
23306.766666666666 69
20301.9 62
28290.3 89
14252.233333333334 70
17994.5 103
17871.8 96
27695.13333333333 96
23567.466666666667 103
25408.733333333334 117
20951.066666666666 106
26152.933333333334 68
11008.5 109
13557.6 67
14353.1 61
3226.0666666666666 109
20949.433333333334 112
3406.7 107
5479.566666666667 91
17522.833333333332 77
27093.566666666666 101
20739.533333333333 100
22318.6 62
4406.066666666667 99
16046.8 103
10696.766666666666 67
25072.4 110
17169.6 103
12906.1 96
4261.5 86
12913.1 93
28477.666666666668 105
19840.0 96
16903.533333333333 97
2037.1 87
1661.5666666666666 96
11034.4 96
14082.566666666666 109
13755.0 108
25275.766666666666 77
5103.533333333333 86
27456.033333333333 80
1467.5 89
24511.866666666665 107
25212.6 61
5929.966666666666 60
17783.166666666668 95
6456.066666666667 109
979.4666666666667 98
27277.033333333333 100
21073.533333333333 95
23094.366666666665 72
5189.966666666666 74
1395.6333333333332 88
26511.833333333332 115
7185.433333333333 72
15348.199999999999 104
961.1666666666666 110
9213.533333333333 90
12869.0 107
19290.13333333333 97
14389.666666666666 96
23442.9 97
2820.7 66
12249.7 100
14721.833333333334 96
23339.0 77
20359.533333333333 60
11400.533333333333 62
4617.3 72
8425.466666666667 78
17454.233333333334 78
236.66666666666666 94
24835.3 84
24893.233333333334 61
19126.566666666666 118
3200.5 88
922.5333333333333 71
25623.033333333333 64
26296.13333333333 76
12600.433333333332 62
16098.733333333334 66
22885.166666666668 85
5066.6 103
9038.066666666666 101
27376.63333333333 91
14522.8 65
8256.3 61
21772.0 88
12326.1 101
5990.333333333333 87
23459.033333333333 109
23077.9 88
12191.6 111
25813.13333333333 84
27037.466666666667 72
5473.0 114
24343.566666666666 63
15935.533333333333 81
4357.833333333333 97
3788.0 78
5000.766666666666 69
21513.233333333334 101
3637.0 94
13242.4 119
39.6 106
28759.666666666668 70
23984.333333333332 110
5479.5 81
22735.733333333334 98
16782.366666666665 94
678.1666666666666 104
17956.8 111
6152.8 83
21838.566666666666 114
3208.366666666667 114
20291.266666666666 73
1564.2666666666667 100
6534.7 94
20538.0 113
28068.366666666665 105
28302.5 82
24375.933333333334 68
736.8 115
6222.766666666666 69
12614.033333333333 105
10521.1 87
15844.3 85
9855.5 97
19906.4 117
11483.8 79
28179.8 92
20120.933333333334 84
24916.233333333334 118
8550.0 61
27547.466666666667 119
9864.033333333333 93
12556.466666666667 100
4647.8 87
18037.733333333334 65
24703.3 82
12498.466666666667 81
27723.966666666667 78
26032.233333333334 64
19410.1 113
22456.266666666666 68
1995.9666666666667 110
28638.766666666666 65
21992.833333333332 69
25010.433333333334 72
28025.13333333333 113
16581.733333333334 104
12933.266666666666 73
23965.933333333334 77
12983.7 73
17958.466666666667 98
2011.9333333333334 70
16004.6 78
9701.733333333334 72
6715.733333333334 84
26044.2 80
26058.066666666666 74
5064.533333333333 106
19081.0 113
628.5333333333333 80
20099.033333333333 65
12362.2 110
18188.6 81
25380.2 74
1827.5 71
19205.0 94
2117.0666666666666 100
1438.9 114
7470.966666666666 64
12210.733333333334 99
23325.766666666666 98
16030.199999999999 92
10743.066666666666 64
7345.333333333333 89
597.6 78
14088.333333333334 67
19893.733333333334 93
589.4333333333333 110
4795.133333333333 75
1709.3999999999999 82
23380.766666666666 109
6733.8 99
100.86666666666666 105
17221.933333333334 91
7675.0 72
2417.1 84
23698.566666666666 61
23744.366666666665 116
18494.333333333332 63
19688.2 74
20062.9 82
516.2666666666667 71
17339.5 71
16199.433333333332 90
6271.633333333333 115
12492.8 60
15258.8 109
16356.333333333334 72
14932.966666666667 60
10209.166666666666 84
28379.866666666665 70
16544.433333333334 69
3151.6 106
19670.6 91
15775.1 94
6390.866666666667 115
19474.63333333333 87
17251.066666666666 101
23496.566666666666 74
5307.166666666667 66
1364.8333333333333 91
4557.3 97
26184.433333333334 62
22304.766666666666 108
22261.5 105
10529.9 84
28601.666666666668 107
15129.933333333332 77
12304.366666666667 116
5997.266666666666 107
51.233333333333334 108
9579.933333333332 73
10681.266666666666 93
12683.666666666666 79
20716.766666666666 87
21373.533333333333 108
21401.7 83
6745.099999999999 62
1581.7333333333333 112
2863.0333333333333 75
2295.233333333333 62
24704.866666666665 70
11797.0 119
11586.433333333332 86
12286.0 119
21286.9 95
5332.7 104
27511.833333333332 67
25672.13333333333 102
16085.699999999999 102
2564.3 87
22899.7 106
1699.3666666666666 82
5589.8 75
12580.866666666667 82
28096.266666666666 90
21744.433333333334 87
28052.399999999998 80
8323.366666666667 105
23804.8 66
22366.933333333334 102
28792.666666666668 68
20877.13333333333 69
12126.733333333334 107
5212.7 63
3054.3333333333335 61
10713.633333333333 73
7120.266666666666 116
5618.166666666667 119
2236.9666666666667 75
999.4666666666667 97
5450.866666666667 113
4329.4 100
18738.13333333333 65
16970.933333333334 112
19333.4 74
18571.8 112
21535.733333333334 103
19192.966666666667 65
8374.2 77
4185.633333333333 95
4927.366666666667 70
6144.966666666666 90
4582.033333333333 114
9997.5 90
8837.133333333333 114
19701.766666666666 107
17118.6 105
15365.766666666666 63
22383.566666666666 82
15219.233333333334 62
6502.866666666667 88
23501.266666666666 106
28097.666666666668 98
14670.633333333333 60
6956.933333333333 95
6879.5 77
26846.866666666665 106
7127.133333333333 85
27478.933333333334 78
15179.433333333332 108
7190.033333333333 108
12902.666666666666 111
18472.3 71
25841.13333333333 102
22499.066666666666 119
9041.4 112
12521.366666666667 63
21348.733333333334 76
13613.6 85
16247.566666666666 116
23055.63333333333 116
5672.533333333333 86
10946.966666666667 80
25270.13333333333 110
18226.333333333332 111
6812.466666666666 96
15419.8 99
20202.8 74
21400.466666666667 62
19594.13333333333 112
27617.899999999998 107
17101.433333333334 86
961.4 81
28529.3 101
6562.933333333333 65
14961.699999999999 107
14346.8 111
4032.5333333333333 94
17828.266666666666 91
10020.1 103
5229.466666666666 70
1263.6 108
24408.666666666668 114
14784.6 68
1176.0333333333333 118
8113.133333333333 85
15015.966666666667 112
887.4 111
2100.9666666666667 93
13176.466666666667 80
3000.633333333333 71
19196.2 85
13917.166666666666 106
1493.5666666666666 101
28172.166666666668 81
26998.2 107
24942.9 75
18459.7 76
18420.166666666668 106
25933.8 76
27701.866666666665 82
25100.6 117
7844.666666666667 65
2924.3 74
28205.5 85
13898.166666666666 108
11310.0 109
26966.933333333334 78
24069.233333333334 87
22067.733333333334 63
14155.433333333332 100
22969.333333333332 113
26754.8 107
2969.366666666667 65
7088.233333333334 63
14241.733333333334 92
21293.4 88
24613.733333333334 71
26657.13333333333 69
22010.1 116
9593.066666666666 90
3914.0666666666666 76
11365.733333333334 110
20702.566666666666 102
25446.533333333333 100
24126.366666666665 65
26103.7 69
6718.166666666667 92
10504.966666666667 79
5383.4 86
11951.8 103
27897.233333333334 115
4138.0 78
19603.566666666666 92
5966.4 103
4527.233333333334 84
22740.2 86
25647.733333333334 107
23443.233333333334 103
21467.7 109
8683.066666666666 92
25855.466666666667 118
24775.433333333334 64
16074.9 106
11528.2 64
25998.9 85
5721.666666666667 82
17282.13333333333 73
7413.766666666666 60
19233.4 73
28688.5 71
449.56666666666666 67
19450.466666666667 95
8829.266666666666 101
26165.13333333333 116
8635.466666666667 105
6321.7 82
17431.8 87
10203.3 66
249.26666666666665 87
7069.933333333333 103
8154.8 108
17613.533333333333 119
10866.133333333333 112
4193.2 68
5188.066666666667 60
28264.233333333334 83
25268.933333333334 81
10662.7 99
27384.0 79
22612.0 71
6572.466666666666 62
23049.933333333334 99
1846.6 61
22641.9 60
17763.7 69
20402.833333333332 93
15443.666666666666 101
14190.933333333332 110
27589.5 113
20859.13333333333 70
17275.9 99
11307.833333333334 101
2362.0333333333333 67
17925.066666666666 63
22979.1 85
200.66666666666666 82
27487.833333333332 119
13879.333333333334 70
511.09999999999997 100
4276.3 80
21019.833333333332 80
6557.066666666667 86
6735.366666666667 97
3419.233333333333 92
23002.1 83
9362.333333333334 107
14876.4 60
9877.1 71
26111.233333333334 65
3439.8333333333335 95
23702.1 96
3210.0333333333333 66
7998.099999999999 97
28278.166666666668 99
22065.066666666666 101
16141.0 108
26824.5 90
104.26666666666667 89
10168.333333333334 85
21941.966666666667 80
5958.0 69
26540.433333333334 76
16301.733333333334 96
24511.233333333334 61
10785.6 81
9741.066666666666 89
9906.533333333333 99
17458.13333333333 107
21644.6 73
999.7333333333333 87
8950.333333333334 65
6167.866666666667 99
3860.0666666666666 113
13419.9 100
11420.233333333334 102
7629.766666666666 102
13351.466666666667 80
18252.333333333332 96
562.1333333333333 104
17769.466666666667 98
14817.433333333332 117
5345.866666666667 90
18315.266666666666 111
686.2333333333333 84
21743.9 112
20745.733333333334 83
19961.966666666667 86
23560.433333333334 101
22010.666666666668 89
1360.8333333333333 108
3284.6666666666665 113
1007.4666666666667 63
6241.2 60
17758.033333333333 61
1626.4 82
2621.6666666666665 61
13519.766666666666 115
5684.3 108
1617.6333333333332 106
13685.733333333334 114
10963.9 102
24843.9 101
14963.833333333334 112
16558.1 74
24275.13333333333 106
6986.366666666667 71
28192.3 118
10787.633333333333 106
23516.0 111
21923.63333333333 107
19682.833333333332 84
16799.666666666668 100
4167.0 63
26467.966666666667 103
25904.333333333332 93
22619.8 75
557.4 82
8463.6 92
11182.433333333332 117
2387.9666666666667 85
3416.6 63
24341.666666666668 119
11682.4 77
6490.366666666667 84
22490.433333333334 70
4224.3 84
15951.133333333333 119
25609.266666666666 94
28531.666666666668 112
9290.233333333334 100
19392.266666666666 77
25897.466666666667 101
3708.8333333333335 91
28578.6 112
17014.13333333333 116
19997.4 111
27306.333333333332 82
1846.8 102
3450.233333333333 115
5219.3 70
13534.633333333333 89
5198.666666666667 98
23994.266666666666 87
23985.8 86
12541.933333333332 87
27957.466666666667 88
1497.9666666666667 107
8998.6 104
3640.7 83
13783.1 61
19122.933333333334 74
13635.9 65
22581.7 102
7519.8 84
8861.1 98
21240.333333333332 107
22948.733333333334 116
15024.833333333334 89
26796.266666666666 110
22253.966666666667 102
2016.3666666666666 101
2995.5333333333333 93
5287.233333333334 96
14624.1 110
1771.8333333333333 104
17366.3 107
3356.0333333333333 81
27595.533333333333 62
6704.8 96
25652.533333333333 106
17658.833333333332 87
8101.966666666666 103
13813.533333333333 95
24715.8 86
5081.5 110
15163.866666666667 67
26425.066666666666 112
1548.4666666666667 107
13000.166666666666 63
9736.866666666667 76
17325.666666666668 85
27546.399999999998 93
3048.8333333333335 107
13895.366666666667 86
7408.599999999999 104
12090.733333333334 78
21530.5 71
27950.333333333332 78
16971.766666666666 106
27024.766666666666 91
10996.033333333333 65
11518.433333333332 74
14789.433333333332 66
17398.8 119
26507.399999999998 108
2327.8 95
8904.866666666667 64
4390.366666666667 74
19383.0 94
12008.9 64
15257.233333333334 89
9219.666666666666 68
9147.066666666666 86
1691.3999999999999 97
13277.666666666666 100
23437.566666666666 65
3417.4 107
1940.8999999999999 103
9961.266666666666 110
18565.066666666666 118
21746.733333333334 70
15535.033333333333 93
405.6333333333333 110
4819.166666666667 60
18264.6 71
18723.5 62
18154.6 75
28248.13333333333 97
28396.733333333334 96
1311.4 62
2226.866666666667 97
18907.766666666666 70
3421.7 86
2466.5666666666666 100
19662.9 89
16962.3 104
17938.733333333334 104
10122.633333333333 63
13481.833333333334 101
17296.566666666666 93
15489.166666666666 96
4496.933333333333 89
21771.433333333334 108
5801.433333333333 102
13680.699999999999 82
24679.0 63
22439.166666666668 102
13968.766666666666 64
19097.566666666666 108
10894.4 100
22576.933333333334 85
8102.766666666666 118
28662.13333333333 115
3265.6 76
7125.233333333334 105
2654.2666666666664 78
18898.766666666666 62
14407.333333333334 73
19111.5 111
4490.133333333333 74
2448.733333333333 66
14954.966666666667 89
23685.466666666667 119
16927.066666666666 105
24508.066666666666 63
27364.233333333334 87
6221.466666666666 89
23141.7 98
8042.666666666667 106
20694.0 60
2914.7666666666664 91
3861.633333333333 80
21096.733333333334 66
23986.033333333333 85
11799.833333333334 104
63.833333333333336 67
1801.5666666666666 73
19799.5 115
2382.5333333333333 66
25855.6 91
7226.233333333334 92
23199.6 79
9615.3 102
12278.2 97
4675.666666666667 73
3679.733333333333 110
19150.0 84
16185.466666666667 100
9049.433333333332 69
2893.133333333333 85
10353.733333333334 100
2224.2666666666664 77
22225.6 111
40.63333333333333 92
14323.199999999999 88
22347.4 70
8380.533333333333 62
8861.533333333333 119
14417.866666666667 95
5750.866666666667 92
22543.866666666665 89
22232.63333333333 86
7466.2 68
23742.63333333333 64
27814.7 65
23211.7 108
25730.733333333334 71
23195.866666666665 82
9366.133333333333 91
23489.3 74
11694.833333333334 102
7234.2 114
14200.033333333333 76
26044.6 119
27610.233333333334 117
6752.233333333334 106
18744.6 91
23764.333333333332 77
3696.1666666666665 116
22158.433333333334 113
10768.166666666666 99
15764.366666666667 95
20854.766666666666 102
7189.2 104
13896.433333333332 93
10521.933333333332 108
10182.266666666666 104
22270.7 70
9261.933333333332 110
19446.733333333334 60
23218.2 68
2407.6666666666665 111
317.73333333333335 108
17724.466666666667 67
3875.0666666666666 118
18607.533333333333 69
18616.366666666665 102
12110.733333333334 96
21245.1 79
363.0 63
12311.3 60
6709.066666666667 82
14356.333333333334 109
8805.633333333333 63
14105.133333333333 88
14703.199999999999 109
17712.8 109
12021.333333333334 118
16782.5 95
1618.4 63
15687.199999999999 92
4302.566666666667 79
26359.8 97
25448.766666666666 93
28281.5 97
28782.233333333334 110
22550.5 94
25629.333333333332 84
10381.933333333332 65
9635.133333333333 66
15111.733333333334 113
27745.033333333333 84
26369.766666666666 84
9318.733333333334 83
28696.13333333333 88
13733.9 70
27682.833333333332 82
27462.8 72
26832.0 97
7903.099999999999 65
12821.4 104
4590.233333333334 115
18475.233333333334 67
8193.9 91
22907.5 116
12905.633333333333 71
8476.4 82
17522.433333333334 102
23065.4 78
18867.533333333333 81
23400.966666666667 64
2554.8 76
1750.6333333333332 86
12058.966666666667 117
10478.7 97
8424.566666666666 113
10773.2 112
14183.866666666667 94
24862.566666666666 106
25874.166666666668 88
5419.3 99
27934.066666666666 84
276.6333333333333 77
7490.599999999999 100
26416.7 81
5133.1 78
2665.733333333333 65
25734.366666666665 84
22005.266666666666 115
22947.833333333332 98
26855.066666666666 86
22644.7 104
26469.733333333334 91
6821.3 107
14223.5 71
5464.6 100
10306.966666666667 68
9844.8 86
1485.6 64
6181.133333333333 116
2786.6 84
1537.6666666666667 101
8110.033333333333 115
10881.866666666667 104
19483.333333333332 68
16843.066666666666 62
11604.866666666667 102
3455.7 89
16022.8 98
3747.6 64
27452.533333333333 74
4667.066666666667 109
2308.733333333333 73
15822.8 74
24006.966666666667 67
27161.266666666666 75
5817.133333333333 77
16008.6 101
12753.133333333333 78
17932.166666666668 85
11366.933333333332 95
22177.733333333334 64
3822.9333333333334 97
28568.333333333332 89
21819.9 117
9214.566666666666 117
19217.333333333332 83
3960.733333333333 91
13734.866666666667 94
20378.0 83
22905.466666666667 93
17494.833333333332 113
25343.233333333334 74
21103.333333333332 119
24181.63333333333 97
22896.4 81
5884.866666666667 118
13924.966666666667 105
18493.466666666667 107
13662.133333333333 118
14927.666666666666 75
6520.233333333334 114
24457.666666666668 66
27901.2 62
3337.2666666666664 68
28129.13333333333 85
15200.699999999999 90
12552.666666666666 116
12441.066666666666 103
15273.566666666666 92
16620.5 99
14038.733333333334 105
27114.933333333334 103
28670.333333333332 96
16280.833333333334 78
17344.5 82
23970.666666666668 118
15885.1 82
9027.133333333333 119
11537.933333333332 99
2776.5333333333333 60
15552.699999999999 79
14510.166666666666 111
11606.5 69
16025.333333333334 76
9430.3 105
23543.6 84
27768.466666666667 69
22589.966666666667 69
28713.7 72
17038.366666666665 118
11777.566666666666 73
28365.399999999998 87
1213.7666666666667 116
10689.433333333332 119
3535.6 94
15059.866666666667 67
9663.366666666667 106
3077.4333333333334 73
17824.733333333334 87
2961.4 79
8217.233333333334 117
26879.899999999998 108
13653.6 95
9694.9 91
18065.0 99
21854.13333333333 115
7228.866666666667 89
14635.699999999999 109
19179.266666666666 96
25982.9 88
17694.0 78
28174.5 87
10791.166666666666 81
24087.0 68
25528.5 92
24139.733333333334 65
3251.733333333333 63
25082.5 66
26101.366666666665 94
21220.733333333334 106
20563.2 100
775.8666666666667 70
10672.433333333332 76
3569.0666666666666 66
14057.466666666667 70
3359.233333333333 90
9835.166666666666 88
27983.666666666668 105
11387.166666666666 69
27596.2 91
25930.7 103
13573.3 71
18839.533333333333 96
280.5 89
5406.566666666667 109
7197.733333333334 113
15925.833333333334 71
5867.766666666666 112
27856.399999999998 112
14706.433333333332 94
13423.3 68
19411.433333333334 119
6982.7 114
18598.7 96
20554.1 94
25191.2 76
14752.3 106
25614.833333333332 88
21737.933333333334 94
19351.733333333334 76
4034.633333333333 70
14934.5 62
11953.666666666666 78
18893.833333333332 62
6148.033333333333 108
20142.7 85
759.9666666666667 102
370.43333333333334 97
21334.833333333332 85
12849.0 73
16550.866666666665 71
9123.5 109
5092.166666666667 84
2642.366666666667 99
5247.333333333333 116
22483.0 81
2546.1666666666665 116
3321.7666666666664 70
8578.4 87
23956.2 103
12878.2 102
8653.633333333333 114
4529.533333333333 113
28709.666666666668 66
8901.6 98
26300.6 75
6810.466666666666 77
20334.666666666668 67
10209.833333333334 86
18829.666666666668 106
7644.733333333334 118
23726.1 61
23085.4 97
21269.63333333333 87
11388.6 63
15065.1 89
18744.566666666666 108
2304.8333333333335 94
23069.566666666666 71
27401.833333333332 68
24107.9 88
26144.733333333334 75
24593.5 77
10182.4 115
28366.1 70
22845.13333333333 92
10658.866666666667 117
20228.6 73
15544.9 85
7936.599999999999 119
5812.066666666667 115
15183.9 119
26884.866666666665 77
17190.6 62
18380.533333333333 104
5289.866666666667 98
3287.5333333333333 85
28633.666666666668 85
1791.0333333333333 61
7183.033333333333 62
9791.466666666667 87
8598.333333333334 104
7807.9 100
9829.7 71
7985.599999999999 105
13502.733333333334 102
21569.666666666668 78
26608.933333333334 60
10158.8 107
11242.666666666666 75
22172.933333333334 73
4147.266666666666 89
16699.866666666665 115
21248.666666666668 69
4552.533333333333 97
23571.866666666665 113
13526.033333333333 110
13501.1 86
1831.0 81
14225.366666666667 65
20341.733333333334 78
8449.433333333332 62
14080.633333333333 111
9273.766666666666 102
23980.3 69
7869.533333333333 110
21820.1 101
4861.333333333333 99
23575.433333333334 100
5981.933333333333 78
20838.566666666666 113
15812.733333333334 108
22847.0 90
