6715.966666666666 73
26117.533333333333 76
27331.7 110
28449.066666666666 111
10270.366666666667 92
2890.233333333333 113
19703.4 118
24960.466666666667 75
20029.6 63
27965.233333333334 94
7734.366666666667 78
12776.033333333333 79
12456.533333333333 72
9610.3 98
26275.466666666667 63
19202.2 80
8460.2 63
7773.366666666667 108
11256.033333333333 93
17524.4 63
5556.2 83
25773.333333333332 112
12325.733333333334 80
18914.5 61
17213.033333333333 73
26363.63333333333 111
19921.466666666667 103
24122.766666666666 77
28735.13333333333 94
17550.8 68
26046.8 91
6433.333333333333 116
19806.833333333332 80
17734.1 88
24062.733333333334 113
28394.566666666666 106
15672.5 102
9076.5 108
22987.1 81
22628.13333333333 96
9689.4 99
28145.166666666668 83
22560.3 65
23947.966666666667 103
20195.4 77
16056.1 118
14105.3 74
6467.7 99
17913.0 97
15684.733333333334 99
10036.833333333334 75
13557.233333333334 60
17481.933333333334 109
1670.5666666666666 112
21711.566666666666 71
25349.933333333334 80
11275.733333333334 68
24298.933333333334 71
6657.533333333333 68
12454.233333333334 67
15681.666666666666 106
8689.233333333334 82
6678.133333333333 71
25078.2 96
18585.3 101
15283.066666666666 73
17015.7 94
26729.1 77
3697.9 70
3685.5 90
13431.233333333334 119
11939.666666666666 78
20406.7 63
19067.666666666668 107
27872.1 69
16819.5 108
21333.966666666667 87
9310.366666666667 84
9064.433333333332 70
26516.3 79
2256.0666666666666 108
6841.233333333334 107
12429.8 76
3659.2 89
27095.033333333333 112
16205.9 86
20126.63333333333 73
21664.666666666668 95
8802.466666666667 84
23548.266666666666 111
4981.933333333333 62
14506.199999999999 102
7056.099999999999 95
22915.666666666668 72
3530.133333333333 111
4512.833333333333 110
27334.066666666666 85
22309.033333333333 81
22787.2 77
21964.6 98
9467.966666666667 73
7829.4 117
25697.0 113
21689.333333333332 70
18873.9 105
21883.933333333334 97
21041.666666666668 81
28473.666666666668 113
28431.933333333334 107
12947.133333333333 73
17006.8 79
19805.0 71
16488.366666666665 63
13197.199999999999 79
9194.766666666666 73
5350.866666666667 72
3533.0333333333333 71
21399.1 95
23804.066666666666 95
7646.8 99
7994.133333333333 110
14175.533333333333 114
12798.233333333334 113
10291.166666666666 97
20186.066666666666 113
36.6 113
26597.266666666666 67
11076.166666666666 96
2729.5333333333333 111
2066.6 71
9090.933333333332 118
6578.766666666666 117
14772.333333333334 88
2939.9666666666667 95
28618.466666666667 112
6704.866666666667 93
21008.666666666668 74
25806.933333333334 71
25467.9 88
13102.9 70
27390.166666666668 93
5372.0 70
26984.166666666668 80
12630.633333333333 60
28164.766666666666 74
1179.8 64
26842.7 117
16423.066666666666 86
13530.766666666666 61
15377.266666666666 111
15501.933333333332 97
4458.566666666667 109
9811.066666666666 91
9384.1 95
1856.1666666666667 98
28197.366666666665 65
2119.4333333333334 96
16434.266666666666 70
17303.066666666666 102
1809.9333333333334 75
25983.266666666666 64
28566.6 63
2341.7666666666664 86
11204.733333333334 97
20334.0 87
11391.466666666667 76
20029.666666666668 63
2068.4666666666667 67
423.8333333333333 106
1507.0333333333333 77
27089.433333333334 111
24424.733333333334 101
21022.966666666667 89
27678.6 63
20740.3 82
28618.066666666666 73
4074.6 112
11158.166666666666 92
27794.566666666666 69
26504.1 101
11504.033333333333 70
25826.733333333334 114
26336.63333333333 89
17853.866666666665 88
23108.366666666665 96
25222.766666666666 100
25273.766666666666 100
11888.566666666666 62
17122.866666666665 69
26999.266666666666 72
9286.066666666666 97
355.0 90
16917.266666666666 73
27478.399999999998 89
14212.1 104
21547.8 100
26326.366666666665 94
14883.333333333334 107
22829.566666666666 80
20128.766666666666 106
6293.166666666667 99
8319.266666666666 75
3580.7 97
4109.866666666667 115
12887.533333333333 94
7621.466666666666 87
7399.133333333333 97
15378.566666666666 115
23085.63333333333 81
17113.13333333333 60
13819.0 106
22057.533333333333 74
24670.166666666668 63
22001.5 105
14946.333333333334 70
19964.233333333334 99
26678.366666666665 75
17692.966666666667 68
8023.333333333333 65
18063.266666666666 107
8488.833333333334 78
19758.266666666666 79
3972.5333333333333 112
7167.233333333334 95
2205.9333333333334 65
24294.533333333333 63
12699.366666666667 107
9704.966666666667 82
8538.033333333333 88
27872.2 75
22599.066666666666 91
16597.13333333333 64
10233.866666666667 77
23581.8 66
2214.866666666667 83
19004.666666666668 85
6165.033333333333 116
23836.833333333332 87
4183.966666666666 109
9243.0 99
9953.433333333332 73
20666.333333333332 117
6842.233333333334 116
25544.766666666666 112
20382.533333333333 78
20465.13333333333 116
23851.833333333332 86
6133.466666666666 102
14394.366666666667 85
26529.166666666668 67
1073.5666666666666 62
20447.566666666666 115
21770.066666666666 109
27545.366666666665 80
26040.6 75
2644.633333333333 89
7646.066666666667 60
10673.233333333334 108
27325.1 79
16189.3 106
11454.266666666666 102
14539.833333333334 79
2383.6 97
7230.133333333333 100
1257.6 81
16894.166666666668 68
10396.6 101
23962.833333333332 74
25112.066666666666 68
24883.566666666666 117
10936.833333333334 109
19904.1 66
14156.4 64
25366.466666666667 89
19544.533333333333 105
9470.666666666666 81
4477.166666666667 115
1360.0333333333333 62
14673.4 94
9653.033333333333 66
12039.066666666666 82
4885.533333333333 103
10363.6 70
22252.833333333332 101
16307.833333333334 61
5147.166666666667 73
20583.63333333333 65
11304.566666666666 64
4799.3 72
13129.033333333333 63
15387.733333333334 62
11220.866666666667 114
14506.8 95
5531.4 72
5067.133333333333 71
554.9666666666667 62
10044.333333333334 116
1795.2333333333333 96
11444.066666666666 110
18475.566666666666 70
2990.0333333333333 104
5823.266666666666 111
24255.333333333332 71
21773.4 91
409.0 93
28105.866666666665 74
13513.066666666666 83
17820.4 84
3076.0333333333333 93
13071.533333333333 102
8780.966666666667 81
5164.9 79
14017.033333333333 82
5142.966666666666 60
11950.8 106
3552.7666666666664 86
13415.3 98
26293.966666666667 103
6601.466666666666 102
16357.4 82
25654.933333333334 60
13352.9 63
14213.699999999999 94
16626.9 76
2240.5666666666666 114
6805.166666666667 90
6526.633333333333 61
19465.166666666668 63
540.2 89
15473.266666666666 74
12122.866666666667 86
5093.233333333334 65
25768.3 116
21682.066666666666 93
3340.6 61
5110.333333333333 89
881.1666666666666 108
20237.433333333334 89
5638.6 90
6924.566666666667 94
28582.666666666668 108
12564.733333333334 60
24185.366666666665 81
17546.866666666665 60
8568.966666666667 104
28651.7 99
7793.3 82
22416.066666666666 119
6761.9 74
15665.466666666667 105
24532.366666666665 102
9290.466666666667 70
1652.3 96
7370.533333333333 83
2974.5666666666666 64
8972.133333333333 60
21026.4 89
12532.6 101
14142.1 84
2061.0 95
8058.5 104
15699.066666666666 60
2189.9 112
14110.033333333333 89
11482.033333333333 61
17181.966666666667 76
24765.833333333332 81
27603.533333333333 69
27904.0 72
5641.733333333334 82
26579.166666666668 73
5020.1 73
15333.366666666667 97
1004.1333333333333 79
24252.233333333334 87
2824.3333333333335 87
16066.766666666666 62
18899.966666666667 88
24048.3 103
5340.1 97
9446.8 102
26256.733333333334 72
24212.733333333334 61
7278.9 78
19620.733333333334 82
21934.833333333332 63
14927.8 108
11450.2 66
15193.433333333332 100
18511.166666666668 109
22018.666666666668 88
7713.5 88
5353.7 96
23925.966666666667 65
16921.366666666665 116
17209.733333333334 65
9951.9 83
9765.7 118
4048.4666666666667 66
11625.3 108
13334.266666666666 94
11162.4 111
22086.233333333334 91
3188.9333333333334 88
20558.233333333334 102
15247.1 105
14815.033333333333 91
11729.366666666667 76
4358.133333333333 65
12114.333333333334 119
27193.63333333333 104
27091.366666666665 86
15745.5 109
27379.833333333332 76
16810.3 73
1852.2 63
27202.933333333334 69
14462.333333333334 110
9529.366666666667 111
10001.5 80
13998.466666666667 70
11484.533333333333 82
27656.1 91
12408.533333333333 85
18473.233333333334 98
1834.5 87
4096.7 94
22796.833333333332 100
19779.1 107
4732.4 114
22103.9 66
13886.566666666666 96
19262.666666666668 113
10039.333333333334 97
28362.466666666667 97
11386.333333333334 117
25960.933333333334 72
5589.9 108
23899.533333333333 65
24316.966666666667 67
12795.033333333333 98
10434.1 91
14177.166666666666 113
6610.166666666667 92
3987.4333333333334 90
1423.6 114
25638.866666666665 78
21542.2 94
21147.9 70
1535.6 101
13490.4 80
27800.6 118
19414.2 91
3490.633333333333 93
26565.5 68
10800.3 101
20735.0 80
1615.1 107
8450.366666666667 92
13842.866666666667 95
20965.5 114
21738.3 70
26531.166666666668 80
18480.366666666665 75
13976.533333333333 115
10605.0 113
17942.166666666668 60
7166.4 95
28699.666666666668 71
765.3333333333334 63
25909.63333333333 96
26512.466666666667 105
5394.233333333334 71
24018.1 85
19412.266666666666 61
16934.466666666667 90
17948.966666666667 71
17270.933333333334 103
16137.133333333333 94
14571.166666666666 114
20090.333333333332 81
11636.1 88
21302.63333333333 111
26413.0 75
1809.3 65
613.7666666666667 64
972.0666666666666 109
1551.0 87
4291.033333333333 86
634.0 86
8589.366666666667 106
12048.433333333332 108
5613.166666666667 91
12752.7 71
2387.5666666666666 79
5745.133333333333 105
4304.633333333333 89
46.43333333333333 104
14381.833333333334 107
27031.233333333334 99
14042.066666666666 91
13394.866666666667 108
5927.966666666666 95
23083.5 79
13974.366666666667 85
7114.2 111
22129.266666666666 74
3992.0 70
22575.1 81
24350.466666666667 92
24456.366666666665 67
11075.066666666666 90
16249.166666666666 80
22615.066666666666 73
9399.3 66
21997.4 80
28300.899999999998 107
24897.2 64
6383.0 113
15867.466666666667 69
7686.433333333333 61
20024.366666666665 66
2315.1666666666665 67
16061.0 71
24299.366666666665 101
4789.866666666667 104
14946.633333333333 82
26140.966666666667 107
21630.466666666667 79
20256.966666666667 78
17934.2 90
12886.666666666666 75
23864.9 79
21176.1 80
10288.733333333334 111
18853.666666666668 116
3537.7666666666664 83
18212.033333333333 107
21703.3 94
19027.566666666666 83
27401.3 67
27389.533333333333 110
6482.266666666666 112
19973.3 80
19957.466666666667 102
18979.9 99
1329.8666666666666 68
13642.466666666667 99
27667.666666666668 108
20972.033333333333 116
13116.5 81
22517.933333333334 98
27414.033333333333 108
3770.9666666666667 72
10447.2 79
762.1333333333333 102
13474.1 108
15033.9 99
23842.066666666666 89
3240.5666666666666 95
1398.8666666666666 104
8211.8 110
19128.966666666667 94
9018.1 94
9554.433333333332 106
1351.1 119
21332.166666666668 60
24114.9 116
28342.0 68
19788.733333333334 86
9551.5 82
22364.13333333333 81
14071.966666666667 86
10549.033333333333 95
25618.033333333333 85
23897.833333333332 111
22976.13333333333 62
13239.133333333333 99
6759.266666666666 74
12500.4 85
4165.833333333333 119
27185.2 70
18729.9 105
28405.1 68
11939.4 117
13736.566666666666 68
3930.9 118
27435.733333333334 109
2763.6666666666665 62
14118.9 119
16079.3 87
4941.433333333333 74
14947.0 86
17329.9 71
6267.4 109
15566.933333333332 111
23710.9 97
14239.533333333333 77
12535.433333333332 92
15000.6 79
2508.5666666666666 98
3113.4666666666667 99
109.3 75
8384.033333333333 76
1106.5333333333333 90
25798.966666666667 112
9925.933333333332 111
15646.033333333333 86
25709.966666666667 75
2238.3333333333335 100
879.9333333333333 113
23390.533333333333 88
25303.866666666665 116
15797.266666666666 101
20363.033333333333 90
7529.266666666666 63
9164.533333333333 102
17951.9 90
781.5666666666666 95
1625.3333333333333 109
22323.666666666668 69
25575.433333333334 117
18883.13333333333 77
18908.733333333334 85
3444.7999999999997 116
14147.5 75
27513.166666666668 100
7861.166666666667 114
9919.133333333333 104
16861.566666666666 66
23982.13333333333 78
17270.1 107
2265.3333333333335 115
14791.166666666666 110
4624.833333333333 82
4675.566666666667 60
26483.866666666665 117
21344.333333333332 83
26036.466666666667 118
4204.866666666667 116
23554.13333333333 118
6668.333333333333 66
14396.3 87
4606.266666666666 68
3060.133333333333 110
2949.8333333333335 93
18582.033333333333 106
15410.833333333334 105
10608.4 85
10588.633333333333 64
5069.3 116
6413.7 62
2853.2 69
21464.3 87
17510.333333333332 62
25797.266666666666 63
4253.6 94
1881.3 103
1733.0666666666666 101
15986.333333333334 60
18333.1 67
16193.333333333334 112
2737.5333333333333 77
20884.666666666668 88
13690.933333333332 79
26889.433333333334 89
28423.533333333333 63
1179.5 63
4700.933333333333 98
26965.466666666667 90
27574.2 91
26107.233333333334 95
1933.0 111
21907.13333333333 95
8220.233333333334 98
23874.033333333333 110
1028.4333333333334 101
12255.833333333334 116
17482.9 79
23122.63333333333 111
24938.866666666665 99
14441.266666666666 105
10282.266666666666 106
20913.666666666668 81
15649.633333333333 115
19389.266666666666 103
12511.733333333334 71
26503.966666666667 85
16753.833333333332 117
3564.2666666666664 78
700.8333333333334 77
13385.266666666666 91
15212.033333333333 76
19313.733333333334 118
2758.0 115
7681.133333333333 93
11705.8 92
21666.8 92
23901.266666666666 64
22891.966666666667 82
27918.13333333333 109
20685.733333333334 90
18986.333333333332 118
21474.966666666667 78
9799.3 88
1926.7333333333333 90
3299.5 93
8308.866666666667 65
16090.666666666666 116
169.86666666666667 101
18912.566666666666 108
25520.166666666668 73
8948.166666666666 66
26462.833333333332 67
8209.233333333334 111
7060.933333333333 78
14792.133333333333 69
5728.233333333334 114
6210.966666666666 97
7056.599999999999 101
8061.766666666666 61
2472.9 75
5118.766666666666 96
13208.566666666666 109
28213.3 93
14791.566666666666 118
10771.1 94
670.0666666666666 67
25592.4 78
22334.333333333332 96
19906.233333333334 100
15570.5 82
19577.333333333332 106
12851.5 119
18346.1 112
13253.166666666666 77
18537.13333333333 71
12574.933333333332 118
7980.833333333333 101
2915.8 90
16395.166666666668 78
14268.933333333332 106
27272.7 117
27027.233333333334 75
8591.133333333333 101
27215.6 86
17446.366666666665 82
19656.366666666665 92
12638.966666666667 70
5609.066666666667 96
22660.13333333333 60
23730.7 61
15490.5 81
6864.2 65
828.1666666666666 93
8676.733333333334 65
182.56666666666666 82
23469.033333333333 106
21088.266666666666 87
17953.666666666668 60
12530.733333333334 85
20368.333333333332 74
9323.9 60
4157.433333333333 96
24295.033333333333 113
2782.6666666666665 107
4207.066666666667 114
11725.366666666667 104
9806.433333333332 100
6582.066666666667 61
19515.466666666667 100
17489.1 67
3816.6666666666665 113
6889.433333333333 111
14754.033333333333 119
24786.333333333332 60
5897.533333333333 85
20215.166666666668 60
11484.133333333333 102
15537.133333333333 109
18434.666666666668 112
2458.366666666667 90
3623.5 103
13010.0 95
10567.766666666666 114
11676.6 116
16264.866666666667 76
11809.3 69
17449.466666666667 68
7379.966666666666 108
7219.733333333334 102
26030.4 98
1273.8333333333333 89
19257.9 73
25595.433333333334 89
15143.633333333333 100
19383.3 81
16525.233333333334 111
14105.699999999999 85
18538.3 90
16696.2 101
13071.6 63
18398.866666666665 81
14927.933333333332 65
1026.3666666666666 115
23632.166666666668 116
21688.6 104
20880.2 68
8227.4 80
19826.63333333333 89
26494.63333333333 63
22595.6 111
1217.5333333333333 66
28356.63333333333 61
28405.833333333332 61
17814.566666666666 81
5211.4 62
11902.2 72
8668.133333333333 80
12878.733333333334 84
11966.533333333333 74
6856.9 84
2339.7 66
24720.833333333332 89
20101.9 60
28666.13333333333 72
23374.13333333333 95
26501.733333333334 70
26482.233333333334 78
2787.4666666666667 74
2466.4 70
25951.5 111
20909.2 115
19792.833333333332 108
25794.13333333333 61
14467.666666666666 106
25293.933333333334 90
7937.933333333333 93
15491.1 100
26430.833333333332 113
14917.033333333333 102
16910.966666666667 113
15236.699999999999 99
25898.6 92
4079.633333333333 95
26381.033333333333 111
24277.333333333332 112
23579.566666666666 72
19161.966666666667 90
7819.833333333333 64
2512.5 101
10807.3 102
15995.133333333333 78
14271.199999999999 106
2695.2666666666664 65
3346.633333333333 119
5717.3 70
23617.166666666668 79
3268.2 103
6801.966666666666 83
17426.866666666665 97
7951.9 62
18480.63333333333 65
22725.566666666666 61
25744.233333333334 108
15451.666666666666 119
2492.8333333333335 108
6353.966666666666 80
709.5666666666666 107
5413.433333333333 95
5715.166666666667 76
8376.933333333332 115
21201.066666666666 76
2507.8 81
15358.3 83
23423.8 60
8872.933333333332 61
9928.5 62
21803.033333333333 88
4070.5333333333333 61
11027.3 91
15412.233333333334 102
14527.699999999999 90
2945.866666666667 101
13960.866666666667 77
15534.933333333332 115
2397.9333333333334 64
26266.233333333334 67
20858.966666666667 68
1003.3 67
12835.2 68
24872.833333333332 70
589.1333333333333 97
26523.266666666666 102
21092.333333333332 81
9951.933333333332 109
7847.733333333334 87
8746.966666666667 90
23038.6 80
9248.566666666666 87
23306.766666666666 68
20301.9 68
28290.3 76
14252.233333333334 79
17994.5 62
17871.8 109
27695.13333333333 69
23567.466666666667 105
25408.733333333334 112
20951.066666666666 106
26152.933333333334 84
11008.5 81
13557.6 91
14353.1 110
3226.0666666666666 107
20949.433333333334 60
3406.7 62
5479.566666666667 81
17522.833333333332 63
27093.566666666666 73
20739.533333333333 100
22318.6 93
4406.066666666667 61
16046.8 77
10696.766666666666 117
25072.4 106
17169.6 106
12906.1 68
4261.5 76
12913.1 71
28477.666666666668 118
19840.0 111
16903.533333333333 75
2037.1 98
1661.5666666666666 106
11034.4 116
14082.566666666666 111
13755.0 83
25275.766666666666 107
5103.533333333333 89
27456.033333333333 79
1467.5 71
24511.866666666665 85
25212.6 64
5929.966666666666 111
17783.166666666668 74
6456.066666666667 98
979.4666666666667 83
27277.033333333333 94
21073.533333333333 116
23094.366666666665 89
5189.966666666666 118
1395.6333333333332 115
26511.833333333332 82
7185.433333333333 116
15348.199999999999 117
961.1666666666666 90
9213.533333333333 85
12869.0 89
19290.13333333333 117
14389.666666666666 117
23442.9 62
2820.7 80
12249.7 65
14721.833333333334 62
23339.0 110
20359.533333333333 78
11400.533333333333 71
4617.3 115
8425.466666666667 64
17454.233333333334 102
236.66666666666666 84
24835.3 91
24893.233333333334 95
19126.566666666666 112
3200.5 71
922.5333333333333 61
25623.033333333333 113
26296.13333333333 65
12600.433333333332 74
16098.733333333334 102
22885.166666666668 118
5066.6 65
9038.066666666666 81
27376.63333333333 98
14522.8 68
8256.3 66
21772.0 82
12326.1 68
5990.333333333333 79
23459.033333333333 77
23077.9 61
12191.6 73
25813.13333333333 74
27037.466666666667 111
5473.0 93
24343.566666666666 72
15935.533333333333 73
4357.833333333333 95
3788.0 111
5000.766666666666 60
21513.233333333334 65
3637.0 84
13242.4 75
39.6 102
28759.666666666668 107
23984.333333333332 104
5479.5 112
22735.733333333334 90
16782.366666666665 88
678.1666666666666 77
17956.8 102
6152.8 81
21838.566666666666 72
3208.366666666667 73
20291.266666666666 77
1564.2666666666667 65
6534.7 76
20538.0 97
28068.366666666665 112
28302.5 64
24375.933333333334 82
736.8 63
6222.766666666666 101
12614.033333333333 69
10521.1 75
15844.3 118
9855.5 87
19906.4 101
11483.8 63
28179.8 114
20120.933333333334 87
24916.233333333334 117
8550.0 104
27547.466666666667 63
9864.033333333333 88
12556.466666666667 66
4647.8 83
18037.733333333334 65
24703.3 103
12498.466666666667 74
27723.966666666667 73
26032.233333333334 62
19410.1 84
22456.266666666666 79
1995.9666666666667 96
28638.766666666666 85
21992.833333333332 83
25010.433333333334 108
28025.13333333333 112
16581.733333333334 92
12933.266666666666 102
23965.933333333334 66
12983.7 74
17958.466666666667 83
2011.9333333333334 116
16004.6 113
9701.733333333334 118
6715.733333333334 114
26044.2 68
26058.066666666666 60
5064.533333333333 69
19081.0 102
628.5333333333333 97
20099.033333333333 91
12362.2 75
18188.6 83
25380.2 103
1827.5 90
19205.0 82
2117.0666666666666 97
1438.9 107
7470.966666666666 68
12210.733333333334 97
23325.766666666666 94
16030.199999999999 60
10743.066666666666 96
7345.333333333333 108
597.6 115
14088.333333333334 97
19893.733333333334 92
589.4333333333333 99
4795.133333333333 76
1709.3999999999999 105
23380.766666666666 76
6733.8 77
100.86666666666666 72
17221.933333333334 103
7675.0 60
2417.1 78
23698.566666666666 92
23744.366666666665 106
18494.333333333332 70
19688.2 72
20062.9 111
516.2666666666667 117
17339.5 98
16199.433333333332 89
6271.633333333333 113
12492.8 110
15258.8 105
16356.333333333334 118
14932.966666666667 68
10209.166666666666 64
28379.866666666665 109
16544.433333333334 86
3151.6 106
19670.6 113
15775.1 91
6390.866666666667 64
19474.63333333333 117
17251.066666666666 100
23496.566666666666 88
5307.166666666667 72
1364.8333333333333 115
4557.3 66
26184.433333333334 108
22304.766666666666 89
22261.5 97
10529.9 90
28601.666666666668 91
15129.933333333332 66
12304.366666666667 85
5997.266666666666 64
51.233333333333334 81
9579.933333333332 82
10681.266666666666 107
12683.666666666666 94
20716.766666666666 112
21373.533333333333 91
21401.7 96
6745.099999999999 95
1581.7333333333333 111
2863.0333333333333 92
2295.233333333333 93
24704.866666666665 104
11797.0 69
11586.433333333332 94
12286.0 109
21286.9 63
5332.7 91
27511.833333333332 86
25672.13333333333 61
16085.699999999999 98
2564.3 73
22899.7 73
1699.3666666666666 96
5589.8 104
12580.866666666667 63
28096.266666666666 61
21744.433333333334 101
28052.399999999998 110
8323.366666666667 98
23804.8 103
22366.933333333334 98
28792.666666666668 69
20877.13333333333 75
12126.733333333334 119
5212.7 110
3054.3333333333335 113
10713.633333333333 113
7120.266666666666 104
5618.166666666667 71
2236.9666666666667 82
999.4666666666667 115
5450.866666666667 77
4329.4 78
18738.13333333333 62
16970.933333333334 95
19333.4 72
18571.8 81
21535.733333333334 115
19192.966666666667 66
8374.2 81
4185.633333333333 112
4927.366666666667 111
6144.966666666666 94
4582.033333333333 85
9997.5 84
8837.133333333333 94
19701.766666666666 71
17118.6 99
15365.766666666666 95
22383.566666666666 110
15219.233333333334 77
6502.866666666667 114
23501.266666666666 82
28097.666666666668 80
14670.633333333333 69
6956.933333333333 117
6879.5 115
26846.866666666665 95
7127.133333333333 60
27478.933333333334 106
15179.433333333332 102
7190.033333333333 98
12902.666666666666 61
18472.3 110
25841.13333333333 112
22499.066666666666 70
9041.4 116
12521.366666666667 81
21348.733333333334 99
13613.6 79
16247.566666666666 86
23055.63333333333 60
5672.533333333333 80
10946.966666666667 74
25270.13333333333 66
18226.333333333332 103
6812.466666666666 83
15419.8 89
20202.8 76
21400.466666666667 93
19594.13333333333 80
27617.899999999998 112
17101.433333333334 99
961.4 105
28529.3 71
6562.933333333333 77
14961.699999999999 82
14346.8 106
4032.5333333333333 77
17828.266666666666 90
10020.1 61
5229.466666666666 76
1263.6 108
24408.666666666668 79
14784.6 118
1176.0333333333333 60
8113.133333333333 72
15015.966666666667 71
887.4 100
2100.9666666666667 62
13176.466666666667 96
3000.633333333333 112
19196.2 116
13917.166666666666 109
1493.5666666666666 71
28172.166666666668 94
26998.2 88
24942.9 73
18459.7 76
18420.166666666668 67
25933.8 63
27701.866666666665 97
25100.6 67
7844.666666666667 109
2924.3 81
28205.5 116
13898.166666666666 63
11310.0 110
26966.933333333334 111
24069.233333333334 101
22067.733333333334 75
14155.433333333332 113
22969.333333333332 96
26754.8 72
2969.366666666667 101
7088.233333333334 60
14241.733333333334 70
21293.4 65
24613.733333333334 73
26657.13333333333 67
22010.1 114
9593.066666666666 91
3914.0666666666666 112
11365.733333333334 94
20702.566666666666 72
25446.533333333333 119
24126.366666666665 88
26103.7 78
6718.166666666667 92
10504.966666666667 98
5383.4 111
11951.8 70
27897.233333333334 115
4138.0 86
19603.566666666666 85
5966.4 110
4527.233333333334 98
22740.2 70
25647.733333333334 90
23443.233333333334 90
21467.7 84
8683.066666666666 103
25855.466666666667 101
24775.433333333334 62
16074.9 71
11528.2 100
25998.9 71
5721.666666666667 95
17282.13333333333 86
7413.766666666666 70
19233.4 81
28688.5 79
449.56666666666666 69
19450.466666666667 94
8829.266666666666 79
26165.13333333333 77
8635.466666666667 65
6321.7 60
17431.8 65
10203.3 82
249.26666666666665 84
7069.933333333333 63
8154.8 66
17613.533333333333 91
10866.133333333333 65
4193.2 86
5188.066666666667 71
28264.233333333334 106
25268.933333333334 100
10662.7 117
27384.0 71
22612.0 81
6572.466666666666 63
23049.933333333334 86
1846.6 72
22641.9 108
17763.7 84
20402.833333333332 75
15443.666666666666 80
14190.933333333332 94
27589.5 70
20859.13333333333 92
17275.9 96
11307.833333333334 77
2362.0333333333333 94
17925.066666666666 77
22979.1 85
200.66666666666666 71
27487.833333333332 75
13879.333333333334 62
511.09999999999997 110
4276.3 100
21019.833333333332 61
6557.066666666667 86
6735.366666666667 91
3419.233333333333 69
23002.1 91
9362.333333333334 76
14876.4 72
9877.1 119
26111.233333333334 108
3439.8333333333335 87
23702.1 99
3210.0333333333333 95
7998.099999999999 115
28278.166666666668 90
22065.066666666666 92
16141.0 67
26824.5 86
104.26666666666667 106
10168.333333333334 101
21941.966666666667 66
5958.0 71
26540.433333333334 113
16301.733333333334 60
24511.233333333334 86
10785.6 66
9741.066666666666 83
9906.533333333333 111
17458.13333333333 83
21644.6 89
999.7333333333333 104
8950.333333333334 112
6167.866666666667 78
3860.0666666666666 81
13419.9 119
11420.233333333334 92
7629.766666666666 88
13351.466666666667 109
18252.333333333332 91
562.1333333333333 116
17769.466666666667 63
14817.433333333332 101
5345.866666666667 108
18315.266666666666 89
686.2333333333333 92
21743.9 67
20745.733333333334 93
19961.966666666667 82
23560.433333333334 100
22010.666666666668 115
1360.8333333333333 87
3284.6666666666665 68
1007.4666666666667 92
6241.2 89
17758.033333333333 86
1626.4 68
2621.6666666666665 96
13519.766666666666 80
5684.3 63
1617.6333333333332 61
13685.733333333334 114
10963.9 71
24843.9 114
14963.833333333334 91
16558.1 80
24275.13333333333 119
6986.366666666667 89
28192.3 76
10787.633333333333 111
23516.0 112
21923.63333333333 76
19682.833333333332 113
16799.666666666668 93
4167.0 116
26467.966666666667 88
25904.333333333332 78
22619.8 90
557.4 94
8463.6 93
11182.433333333332 70
2387.9666666666667 119
3416.6 71
24341.666666666668 108
11682.4 93
6490.366666666667 111
22490.433333333334 78
4224.3 63
15951.133333333333 92
25609.266666666666 66
28531.666666666668 106
9290.233333333334 70
19392.266666666666 84
25897.466666666667 116
3708.8333333333335 74
28578.6 109
17014.13333333333 64
19997.4 83
27306.333333333332 118
1846.8 68
3450.233333333333 73
5219.3 85
13534.633333333333 69
5198.666666666667 76
23994.266666666666 110
23985.8 91
12541.933333333332 62
27957.466666666667 83
1497.9666666666667 82
8998.6 104
3640.7 86
13783.1 83
19122.933333333334 112
13635.9 79
22581.7 67
7519.8 115
8861.1 99
21240.333333333332 105
22948.733333333334 90
15024.833333333334 76
26796.266666666666 80
22253.966666666667 96
2016.3666666666666 115
2995.5333333333333 103
5287.233333333334 100
14624.1 73
1771.8333333333333 71
17366.3 116
3356.0333333333333 96
27595.533333333333 61
6704.8 117
25652.533333333333 68
17658.833333333332 86
8101.966666666666 94
13813.533333333333 93
24715.8 70
5081.5 70
15163.866666666667 88
26425.066666666666 96
1548.4666666666667 110
13000.166666666666 62
9736.866666666667 66
17325.666666666668 113
27546.399999999998 94
3048.8333333333335 83
13895.366666666667 83
7408.599999999999 99
12090.733333333334 84
21530.5 76
27950.333333333332 118
16971.766666666666 101
27024.766666666666 113
10996.033333333333 93
11518.433333333332 119
14789.433333333332 119
17398.8 71
26507.399999999998 101
2327.8 85
8904.866666666667 117
4390.366666666667 66
19383.0 74
12008.9 90
15257.233333333334 63
9219.666666666666 73
9147.066666666666 88
1691.3999999999999 110
13277.666666666666 110
23437.566666666666 109
3417.4 90
1940.8999999999999 88
9961.266666666666 113
18565.066666666666 78
21746.733333333334 85
15535.033333333333 116
405.6333333333333 94
4819.166666666667 103
18264.6 87
18723.5 88
18154.6 80
28248.13333333333 78
28396.733333333334 99
1311.4 119
2226.866666666667 85
18907.766666666666 80
3421.7 79
2466.5666666666666 87
19662.9 111
16962.3 101
17938.733333333334 61
10122.633333333333 114
13481.833333333334 96
17296.566666666666 72
15489.166666666666 98
4496.933333333333 107
21771.433333333334 81
5801.433333333333 70
13680.699999999999 64
24679.0 97
22439.166666666668 88
13968.766666666666 119
19097.566666666666 73
10894.4 68
22576.933333333334 107
8102.766666666666 101
28662.13333333333 99
3265.6 77
7125.233333333334 111
2654.2666666666664 106
18898.766666666666 94
14407.333333333334 61
19111.5 92
4490.133333333333 107
2448.733333333333 89
14954.966666666667 100
23685.466666666667 68
16927.066666666666 68
24508.066666666666 92
27364.233333333334 95
6221.466666666666 74
23141.7 84
8042.666666666667 80
20694.0 112
2914.7666666666664 93
3861.633333333333 63
21096.733333333334 114
23986.033333333333 106
11799.833333333334 94
63.833333333333336 106
1801.5666666666666 102
19799.5 73
2382.5333333333333 100
25855.6 118
7226.233333333334 62
23199.6 112
9615.3 115
12278.2 93
4675.666666666667 81
3679.733333333333 109
19150.0 114
16185.466666666667 82
9049.433333333332 70
2893.133333333333 97
10353.733333333334 114
2224.2666666666664 84
22225.6 93
40.63333333333333 69
14323.199999999999 96
22347.4 119
8380.533333333333 64
8861.533333333333 66
14417.866666666667 87
5750.866666666667 88
22543.866666666665 81
22232.63333333333 116
7466.2 98
23742.63333333333 79
27814.7 97
23211.7 61
25730.733333333334 80
23195.866666666665 72
9366.133333333333 74
23489.3 77
11694.833333333334 88
7234.2 70
14200.033333333333 102
26044.6 74
27610.233333333334 111
6752.233333333334 93
18744.6 62
23764.333333333332 104
3696.1666666666665 92
22158.433333333334 71
10768.166666666666 106
15764.366666666667 86
20854.766666666666 118
7189.2 81
13896.433333333332 106
10521.933333333332 69
10182.266666666666 65
22270.7 94
9261.933333333332 67
19446.733333333334 61
23218.2 62
2407.6666666666665 104
317.73333333333335 64
17724.466666666667 77
3875.0666666666666 98
18607.533333333333 117
18616.366666666665 96
12110.733333333334 70
21245.1 66
363.0 106
12311.3 71
6709.066666666667 97
14356.333333333334 75
8805.633333333333 98
14105.133333333333 94
14703.199999999999 65
17712.8 89
12021.333333333334 101
16782.5 115
1618.4 86
15687.199999999999 69
4302.566666666667 88
26359.8 108
25448.766666666666 101
28281.5 113
28782.233333333334 75
22550.5 101
25629.333333333332 91
10381.933333333332 109
9635.133333333333 91
15111.733333333334 78
27745.033333333333 80
26369.766666666666 93
9318.733333333334 74
28696.13333333333 69
13733.9 110
27682.833333333332 111
27462.8 65
26832.0 117
7903.099999999999 106
12821.4 72
4590.233333333334 81
18475.233333333334 66
8193.9 82
22907.5 99
12905.633333333333 85
8476.4 77
17522.433333333334 111
23065.4 95
18867.533333333333 88
23400.966666666667 93
2554.8 63
1750.6333333333332 64
12058.966666666667 113
10478.7 66
8424.566666666666 84
10773.2 74
14183.866666666667 83
24862.566666666666 99
25874.166666666668 83
5419.3 67
27934.066666666666 89
276.6333333333333 61
7490.599999999999 94
26416.7 88
5133.1 67
2665.733333333333 65
25734.366666666665 90
22005.266666666666 91
22947.833333333332 82
26855.066666666666 108
22644.7 114
26469.733333333334 90
6821.3 94
14223.5 83
5464.6 112
10306.966666666667 78
9844.8 63
1485.6 98
6181.133333333333 112
2786.6 102
1537.6666666666667 115
8110.033333333333 88
10881.866666666667 105
19483.333333333332 112
16843.066666666666 66
11604.866666666667 68
3455.7 92
16022.8 108
3747.6 112
27452.533333333333 81
4667.066666666667 96
2308.733333333333 105
15822.8 78
24006.966666666667 91
27161.266666666666 104
5817.133333333333 61
16008.6 95
12753.133333333333 69
17932.166666666668 78
11366.933333333332 95
22177.733333333334 119
3822.9333333333334 70
28568.333333333332 90
21819.9 107
9214.566666666666 71
19217.333333333332 60
3960.733333333333 78
13734.866666666667 92
20378.0 103
22905.466666666667 110
17494.833333333332 62
25343.233333333334 99
21103.333333333332 83
24181.63333333333 103
22896.4 118
5884.866666666667 94
13924.966666666667 69
18493.466666666667 83
13662.133333333333 106
14927.666666666666 62
6520.233333333334 69
24457.666666666668 113
27901.2 67
3337.2666666666664 114
28129.13333333333 90
15200.699999999999 107
12552.666666666666 113
12441.066666666666 87
15273.566666666666 95
16620.5 119
14038.733333333334 102
27114.933333333334 74
28670.333333333332 64
16280.833333333334 72
17344.5 105
23970.666666666668 103
15885.1 109
9027.133333333333 65
11537.933333333332 111
2776.5333333333333 93
15552.699999999999 77
14510.166666666666 71
11606.5 79
16025.333333333334 67
9430.3 73
23543.6 74
27768.466666666667 90
22589.966666666667 87
28713.7 108
17038.366666666665 87
11777.566666666666 84
28365.399999999998 81
1213.7666666666667 89
10689.433333333332 100
3535.6 75
15059.866666666667 101
9663.366666666667 112
3077.4333333333334 68
17824.733333333334 116
2961.4 70
8217.233333333334 98
26879.899999999998 105
13653.6 82
9694.9 91
18065.0 113
21854.13333333333 97
7228.866666666667 112
14635.699999999999 89
19179.266666666666 114
25982.9 110
17694.0 115
28174.5 81
10791.166666666666 87
24087.0 78
25528.5 83
24139.733333333334 82
3251.733333333333 71
25082.5 62
26101.366666666665 103
21220.733333333334 76
20563.2 64
775.8666666666667 66
10672.433333333332 105
3569.0666666666666 117
14057.466666666667 101
3359.233333333333 119
9835.166666666666 99
27983.666666666668 79
11387.166666666666 62
27596.2 85
25930.7 102
13573.3 105
18839.533333333333 109
280.5 69
5406.566666666667 113
7197.733333333334 112
15925.833333333334 86
5867.766666666666 115
27856.399999999998 73
14706.433333333332 92
13423.3 109
19411.433333333334 89
6982.7 104
18598.7 102
20554.1 97
25191.2 86
14752.3 107
25614.833333333332 66
21737.933333333334 68
19351.733333333334 116
4034.633333333333 81
14934.5 83
11953.666666666666 104
18893.833333333332 77
6148.033333333333 66
20142.7 96
759.9666666666667 89
370.43333333333334 69
21334.833333333332 105
12849.0 70
16550.866666666665 72
9123.5 67
5092.166666666667 98
2642.366666666667 60
5247.333333333333 119
22483.0 113
2546.1666666666665 93
3321.7666666666664 103
8578.4 104
23956.2 75
12878.2 71
8653.633333333333 62
4529.533333333333 97
28709.666666666668 74
8901.6 103
26300.6 114
6810.466666666666 76
20334.666666666668 97
10209.833333333334 113
18829.666666666668 82
7644.733333333334 90
23726.1 115
23085.4 81
21269.63333333333 93
11388.6 78
15065.1 82
18744.566666666666 75
2304.8333333333335 87
23069.566666666666 115
27401.833333333332 85
24107.9 104
26144.733333333334 76
24593.5 61
10182.4 113
28366.1 119
22845.13333333333 111
10658.866666666667 110
20228.6 77
15544.9 102
7936.599999999999 109
5812.066666666667 88
15183.9 97
26884.866666666665 115
17190.6 91
18380.533333333333 112
5289.866666666667 106
3287.5333333333333 65
28633.666666666668 90
1791.0333333333333 81
7183.033333333333 79
9791.466666666667 94
8598.333333333334 76
7807.9 90
9829.7 67
7985.599999999999 115
13502.733333333334 119
21569.666666666668 111
26608.933333333334 117
10158.8 108
11242.666666666666 70
22172.933333333334 79
4147.266666666666 88
16699.866666666665 85
21248.666666666668 69
4552.533333333333 110
23571.866666666665 97
13526.033333333333 98
13501.1 114
1831.0 93
14225.366666666667 91
20341.733333333334 111
8449.433333333332 93
14080.633333333333 119
9273.766666666666 90
23980.3 102
7869.533333333333 66
21820.1 82
4861.333333333333 86
23575.433333333334 86
5981.933333333333 111
20838.566666666666 89
15812.733333333334 92
22847.0 100
