2633.0 81
3353.0 97
3321.0 97
563.0 68
189.0 87
1840.0 82
930.0 82
2377.0 91
1176.0 76
2196.0 99
2925.0 97
3520.0 102
2906.0 87
1174.0 80
403.0 113
1989.0 104
317.0 100
1973.0 111
2426.0 114
1736.0 89
494.0 104
2155.0 78
3523.0 105
3378.0 109
1387.0 110
2816.0 82
2164.0 65
2366.0 78
2519.0 63
2579.0 108
1065.0 82
2407.0 64
143.0 92
2627.0 71
2091.0 95
3361.0 118
1487.0 111
2416.0 88
2779.0 73
211.0 66
992.0 102
3338.0 107
2194.0 113
293.0 101
2038.0 117
2650.0 79
3450.0 106
183.0 96
2150.0 73
2929.0 93
707.0 114
1451.0 100
2307.0 100
3571.0 82
2065.0 98
2715.0 99
1850.0 64
1309.0 92
1112.0 107
595.0 103
2539.0 69
1968.0 69
2937.0 70
2262.0 117
1541.0 78
1903.0 110
3208.0 94
1179.0 74
1734.0 86
3516.0 64
629.0 107
257.0 104
192.0 72
2253.0 104
2115.0 82
3375.0 75
1425.0 116
1032.0 95
625.0 115
153.0 69
7.0 113
2826.0 91
2354.0 104
928.0 62
819.0 101
445.0 96
1798.0 67
3258.0 60
3345.0 78
1904.0 67
1590.0 82
2974.0 60
2246.0 89
1626.0 103
1300.0 63
1177.0 80
2603.0 119
2339.0 80
260.0 96
87.0 79
741.0 87
3086.0 84
863.0 92
447.0 114
703.0 74
1661.0 92
2737.0 62
1127.0 75
2388.0 102
1211.0 106
2029.0 85
1252.0 88
1920.0 80
3468.0 90
886.0 118
2915.0 91
2882.0 67
1859.0 102
3162.0 66
2179.0 66
1780.0 112
3324.0 117
2897.0 114
2273.0 87
1704.0 101
1899.0 78
2667.0 86
634.0 79
2994.0 95
2728.0 105
341.0 90
1738.0 61
19.0 80
3552.0 100
3544.0 93
1812.0 118
2827.0 90
1485.0 108
2546.0 69
1460.0 115
2692.0 64
1148.0 95
3343.0 89
3176.0 110
592.0 82
3206.0 98
1224.0 68
2343.0 79
734.0 94
1531.0 65
2587.0 113
318.0 96
3597.0 104
2648.0 104
2813.0 61
1665.0 118
894.0 77
3548.0 64
307.0 73
854.0 78
2901.0 110
950.0 104
1542.0 69
981.0 115
3153.0 108
1580.0 112
2757.0 112
3010.0 91
1777.0 84
2353.0 105
1774.0 92
84.0 118
2509.0 60
1382.0 94
878.0 113
2319.0 116
2917.0 117
2693.0 98
154.0 86
989.0 69
3103.0 116
1094.0 93
2189.0 64
2311.0 74
2541.0 92
2468.0 83
1355.0 110
2271.0 82
3451.0 60
3509.0 73
2390.0 87
2260.0 97
1143.0 104
1761.0 70
164.0 68
1873.0 80
1639.0 66
1468.0 66
2690.0 115
1322.0 86
1243.0 88
599.0 70
3281.0 64
1856.0 102
3135.0 118
2475.0 71
94.0 86
3110.0 111
404.0 60
340.0 67
3271.0 113
2900.0 92
245.0 96
641.0 101
1150.0 61
3049.0 113
748.0 92
3030.0 63
2032.0 94
850.0 81
384.0 98
2103.0 64
2783.0 67
2919.0 94
435.0 110
1683.0 93
1800.0 100
360.0 79
729.0 77
2492.0 98
305.0 86
3573.0 115
455.0 78
2259.0 68
391.0 79
2315.0 66
1782.0 75
2428.0 73
1559.0 68
3078.0 66
