1653.0 93
2118.0 63
788.0 102
711.0 103
2720.0 110
1968.0 61
1625.0 101
3479.0 101
1670.0 91
785.0 61
796.0 117
2507.0 81
3409.0 78
3257.0 85
2767.0 79
2334.0 95
2839.0 77
3216.0 111
637.0 109
2014.0 73
939.0 79
3234.0 104
58.0 83
2188.0 106
1086.0 106
3597.0 116
3327.0 90
209.0 111
2560.0 95
730.0 74
2499.0 105
1848.0 66
1545.0 108
3275.0 82
2677.0 88
1791.0 100
651.0 63
1965.0 90
3250.0 77
1771.0 104
2806.0 90
1424.0 106
1652.0 95
862.0 77
1255.0 69
2443.0 66
13.0 97
571.0 104
1882.0 87
2805.0 118
1220.0 77
251.0 90
1394.0 113
3571.0 68
1669.0 102
240.0 75
1389.0 99
3232.0 84
3311.0 96
2419.0 89
2369.0 106
2644.0 117
3478.0 61
2136.0 64
3089.0 101
3440.0 89
1664.0 78
2752.0 73
1023.0 86
668.0 89
2525.0 104
1761.0 73
2915.0 90
3421.0 95
898.0 98
717.0 109
489.0 89
3149.0 97
1833.0 106
1444.0 70
2464.0 76
468.0 69
2297.0 75
818.0 110
2449.0 70
1857.0 98
2795.0 118
1481.0 87
3064.0 80
2096.0 87
351.0 115
2102.0 114
1666.0 82
3516.0 105
1561.0 60
2197.0 108
2323.0 113
3010.0 72
438.0 67
1147.0 78
1937.0 83
2200.0 99
2833.0 108
2133.0 118
3195.0 96
1557.0 84
2269.0 102
2819.0 85
759.0 105
1478.0 101
919.0 86
1382.0 91
38.0 103
774.0 62
3439.0 100
308.0 102
2370.0 68
3095.0 60
3179.0 77
2774.0 62
1006.0 73
3127.0 91
657.0 63
3446.0 119
36.0 96
3500.0 80
160.0 101
1449.0 86
352.0 64
1282.0 62
3350.0 81
323.0 79
395.0 100
3262.0 103
3391.0 61
3596.0 102
26.0 60
2149.0 82
667.0 107
3483.0 84
3447.0 85
597.0 116
2927.0 62
461.0 119
1289.0 90
426.0 86
2920.0 72
2338.0 106
1441.0 92
1331.0 84
1936.0 114
562.0 115
3559.0 118
1712.0 75
539.0 106
2312.0 97
2381.0 85
1816.0 113
1329.0 118
2590.0 106
2815.0 111
2347.0 77
1218.0 76
1370.0 105
573.0 113
1206.0 84
1122.0 117
2995.0 85
1877.0 77
2608.0 108
2676.0 60
892.0 105
3526.0 66
192.0 89
116.0 92
2722.0 84
1863.0 84
2762.0 86
1284.0 94
2728.0 102
1719.0 77
2581.0 116
3020.0 89
2742.0 73
3143.0 94
3517.0 93
501.0 79
3031.0 74
1929.0 66
3259.0 72
279.0 95
2111.0 99
2637.0 119
1698.0 112
2664.0 93
456.0 72
1951.0 117
2130.0 63
305.0 72
2487.0 107
592.0 103
172.0 72
3339.0 82
528.0 88
834.0 92
907.0 82
454.0 62
1655.0 91
1484.0 114
1180.0 62
1966.0 71
968.0 119
3072.0 115
3067.0 63
1188.0 92
2191.0 91
3134.0 76
409.0 111
1875.0 68
3417.0 64
2021.0 80
2462.0 62
3286.0 112
2109.0 98
3027.0 62
3465.0 96
942.0 103
298.0 94
384.0 92
2226.0 113
2270.0 62
97.0 107
3481.0 77
405.0 62
2408.0 88
1762.0 96
1496.0 64
2176.0 68
1458.0 71
514.0 75
