2633.0 80
3353.0 104
3321.0 117
563.0 89
189.0 73
1840.0 92
930.0 86
2377.0 72
1176.0 61
2196.0 88
2925.0 66
3520.0 72
2906.0 112
1174.0 74
403.0 104
1989.0 116
317.0 78
1973.0 68
2426.0 101
1736.0 113
494.0 105
2155.0 117
3523.0 69
3378.0 62
1387.0 76
2816.0 69
2164.0 84
2366.0 102
2519.0 110
2579.0 109
1065.0 60
2407.0 79
143.0 82
2627.0 110
2091.0 75
3361.0 101
1487.0 113
2416.0 94
2779.0 116
211.0 105
992.0 73
3338.0 71
2194.0 114
293.0 113
2038.0 63
2650.0 95
3450.0 95
183.0 80
2150.0 60
2929.0 119
707.0 82
1451.0 75
2307.0 73
3571.0 100
2065.0 113
2715.0 72
1850.0 61
1309.0 72
1112.0 66
595.0 73
2539.0 78
1968.0 65
2937.0 116
2262.0 73
1541.0 85
1903.0 71
3208.0 83
1179.0 81
1734.0 105
3516.0 101
629.0 80
257.0 107
192.0 106
2253.0 89
2115.0 63
3375.0 88
1425.0 99
1032.0 97
625.0 70
153.0 99
7.0 103
2826.0 75
2354.0 84
928.0 63
819.0 69
445.0 93
1798.0 114
3258.0 75
3345.0 115
1904.0 63
1590.0 77
2974.0 104
2246.0 116
1626.0 78
1300.0 91
1177.0 72
2603.0 78
2339.0 68
260.0 91
87.0 83
741.0 95
3086.0 85
863.0 63
447.0 119
703.0 89
1661.0 92
2737.0 92
1127.0 90
2388.0 74
1211.0 71
2029.0 70
1252.0 100
1920.0 104
3468.0 108
886.0 109
2915.0 82
2882.0 72
1859.0 93
3162.0 86
2179.0 95
1780.0 69
3324.0 109
2897.0 105
2273.0 119
1704.0 107
1899.0 110
2667.0 81
634.0 82
2994.0 119
2728.0 93
341.0 68
1738.0 61
19.0 79
3552.0 112
3544.0 67
1812.0 87
2827.0 79
1485.0 108
2546.0 103
1460.0 66
2692.0 68
1148.0 91
3343.0 91
3176.0 118
592.0 104
3206.0 119
1224.0 88
2343.0 86
734.0 107
1531.0 112
2587.0 86
318.0 74
3597.0 91
2648.0 61
2813.0 74
1665.0 103
894.0 103
3548.0 70
307.0 68
854.0 62
2901.0 91
950.0 93
1542.0 111
981.0 63
3153.0 88
1580.0 107
2757.0 106
3010.0 74
1777.0 70
2353.0 101
1774.0 96
84.0 108
2509.0 106
1382.0 69
878.0 74
2319.0 70
2917.0 108
2693.0 103
154.0 69
989.0 75
3103.0 82
1094.0 70
2189.0 64
2311.0 73
2541.0 101
2468.0 113
1355.0 82
2271.0 108
3451.0 80
3509.0 90
2390.0 72
2260.0 83
1143.0 78
1761.0 109
164.0 109
1873.0 63
1639.0 66
1468.0 119
2690.0 77
1322.0 113
1243.0 104
599.0 98
3281.0 84
1856.0 119
3135.0 71
2475.0 114
94.0 76
3110.0 67
404.0 62
340.0 104
3271.0 98
2900.0 97
245.0 119
641.0 90
1150.0 94
3049.0 109
748.0 95
3030.0 107
2032.0 91
850.0 76
384.0 69
2103.0 117
2783.0 104
2919.0 82
435.0 62
1683.0 72
1800.0 93
360.0 112
729.0 82
2492.0 108
305.0 87
3573.0 108
455.0 90
2259.0 85
391.0 67
2315.0 80
1782.0 115
2428.0 70
1559.0 62
3078.0 109
