2107.0 99
2175.0 88
483.0 96
3211.0 61
2460.0 107
2960.0 60
3465.0 118
1504.0 91
2227.0 83
473.0 61
1347.0 118
1615.0 62
313.0 68
1743.0 108
333.0 83
2598.0 71
2953.0 93
3080.0 115
284.0 93
1665.0 82
410.0 78
1213.0 111
1713.0 119
3257.0 91
1244.0 118
2720.0 108
2931.0 87
3199.0 85
2807.0 108
2617.0 104
2784.0 71
1318.0 102
1057.0 117
273.0 90
2825.0 119
1866.0 70
821.0 115
3300.0 99
1800.0 109
1872.0 63
2768.0 77
3441.0 88
498.0 106
1291.0 115
422.0 98
3098.0 114
3158.0 117
2667.0 106
3181.0 90
1891.0 110
2739.0 87
3574.0 86
56.0 112
3483.0 89
2312.0 108
1506.0 101
633.0 70
2088.0 73
1929.0 63
775.0 95
3217.0 60
360.0 103
3126.0 98
1483.0 96
1595.0 92
3010.0 80
3149.0 83
2729.0 117
676.0 99
591.0 109
641.0 72
296.0 108
3525.0 93
1300.0 97
174.0 88
2999.0 112
36.0 95
2549.0 99
561.0 106
1675.0 64
1904.0 79
256.0 88
1949.0 70
1410.0 67
1984.0 87
508.0 108
2150.0 100
372.0 77
2500.0 89
1214.0 73
583.0 115
3138.0 68
1408.0 69
3349.0 115
1814.0 84
1918.0 111
2057.0 86
2776.0 61
2912.0 62
987.0 88
2067.0 115
409.0 96
1988.0 86
1996.0 63
2243.0 94
2675.0 86
366.0 78
3041.0 69
1195.0 85
2778.0 66
2945.0 86
1561.0 89
3533.0 71
69.0 99
1550.0 64
1907.0 115
3416.0 72
1680.0 100
2337.0 63
1386.0 61
438.0 96
2358.0 93
1694.0 117
1492.0 109
115.0 65
1771.0 85
1917.0 70
2039.0 101
1158.0 60
3581.0 93
204.0 80
1424.0 69
494.0 64
2554.0 85
2533.0 103
1843.0 78
2339.0 80
2886.0 116
2754.0 93
1315.0 88
222.0 97
2769.0 74
320.0 99
1688.0 75
3192.0 110
420.0 77
419.0 118
1201.0 108
1284.0 60
459.0 70
1668.0 95
1004.0 91
1570.0 87
84.0 65
1384.0 66
3111.0 99
1610.0 83
3571.0 69
2360.0 89
2878.0 76
2699.0 103
347.0 67
2464.0 71
215.0 85
1553.0 76
1604.0 94
1808.0 105
2445.0 103
2131.0 64
3462.0 104
680.0 70
363.0 75
2911.0 117
2519.0 101
3136.0 89
253.0 119
317.0 115
280.0 99
2843.0 65
180.0 79
2521.0 79
777.0 83
3474.0 86
3079.0 62
917.0 83
2547.0 111
707.0 69
3596.0 84
3541.0 87
943.0 77
3321.0 101
1856.0 104
1599.0 73
1038.0 60
1008.0 79
765.0 106
724.0 84
799.0 71
1439.0 107
2704.0 98
1768.0 105
3417.0 68
857.0 68
365.0 101
1466.0 100
1159.0 84
1853.0 89
1240.0 107
1654.0 114
2613.0 99
3484.0 87
2973.0 61
2988.0 84
3586.0 77
919.0 83
941.0 77
933.0 86
3532.0 103
1691.0 115
265.0 94
3325.0 93
2830.0 97
1937.0 65
2524.0 108
18.0 75
2643.0 82
3084.0 87
2035.0 72
1235.0 71
2733.0 70
625.0 106
1325.0 119
493.0 108
3517.0 111
1357.0 81
1073.0 90
1535.0 115
2897.0 86
2563.0 86
779.0 99
