2107.0 61
2175.0 113
483.0 88
3211.0 65
2460.0 119
2960.0 60
3465.0 99
1504.0 70
2227.0 111
473.0 82
1347.0 85
1615.0 90
313.0 74
1743.0 68
333.0 93
2598.0 98
2953.0 76
3080.0 94
284.0 95
1665.0 62
410.0 99
1213.0 70
1713.0 87
3257.0 107
1244.0 87
2720.0 105
2931.0 114
3199.0 78
2807.0 114
2617.0 61
2784.0 91
1318.0 103
1057.0 70
273.0 75
2825.0 70
1866.0 62
821.0 114
3300.0 101
1800.0 88
1872.0 64
2768.0 87
3441.0 90
498.0 72
1291.0 84
422.0 115
3098.0 65
3158.0 119
2667.0 111
3181.0 62
1891.0 81
2739.0 100
3574.0 112
56.0 119
3483.0 98
2312.0 114
1506.0 91
633.0 89
2088.0 66
1929.0 84
775.0 61
3217.0 67
360.0 109
3126.0 118
1483.0 92
1595.0 87
3010.0 69
3149.0 97
2729.0 77
676.0 72
591.0 80
641.0 92
296.0 82
3525.0 60
1300.0 103
174.0 119
2999.0 99
36.0 119
2549.0 80
561.0 64
1675.0 94
1904.0 77
256.0 97
1949.0 95
1410.0 106
1984.0 88
508.0 85
2150.0 119
372.0 95
2500.0 97
1214.0 109
583.0 77
3138.0 88
1408.0 117
3349.0 90
1814.0 101
1918.0 72
2057.0 111
2776.0 113
2912.0 109
987.0 89
2067.0 66
409.0 118
1988.0 99
1996.0 116
2243.0 65
2675.0 61
366.0 113
3041.0 67
1195.0 69
2778.0 108
2945.0 118
1561.0 113
3533.0 103
69.0 102
1550.0 108
1907.0 107
3416.0 81
1680.0 69
2337.0 111
1386.0 94
438.0 78
2358.0 63
1694.0 78
1492.0 100
115.0 79
1771.0 108
1917.0 63
2039.0 108
1158.0 117
3581.0 85
204.0 62
1424.0 111
494.0 89
2554.0 95
2533.0 100
1843.0 65
2339.0 110
2886.0 98
2754.0 86
1315.0 75
222.0 106
2769.0 75
320.0 105
1688.0 95
3192.0 114
420.0 93
419.0 98
1201.0 83
1284.0 119
459.0 98
1668.0 65
1004.0 79
1570.0 68
84.0 108
1384.0 80
3111.0 70
1610.0 107
3571.0 89
2360.0 60
2878.0 86
2699.0 117
347.0 118
2464.0 107
215.0 108
1553.0 65
1604.0 113
1808.0 102
2445.0 66
2131.0 107
3462.0 117
680.0 116
363.0 81
2911.0 93
2519.0 79
3136.0 104
253.0 104
317.0 74
280.0 106
2843.0 68
180.0 77
2521.0 105
777.0 114
3474.0 105
3079.0 95
917.0 105
2547.0 101
707.0 89
3596.0 70
3541.0 113
943.0 92
3321.0 118
1856.0 105
1599.0 99
1038.0 65
1008.0 102
765.0 105
724.0 98
799.0 81
1439.0 98
2704.0 112
1768.0 78
3417.0 81
857.0 90
365.0 101
1466.0 84
1159.0 113
1853.0 100
1240.0 109
1654.0 118
2613.0 108
3484.0 89
2973.0 104
2988.0 63
3586.0 112
919.0 85
941.0 66
933.0 99
3532.0 107
1691.0 71
265.0 60
3325.0 65
2830.0 60
1937.0 67
2524.0 103
18.0 107
2643.0 92
3084.0 63
2035.0 110
1235.0 109
2733.0 99
625.0 65
1325.0 104
493.0 119
3517.0 111
1357.0 62
1073.0 74
1535.0 65
2897.0 65
2563.0 96
779.0 110
