2107.0 86
2175.0 101
483.0 100
3211.0 105
2460.0 113
2960.0 64
3465.0 118
1504.0 98
2227.0 76
473.0 82
1347.0 76
1615.0 100
313.0 113
1743.0 82
333.0 98
2598.0 92
2953.0 61
3080.0 69
284.0 78
1665.0 99
410.0 68
1213.0 74
1713.0 102
3257.0 83
1244.0 71
2720.0 81
2931.0 77
3199.0 61
2807.0 119
2617.0 74
2784.0 101
1318.0 98
1057.0 68
273.0 81
2825.0 76
1866.0 73
821.0 90
3300.0 100
1800.0 66
1872.0 106
2768.0 94
3441.0 93
498.0 62
1291.0 61
422.0 104
3098.0 86
3158.0 117
2667.0 104
3181.0 61
1891.0 111
2739.0 113
3574.0 110
56.0 100
3483.0 64
2312.0 80
1506.0 66
633.0 84
2088.0 104
1929.0 60
775.0 68
3217.0 61
360.0 62
3126.0 103
1483.0 96
1595.0 117
3010.0 103
3149.0 63
2729.0 80
676.0 85
591.0 112
641.0 103
296.0 96
3525.0 73
1300.0 105
174.0 69
2999.0 85
36.0 69
2549.0 96
561.0 118
1675.0 77
1904.0 86
256.0 76
1949.0 69
1410.0 70
1984.0 106
508.0 83
2150.0 78
372.0 103
2500.0 75
1214.0 82
583.0 115
3138.0 118
1408.0 71
3349.0 113
1814.0 113
1918.0 118
2057.0 78
2776.0 84
2912.0 62
987.0 72
2067.0 80
409.0 81
1988.0 106
1996.0 88
2243.0 108
2675.0 102
366.0 84
3041.0 82
1195.0 118
2778.0 71
2945.0 108
1561.0 113
3533.0 82
69.0 64
1550.0 88
1907.0 64
3416.0 98
1680.0 94
2337.0 94
1386.0 76
438.0 89
2358.0 115
1694.0 61
1492.0 74
115.0 110
1771.0 82
1917.0 101
2039.0 85
1158.0 70
3581.0 83
204.0 68
1424.0 73
494.0 83
2554.0 66
2533.0 69
1843.0 92
2339.0 92
2886.0 105
2754.0 86
1315.0 67
222.0 73
2769.0 66
320.0 77
1688.0 116
3192.0 85
420.0 114
419.0 100
1201.0 118
1284.0 74
459.0 92
1668.0 70
1004.0 78
1570.0 101
84.0 77
1384.0 81
3111.0 117
1610.0 95
3571.0 77
2360.0 77
2878.0 81
2699.0 84
347.0 113
2464.0 111
215.0 103
1553.0 90
1604.0 68
1808.0 109
2445.0 97
2131.0 114
3462.0 78
680.0 111
363.0 114
2911.0 84
2519.0 74
3136.0 64
253.0 70
317.0 72
280.0 93
2843.0 67
180.0 84
2521.0 86
777.0 70
3474.0 77
3079.0 117
917.0 69
2547.0 92
707.0 95
3596.0 76
3541.0 108
943.0 64
3321.0 82
1856.0 62
1599.0 98
1038.0 96
1008.0 69
765.0 86
724.0 115
799.0 66
1439.0 108
2704.0 88
1768.0 108
3417.0 98
857.0 65
365.0 68
1466.0 67
1159.0 73
1853.0 113
1240.0 97
1654.0 68
2613.0 119
3484.0 111
2973.0 116
2988.0 70
3586.0 70
919.0 99
941.0 94
933.0 70
3532.0 95
1691.0 114
265.0 62
3325.0 104
2830.0 78
1937.0 67
2524.0 112
18.0 87
2643.0 112
3084.0 115
2035.0 113
1235.0 112
2733.0 60
625.0 112
1325.0 99
493.0 89
3517.0 100
1357.0 97
1073.0 70
1535.0 88
2897.0 90
2563.0 69
779.0 94
