0.0 38
15.0 9
30.0 10
45.0 26
60.0 47
75.0 44
90.0 5
105.0 7
120.0 41
135.0 11
150.0 11
165.0 41
180.0 28
195.0 19
210.0 45
225.0 43
240.0 30
255.0 6
270.0 7
285.0 30
300.0 1
315.0 26
330.0 5
345.0 8
360.0 3
375.0 5
390.0 10
405.0 16
420.0 15
435.0 38
450.0 1
465.0 34
480.0 26
495.0 24
510.0 26
525.0 34
540.0 7
555.0 35
570.0 36
585.0 9
600.0 7
615.0 15
630.0 30
645.0 5
660.0 20
675.0 3
690.0 45
705.0 7
720.0 38
735.0 21
750.0 25
765.0 17
780.0 20
795.0 31
810.0 13
825.0 33
840.0 31
855.0 3
870.0 25
885.0 27
900.0 49
915.0 40
930.0 22
945.0 8
960.0 28
975.0 20
990.0 29
1005.0 42
1020.0 32
1035.0 21
1050.0 11
1065.0 23
1080.0 42
1095.0 36
1110.0 17
1125.0 8
1140.0 48
1155.0 45
1170.0 33
1185.0 1
1200.0 48
1215.0 7
1230.0 2
1245.0 12
1260.0 31
1275.0 6
1290.0 4
1305.0 49
1320.0 8
1335.0 43
1350.0 43
1365.0 12
1380.0 8
1395.0 12
1410.0 47
1425.0 21
1440.0 33
1455.0 9
1470.0 21
1485.0 43
1500.0 25
1515.0 41
1530.0 32
1545.0 12
1560.0 22
1575.0 43
1590.0 1
1605.0 38
1620.0 46
1635.0 14
1650.0 14
1665.0 48
1680.0 30
1695.0 40
1710.0 22
1725.0 22
1740.0 1
1755.0 7
1770.0 26
1785.0 27
1800.0 49
1815.0 38
1830.0 21
1845.0 15
1860.0 22
1875.0 34
1890.0 3
1905.0 32
1920.0 4
1935.0 6
1950.0 19
1965.0 45
1980.0 5
1995.0 35
2010.0 45
2025.0 32
2040.0 0
2055.0 23
2070.0 42
2085.0 1
2100.0 5
2115.0 48
2130.0 9
2145.0 19
2160.0 2
2175.0 31
2190.0 33
2205.0 44
2220.0 23
2235.0 32
2250.0 10
2265.0 9
2280.0 5
2295.0 44
2310.0 6
2325.0 25
2340.0 22
2355.0 8
2370.0 3
2385.0 26
2400.0 0
2415.0 31
2430.0 42
2445.0 23
2460.0 7
2475.0 16
2490.0 16
2505.0 19
2520.0 20
2535.0 13
2550.0 43
2565.0 41
2580.0 4
2595.0 41
2610.0 48
2625.0 34
2640.0 28
2655.0 25
2670.0 27
2685.0 8
2700.0 31
2715.0 31
2730.0 30
2745.0 45
2760.0 9
2775.0 7
2790.0 27
2805.0 42
2820.0 7
2835.0 28
2850.0 47
2865.0 45
2880.0 29
2895.0 34
2910.0 28
2925.0 39
2940.0 26
2955.0 5
2970.0 16
2985.0 4
3000.0 46
3015.0 11
3030.0 34
3045.0 1
3060.0 47
3075.0 7
3090.0 31
3105.0 37
3120.0 33
3135.0 42
3150.0 11
3165.0 31
3180.0 17
3195.0 35
3210.0 24
3225.0 1
3240.0 22
3255.0 17
3270.0 16
3285.0 8
3300.0 17
3315.0 27
3330.0 1
3345.0 35
3360.0 25
3375.0 3
3390.0 34
3405.0 12
3420.0 23
3435.0 10
3450.0 4
3465.0 40
3480.0 27
3495.0 24
3510.0 39
3525.0 20
3540.0 23
3555.0 3
3570.0 48
3585.0 15
3600.0 38
3615.0 0
3630.0 13
3645.0 47
3660.0 19
3675.0 29
3690.0 25
3705.0 44
3720.0 33
3735.0 29
3750.0 39
3765.0 7
3780.0 7
3795.0 16
3810.0 23
3825.0 49
3840.0 25
3855.0 45
3870.0 23
3885.0 49
3900.0 32
3915.0 31
3930.0 46
3945.0 28
3960.0 27
3975.0 49
3990.0 28
4005.0 49
4020.0 46
4035.0 48
4050.0 17
4065.0 30
4080.0 29
4095.0 2
4110.0 38
4125.0 38
4140.0 37
4155.0 8
4170.0 29
4185.0 0
4200.0 35
4215.0 44
4230.0 48
4245.0 41
4260.0 33
4275.0 33
4290.0 3
4305.0 14
4320.0 39
4335.0 34
4350.0 7
4365.0 39
4380.0 4
4395.0 43
4410.0 26
4425.0 1
4440.0 38
4455.0 20
4470.0 8
4485.0 44
4500.0 6
4515.0 31
4530.0 24
4545.0 7
4560.0 37
4575.0 29
4590.0 31
4605.0 40
4620.0 43
4635.0 12
4650.0 7
4665.0 4
4680.0 12
4695.0 10
4710.0 8
4725.0 37
4740.0 16
4755.0 11
4770.0 37
4785.0 18
4800.0 21
4815.0 11
4830.0 23
4845.0 15
4860.0 34
4875.0 34
4890.0 48
4905.0 3
4920.0 31
4935.0 41
4950.0 26
4965.0 11
4980.0 36
4995.0 8
5010.0 28
5025.0 49
5040.0 41
5055.0 43
5070.0 13
5085.0 38
5100.0 0
5115.0 21
5130.0 34
5145.0 13
5160.0 29
5175.0 30
5190.0 49
5205.0 34
5220.0 14
5235.0 24
5250.0 9
5265.0 26
5280.0 40
5295.0 43
5310.0 6
5325.0 3
5340.0 40
5355.0 10
5370.0 35
5385.0 9
5400.0 48
5415.0 25
5430.0 43
5445.0 5
5460.0 24
5475.0 40
5490.0 1
5505.0 39
5520.0 10
5535.0 34
5550.0 9
5565.0 16
5580.0 38
5595.0 17
5610.0 37
5625.0 32
5640.0 11
5655.0 1
5670.0 4
5685.0 28
5700.0 42
5715.0 3
5730.0 6
5745.0 5
5760.0 12
5775.0 18
5790.0 5
5805.0 48
5820.0 36
5835.0 5
5850.0 30
5865.0 38
5880.0 47
5895.0 0
5910.0 33
5925.0 4
5940.0 16
5955.0 36
5970.0 19
5985.0 42
6000.0 39
6015.0 15
6030.0 41
6045.0 4
6060.0 32
6075.0 26
6090.0 44
6105.0 6
6120.0 11
6135.0 39
6150.0 42
6165.0 42
6180.0 49
6195.0 41
6210.0 34
6225.0 26
6240.0 34
6255.0 11
6270.0 34
6285.0 31
6300.0 35
6315.0 12
6330.0 17
6345.0 23
6360.0 45
6375.0 43
6390.0 47
6405.0 5
6420.0 9
6435.0 12
6450.0 16
6465.0 11
6480.0 13
6495.0 11
6510.0 32
6525.0 10
6540.0 10
6555.0 9
6570.0 26
6585.0 35
6600.0 41
6615.0 49
6630.0 21
6645.0 25
6660.0 19
6675.0 41
6690.0 3
6705.0 30
6720.0 22
6735.0 37
6750.0 24
6765.0 11
6780.0 43
6795.0 8
6810.0 28
6825.0 36
6840.0 49
6855.0 7
6870.0 14
6885.0 49
6900.0 15
6915.0 12
6930.0 41
6945.0 46
6960.0 0
6975.0 35
6990.0 28
7005.0 44
7020.0 42
7035.0 11
7050.0 33
7065.0 3
7080.0 46
7095.0 18
7110.0 3
7125.0 33
7140.0 14
7155.0 26
7170.0 44
7185.0 16
7200.0 20
7215.0 40
7230.0 3
7245.0 35
7260.0 28
7275.0 46
7290.0 10
7305.0 11
7320.0 42
7335.0 4
7350.0 16
7365.0 26
7380.0 2
7395.0 21
7410.0 36
7425.0 20
7440.0 13
7455.0 9
7470.0 27
7485.0 29
7500.0 4
7515.0 28
7530.0 31
7545.0 26
7560.0 26
7575.0 35
7590.0 18
7605.0 41
7620.0 13
7635.0 17
7650.0 38
7665.0 11
7680.0 27
7695.0 43
7710.0 6
7725.0 42
7740.0 43
7755.0 11
7770.0 28
7785.0 23
7800.0 21
7815.0 34
7830.0 15
7845.0 18
7860.0 37
7875.0 36
7890.0 1
7905.0 12
7920.0 38
7935.0 45
7950.0 19
7965.0 2
7980.0 18
7995.0 13
8010.0 22
8025.0 8
8040.0 49
8055.0 14
8070.0 26
8085.0 4
8100.0 20
8115.0 36
8130.0 10
8145.0 48
8160.0 41
8175.0 4
8190.0 19
8205.0 46
8220.0 46
8235.0 10
8250.0 26
8265.0 25
8280.0 17
8295.0 31
8310.0 3
8325.0 5
8340.0 3
8355.0 0
8370.0 1
8385.0 32
8400.0 43
8415.0 18
8430.0 22
8445.0 36
8460.0 12
8475.0 25
8490.0 35
8505.0 9
8520.0 33
8535.0 49
8550.0 30
8565.0 10
8580.0 19
8595.0 36
8610.0 21
8625.0 15
8640.0 32
8655.0 15
8670.0 32
8685.0 14
8700.0 13
8715.0 25
8730.0 32
8745.0 13
8760.0 32
8775.0 5
8790.0 47
8805.0 5
8820.0 32
8835.0 38
8850.0 42
8865.0 36
8880.0 13
8895.0 48
8910.0 27
8925.0 47
8940.0 26
8955.0 8
8970.0 41
8985.0 2
9000.0 8
9015.0 3
9030.0 48
9045.0 38
9060.0 5
9075.0 1
9090.0 10
9105.0 26
9120.0 39
9135.0 19
9150.0 15
9165.0 20
9180.0 14
9195.0 15
9210.0 2
9225.0 21
9240.0 36
9255.0 19
9270.0 16
9285.0 36
9300.0 7
9315.0 24
9330.0 32
9345.0 16
9360.0 22
9375.0 35
9390.0 29
9405.0 14
9420.0 22
9435.0 10
9450.0 37
9465.0 2
9480.0 14
9495.0 39
9510.0 47
9525.0 17
9540.0 24
9555.0 41
9570.0 45
9585.0 20
9600.0 3
9615.0 1
9630.0 9
9645.0 4
9660.0 33
9675.0 14
9690.0 18
9705.0 10
9720.0 20
9735.0 34
9750.0 13
9765.0 29
9780.0 0
9795.0 31
9810.0 6
9825.0 41
9840.0 43
9855.0 47
9870.0 45
9885.0 34
9900.0 16
9915.0 31
9930.0 46
9945.0 39
9960.0 10
9975.0 43
9990.0 36
10005.0 24
10020.0 34
10035.0 17
10050.0 29
10065.0 25
10080.0 17
10095.0 7
10110.0 45
10125.0 46
10140.0 12
10155.0 29
10170.0 16
10185.0 11
10200.0 49
10215.0 24
10230.0 30
10245.0 0
10260.0 34
10275.0 10
10290.0 27
10305.0 2
10320.0 4
10335.0 26
10350.0 14
10365.0 40
10380.0 43
10395.0 28
10410.0 36
10425.0 8
10440.0 19
10455.0 48
10470.0 20
10485.0 14
10500.0 13
10515.0 8
10530.0 19
10545.0 47
10560.0 24
10575.0 37
10590.0 15
10605.0 44
10620.0 36
10635.0 14
10650.0 1
10665.0 12
10680.0 49
10695.0 38
10710.0 30
10725.0 18
10740.0 35
10755.0 45
10770.0 42
10785.0 1
10800.0 43
10815.0 2
10830.0 36
10845.0 24
10860.0 5
10875.0 0
10890.0 22
10905.0 39
10920.0 13
10935.0 13
10950.0 44
10965.0 41
10980.0 7
10995.0 23
11010.0 5
11025.0 30
11040.0 42
11055.0 24
11070.0 21
11085.0 35
11100.0 11
11115.0 31
11130.0 48
11145.0 34
11160.0 31
11175.0 33
11190.0 15
11205.0 49
11220.0 44
11235.0 7
11250.0 8
11265.0 20
11280.0 44
11295.0 37
11310.0 49
11325.0 46
11340.0 29
11355.0 13
11370.0 16
11385.0 49
11400.0 43
11415.0 0
11430.0 1
11445.0 43
11460.0 23
11475.0 8
11490.0 11
11505.0 0
11520.0 26
11535.0 43
11550.0 37
11565.0 47
11580.0 37
11595.0 2
11610.0 32
11625.0 29
11640.0 46
11655.0 26
11670.0 14
11685.0 31
11700.0 13
11715.0 20
11730.0 33
11745.0 1
11760.0 20
11775.0 9
11790.0 22
11805.0 32
11820.0 7
11835.0 16
11850.0 21
11865.0 44
11880.0 33
11895.0 31
11910.0 26
11925.0 1
11940.0 14
11955.0 33
11970.0 33
11985.0 19
12000.0 14
12015.0 49
12030.0 7
12045.0 34
12060.0 26
12075.0 37
12090.0 20
12105.0 46
12120.0 19
12135.0 16
12150.0 6
12165.0 10
12180.0 3
12195.0 38
12210.0 40
12225.0 0
12240.0 5
12255.0 31
12270.0 25
12285.0 48
12300.0 2
12315.0 16
12330.0 47
12345.0 36
12360.0 44
12375.0 27
12390.0 45
12405.0 42
12420.0 10
12435.0 29
12450.0 29
12465.0 29
12480.0 48
12495.0 0
12510.0 14
12525.0 39
12540.0 10
12555.0 1
12570.0 47
12585.0 20
12600.0 18
12615.0 7
12630.0 3
12645.0 38
12660.0 49
12675.0 27
12690.0 47
12705.0 17
12720.0 26
12735.0 8
12750.0 31
12765.0 40
12780.0 29
12795.0 36
12810.0 48
12825.0 49
12840.0 9
12855.0 45
12870.0 38
12885.0 39
12900.0 8
12915.0 26
12930.0 13
12945.0 20
12960.0 39
12975.0 25
12990.0 37
13005.0 20
13020.0 17
13035.0 31
13050.0 10
13065.0 7
13080.0 47
13095.0 25
13110.0 37
13125.0 11
13140.0 6
13155.0 42
13170.0 26
13185.0 23
13200.0 8
13215.0 39
13230.0 14
13245.0 43
13260.0 21
13275.0 47
13290.0 5
13305.0 4
13320.0 29
13335.0 4
13350.0 39
13365.0 47
13380.0 17
13395.0 9
13410.0 18
13425.0 49
13440.0 25
13455.0 15
13470.0 38
13485.0 40
13500.0 1
13515.0 34
13530.0 3
13545.0 18
13560.0 2
13575.0 12
13590.0 31
13605.0 31
13620.0 26
13635.0 8
13650.0 47
13665.0 37
13680.0 10
13695.0 46
13710.0 46
13725.0 40
13740.0 25
13755.0 35
13770.0 7
13785.0 1
13800.0 37
13815.0 27
13830.0 43
13845.0 42
13860.0 15
13875.0 4
13890.0 14
13905.0 23
13920.0 5
13935.0 34
13950.0 27
13965.0 15
13980.0 15
13995.0 29
14010.0 26
14025.0 27
14040.0 39
14055.0 44
14070.0 43
14085.0 9
14100.0 28
14115.0 33
14130.0 45
14145.0 30
14160.0 29
14175.0 18
14190.0 41
14205.0 39
14220.0 3
14235.0 26
14250.0 41
14265.0 31
14280.0 13
14295.0 3
14310.0 44
14325.0 42
14340.0 8
14355.0 40
14370.0 28
14385.0 32
14400.0 36
14415.0 33
14430.0 46
14445.0 6
14460.0 33
14475.0 0
14490.0 4
14505.0 1
14520.0 43
14535.0 3
14550.0 7
14565.0 27
14580.0 4
14595.0 43
14610.0 28
14625.0 41
14640.0 22
14655.0 24
14670.0 42
14685.0 12
14700.0 1
14715.0 21
14730.0 43
14745.0 0
14760.0 36
14775.0 45
14790.0 23
14805.0 19
14820.0 8
14835.0 7
14850.0 1
14865.0 39
14880.0 32
14895.0 18
14910.0 27
14925.0 11
14940.0 19
14955.0 19
14970.0 29
14985.0 5
15000.0 36
15015.0 5
15030.0 32
15045.0 5
15060.0 19
15075.0 19
15090.0 34
15105.0 12
15120.0 19
15135.0 13
15150.0 14
15165.0 12
15180.0 2
15195.0 19
15210.0 1
15225.0 21
15240.0 24
15255.0 38
15270.0 13
15285.0 40
15300.0 7
15315.0 0
15330.0 49
15345.0 10
15360.0 29
15375.0 43
15390.0 21
15405.0 18
15420.0 0
15435.0 34
15450.0 41
15465.0 31
15480.0 33
15495.0 14
15510.0 37
15525.0 9
15540.0 28
15555.0 4
15570.0 15
15585.0 2
15600.0 39
15615.0 22
15630.0 8
15645.0 10
15660.0 33
15675.0 17
15690.0 21
15705.0 17
15720.0 14
15735.0 12
15750.0 35
15765.0 15
15780.0 39
15795.0 2
15810.0 15
15825.0 13
15840.0 1
15855.0 37
15870.0 0
15885.0 2
15900.0 37
15915.0 28
15930.0 2
15945.0 17
15960.0 39
15975.0 9
15990.0 30
16005.0 25
16020.0 39
16035.0 49
16050.0 6
16065.0 43
16080.0 13
16095.0 21
16110.0 41
16125.0 13
16140.0 42
16155.0 16
16170.0 26
16185.0 17
16200.0 37
16215.0 38
16230.0 43
16245.0 34
16260.0 31
16275.0 37
16290.0 48
16305.0 45
16320.0 42
16335.0 36
16350.0 28
16365.0 24
16380.0 47
16395.0 15
16410.0 38
16425.0 42
16440.0 25
16455.0 22
16470.0 42
16485.0 5
16500.0 21
16515.0 1
16530.0 19
16545.0 49
16560.0 45
16575.0 7
16590.0 12
16605.0 46
16620.0 33
16635.0 13
16650.0 48
16665.0 1
16680.0 35
16695.0 1
16710.0 35
16725.0 42
16740.0 26
16755.0 21
16770.0 31
16785.0 6
16800.0 27
16815.0 42
16830.0 22
16845.0 5
16860.0 11
16875.0 46
16890.0 2
16905.0 31
16920.0 7
16935.0 26
16950.0 7
16965.0 24
16980.0 29
16995.0 25
17010.0 29
17025.0 30
17040.0 23
17055.0 3
17070.0 14
17085.0 30
17100.0 6
17115.0 41
17130.0 8
17145.0 49
17160.0 17
17175.0 23
17190.0 4
17205.0 47
17220.0 17
17235.0 31
17250.0 24
17265.0 36
17280.0 6
17295.0 33
17310.0 36
17325.0 36
17340.0 21
17355.0 17
17370.0 23
17385.0 15
17400.0 30
17415.0 9
17430.0 38
17445.0 39
17460.0 21
17475.0 22
17490.0 31
17505.0 30
17520.0 11
17535.0 21
17550.0 23
17565.0 11
17580.0 39
17595.0 41
17610.0 32
17625.0 43
17640.0 37
17655.0 45
17670.0 19
17685.0 10
17700.0 46
17715.0 49
17730.0 16
17745.0 15
17760.0 31
17775.0 29
17790.0 6
17805.0 40
17820.0 18
17835.0 39
17850.0 40
17865.0 31
17880.0 5
17895.0 8
17910.0 35
17925.0 39
17940.0 41
17955.0 38
17970.0 0
17985.0 35
18000.0 44
18015.0 0
18030.0 41
18045.0 37
18060.0 35
18075.0 43
18090.0 12
18105.0 48
18120.0 23
18135.0 22
18150.0 2
18165.0 0
18180.0 44
18195.0 16
18210.0 25
18225.0 5
18240.0 46
18255.0 6
18270.0 19
18285.0 12
18300.0 34
18315.0 12
18330.0 19
18345.0 32
18360.0 29
18375.0 47
18390.0 35
18405.0 10
18420.0 34
18435.0 10
18450.0 5
18465.0 16
18480.0 47
18495.0 9
18510.0 37
18525.0 35
18540.0 31
18555.0 43
18570.0 7
18585.0 31
18600.0 6
18615.0 19
18630.0 30
18645.0 19
18660.0 20
18675.0 25
18690.0 23
18705.0 8
18720.0 11
18735.0 11
18750.0 37
18765.0 34
18780.0 37
18795.0 40
18810.0 47
18825.0 36
18840.0 44
18855.0 15
18870.0 44
18885.0 33
18900.0 18
18915.0 42
18930.0 20
18945.0 49
18960.0 12
18975.0 26
18990.0 22
19005.0 2
19020.0 33
19035.0 0
19050.0 12
19065.0 20
19080.0 39
19095.0 13
19110.0 35
19125.0 22
19140.0 24
19155.0 3
19170.0 41
19185.0 9
19200.0 14
19215.0 42
19230.0 44
19245.0 39
19260.0 1
19275.0 13
19290.0 26
19305.0 31
19320.0 41
19335.0 3
19350.0 25
19365.0 29
19380.0 26
19395.0 32
19410.0 20
19425.0 18
19440.0 42
19455.0 3
19470.0 12
19485.0 3
19500.0 16
19515.0 16
19530.0 16
19545.0 18
19560.0 35
19575.0 32
19590.0 37
19605.0 2
19620.0 16
19635.0 32
19650.0 4
19665.0 11
19680.0 46
19695.0 40
19710.0 10
19725.0 35
19740.0 3
19755.0 33
19770.0 44
19785.0 7
19800.0 3
19815.0 32
19830.0 9
19845.0 3
19860.0 1
19875.0 31
19890.0 49
19905.0 40
19920.0 18
19935.0 17
19950.0 17
19965.0 1
19980.0 32
19995.0 32
20010.0 37
20025.0 27
20040.0 13
20055.0 46
20070.0 17
20085.0 47
20100.0 18
20115.0 28
20130.0 32
20145.0 17
20160.0 36
20175.0 30
20190.0 16
20205.0 36
20220.0 3
20235.0 31
20250.0 41
20265.0 38
20280.0 29
20295.0 30
20310.0 19
20325.0 14
20340.0 43
20355.0 3
20370.0 31
20385.0 23
20400.0 29
20415.0 33
20430.0 1
20445.0 34
20460.0 24
20475.0 12
20490.0 18
20505.0 33
20520.0 20
20535.0 2
20550.0 24
20565.0 4
20580.0 22
20595.0 18
20610.0 39
20625.0 36
20640.0 42
20655.0 33
20670.0 0
20685.0 4
20700.0 10
20715.0 30
20730.0 17
20745.0 9
20760.0 23
20775.0 16
20790.0 44
20805.0 2
20820.0 25
20835.0 34
20850.0 28
20865.0 1
20880.0 11
20895.0 23
20910.0 44
20925.0 10
20940.0 8
20955.0 3
20970.0 23
20985.0 9
21000.0 33
21015.0 7
21030.0 39
21045.0 14
21060.0 43
21075.0 0
21090.0 31
21105.0 8
21120.0 29
21135.0 27
21150.0 0
21165.0 48
21180.0 21
21195.0 36
21210.0 18
21225.0 6
21240.0 6
21255.0 43
21270.0 19
21285.0 4
21300.0 2
21315.0 25
21330.0 42
21345.0 16
21360.0 0
21375.0 8
21390.0 23
21405.0 39
21420.0 24
21435.0 12
21450.0 8
21465.0 16
21480.0 10
21495.0 39
21510.0 22
21525.0 37
21540.0 40
21555.0 2
21570.0 27
21585.0 34
21600.0 18
21615.0 0
21630.0 29
21645.0 22
21660.0 28
21675.0 15
21690.0 33
21705.0 46
21720.0 25
21735.0 17
21750.0 17
21765.0 44
21780.0 5
21795.0 19
21810.0 2
21825.0 17
21840.0 42
21855.0 22
21870.0 2
21885.0 44
21900.0 45
21915.0 16
21930.0 35
21945.0 46
21960.0 6
21975.0 12
21990.0 45
22005.0 49
22020.0 16
22035.0 22
22050.0 15
22065.0 1
22080.0 35
22095.0 30
22110.0 43
22125.0 4
22140.0 36
22155.0 43
22170.0 4
22185.0 29
22200.0 13
22215.0 46
22230.0 35
22245.0 39
22260.0 34
22275.0 26
22290.0 44
22305.0 26
22320.0 17
22335.0 27
22350.0 35
22365.0 36
22380.0 36
22395.0 20
22410.0 38
22425.0 36
22440.0 18
22455.0 6
22470.0 38
22485.0 32
22500.0 4
22515.0 15
22530.0 48
22545.0 7
22560.0 39
22575.0 20
22590.0 42
22605.0 43
22620.0 11
22635.0 23
22650.0 11
22665.0 36
22680.0 3
22695.0 49
22710.0 13
22725.0 28
22740.0 28
22755.0 34
22770.0 42
22785.0 49
22800.0 6
22815.0 14
22830.0 31
22845.0 12
22860.0 13
22875.0 34
22890.0 24
22905.0 20
22920.0 2
22935.0 49
22950.0 17
22965.0 30
22980.0 37
22995.0 46
23010.0 15
23025.0 31
23040.0 46
23055.0 23
23070.0 6
23085.0 17
23100.0 44
23115.0 32
23130.0 26
23145.0 5
23160.0 12
23175.0 35
23190.0 24
23205.0 33
23220.0 24
23235.0 14
23250.0 28
23265.0 7
23280.0 11
23295.0 42
23310.0 8
23325.0 4
23340.0 34
23355.0 45
23370.0 43
23385.0 27
23400.0 43
23415.0 26
23430.0 1
23445.0 28
23460.0 32
23475.0 38
23490.0 38
23505.0 48
23520.0 24
23535.0 40
23550.0 39
23565.0 22
23580.0 35
23595.0 4
23610.0 45
23625.0 32
23640.0 8
23655.0 22
23670.0 30
23685.0 5
23700.0 17
23715.0 29
23730.0 10
23745.0 25
23760.0 30
23775.0 14
23790.0 17
23805.0 22
23820.0 37
23835.0 4
23850.0 28
23865.0 35
23880.0 29
23895.0 29
23910.0 28
23925.0 30
23940.0 40
23955.0 46
23970.0 49
23985.0 12
24000.0 22
24015.0 21
24030.0 9
24045.0 25
24060.0 20
24075.0 28
24090.0 1
24105.0 17
24120.0 7
24135.0 16
24150.0 13
24165.0 19
24180.0 29
24195.0 26
24210.0 27
24225.0 24
24240.0 45
24255.0 2
24270.0 41
24285.0 2
24300.0 37
24315.0 31
24330.0 29
24345.0 33
24360.0 16
24375.0 31
24390.0 24
24405.0 24
24420.0 28
24435.0 45
24450.0 35
24465.0 38
24480.0 41
24495.0 20
24510.0 15
24525.0 19
24540.0 35
24555.0 5
24570.0 16
24585.0 13
24600.0 39
24615.0 49
24630.0 29
24645.0 18
24660.0 23
24675.0 36
24690.0 20
24705.0 40
24720.0 11
24735.0 16
24750.0 41
24765.0 48
24780.0 11
24795.0 19
24810.0 5
24825.0 17
24840.0 12
24855.0 22
24870.0 49
24885.0 10
24900.0 42
24915.0 34
24930.0 24
24945.0 35
24960.0 37
24975.0 34
24990.0 26
25005.0 11
25020.0 42
25035.0 10
25050.0 3
25065.0 7
25080.0 5
25095.0 6
25110.0 13
25125.0 2
25140.0 3
25155.0 23
25170.0 2
25185.0 6
25200.0 4
25215.0 42
25230.0 40
25245.0 47
25260.0 3
25275.0 8
25290.0 29
25305.0 19
25320.0 18
25335.0 27
25350.0 16
25365.0 23
25380.0 2
25395.0 34
25410.0 39
25425.0 5
25440.0 17
25455.0 41
25470.0 36
25485.0 29
25500.0 43
25515.0 47
25530.0 23
25545.0 14
25560.0 29
25575.0 45
25590.0 6
25605.0 7
25620.0 1
25635.0 22
25650.0 2
25665.0 4
25680.0 2
25695.0 15
25710.0 10
25725.0 40
25740.0 41
25755.0 42
25770.0 7
25785.0 11
25800.0 49
25815.0 7
25830.0 39
25845.0 49
25860.0 32
25875.0 22
25890.0 1
25905.0 24
25920.0 4
25935.0 48
25950.0 41
25965.0 8
25980.0 32
25995.0 38
26010.0 0
26025.0 7
26040.0 48
26055.0 39
26070.0 1
26085.0 4
26100.0 28
26115.0 35
26130.0 48
26145.0 6
26160.0 30
26175.0 23
26190.0 46
26205.0 46
26220.0 26
26235.0 41
26250.0 14
26265.0 5
26280.0 36
26295.0 24
26310.0 23
26325.0 5
26340.0 37
26355.0 48
26370.0 29
26385.0 17
26400.0 23
26415.0 47
26430.0 20
26445.0 49
26460.0 16
26475.0 14
26490.0 39
26505.0 35
26520.0 20
26535.0 17
26550.0 42
26565.0 11
26580.0 32
26595.0 43
26610.0 20
26625.0 17
26640.0 42
26655.0 1
26670.0 40
26685.0 4
26700.0 15
26715.0 20
26730.0 30
26745.0 40
26760.0 32
26775.0 8
26790.0 24
26805.0 36
26820.0 39
26835.0 38
26850.0 33
26865.0 4
26880.0 9
26895.0 3
26910.0 4
26925.0 38
26940.0 43
26955.0 9
26970.0 12
26985.0 20
27000.0 37
27015.0 11
27030.0 8
27045.0 30
27060.0 47
27075.0 29
27090.0 3
27105.0 25
27120.0 15
27135.0 39
27150.0 21
27165.0 45
27180.0 31
27195.0 27
27210.0 37
27225.0 33
27240.0 24
27255.0 43
27270.0 17
27285.0 36
27300.0 43
27315.0 11
27330.0 42
27345.0 27
27360.0 28
27375.0 2
27390.0 44
27405.0 45
27420.0 35
27435.0 36
27450.0 41
27465.0 17
27480.0 16
27495.0 48
27510.0 12
27525.0 27
27540.0 36
27555.0 47
27570.0 48
27585.0 19
27600.0 31
27615.0 36
27630.0 44
27645.0 27
27660.0 42
27675.0 33
27690.0 46
27705.0 44
27720.0 40
27735.0 7
27750.0 46
27765.0 40
27780.0 30
27795.0 5
27810.0 22
27825.0 10
27840.0 16
27855.0 44
27870.0 40
27885.0 49
27900.0 30
27915.0 33
27930.0 36
27945.0 18
27960.0 39
27975.0 11
27990.0 24
28005.0 40
28020.0 39
28035.0 42
28050.0 7
28065.0 16
28080.0 38
28095.0 15
28110.0 14
28125.0 44
28140.0 42
28155.0 25
28170.0 15
28185.0 38
28200.0 41
28215.0 40
28230.0 49
28245.0 3
28260.0 38
28275.0 3
28290.0 18
28305.0 36
28320.0 41
28335.0 0
28350.0 4
28365.0 39
28380.0 10
28395.0 41
28410.0 37
28425.0 24
28440.0 38
28455.0 48
28470.0 19
28485.0 10
28500.0 30
28515.0 13
28530.0 6
28545.0 13
28560.0 22
28575.0 8
28590.0 43
28605.0 20
28620.0 11
28635.0 5
28650.0 24
28665.0 19
28680.0 40
28695.0 22
28710.0 9
28725.0 32
28740.0 47
28755.0 48
28770.0 48
28785.0 29
