0.0 43
15.0 30
30.0 30
45.0 34
60.0 25
75.0 8
90.0 47
105.0 6
120.0 12
135.0 19
150.0 27
165.0 46
180.0 29
195.0 40
210.0 26
225.0 48
240.0 29
255.0 40
270.0 23
285.0 29
300.0 0
315.0 23
330.0 19
345.0 7
360.0 16
375.0 30
390.0 3
405.0 33
420.0 32
435.0 28
450.0 18
465.0 13
480.0 24
495.0 0
510.0 21
525.0 45
540.0 3
555.0 34
570.0 49
585.0 38
600.0 32
615.0 15
630.0 44
645.0 34
660.0 11
675.0 35
690.0 45
705.0 6
720.0 3
735.0 11
750.0 6
765.0 45
780.0 14
795.0 5
810.0 16
825.0 16
840.0 43
855.0 3
870.0 6
885.0 35
900.0 6
915.0 37
930.0 35
945.0 41
960.0 32
975.0 22
990.0 27
1005.0 27
1020.0 32
1035.0 21
1050.0 38
1065.0 21
1080.0 3
1095.0 23
1110.0 15
1125.0 49
1140.0 45
1155.0 12
1170.0 14
1185.0 32
1200.0 29
1215.0 22
1230.0 41
1245.0 49
1260.0 4
1275.0 38
1290.0 33
1305.0 40
1320.0 4
1335.0 49
1350.0 43
1365.0 3
1380.0 15
1395.0 10
1410.0 26
1425.0 22
1440.0 32
1455.0 22
1470.0 12
1485.0 4
1500.0 31
1515.0 39
1530.0 9
1545.0 14
1560.0 14
1575.0 22
1590.0 44
1605.0 33
1620.0 3
1635.0 12
1650.0 28
1665.0 8
1680.0 4
1695.0 11
1710.0 33
1725.0 7
1740.0 19
1755.0 15
1770.0 23
1785.0 19
1800.0 7
1815.0 28
1830.0 18
1845.0 41
1860.0 24
1875.0 36
1890.0 2
1905.0 18
1920.0 33
1935.0 6
1950.0 8
1965.0 7
1980.0 18
1995.0 36
2010.0 7
2025.0 46
2040.0 23
2055.0 1
2070.0 28
2085.0 11
2100.0 48
2115.0 47
2130.0 4
2145.0 0
2160.0 12
2175.0 38
2190.0 7
2205.0 18
2220.0 45
2235.0 27
2250.0 9
2265.0 48
2280.0 49
2295.0 33
2310.0 9
2325.0 17
2340.0 9
2355.0 20
2370.0 1
2385.0 8
2400.0 47
2415.0 37
2430.0 6
2445.0 2
2460.0 25
2475.0 6
2490.0 39
2505.0 24
2520.0 36
2535.0 34
2550.0 45
2565.0 26
2580.0 37
2595.0 34
2610.0 6
2625.0 37
2640.0 19
2655.0 22
2670.0 49
2685.0 28
2700.0 21
2715.0 20
2730.0 41
2745.0 4
2760.0 39
2775.0 46
2790.0 47
2805.0 42
2820.0 9
2835.0 32
2850.0 0
2865.0 48
2880.0 35
2895.0 15
2910.0 18
2925.0 4
2940.0 22
2955.0 2
2970.0 45
2985.0 49
3000.0 17
3015.0 2
3030.0 41
3045.0 2
3060.0 13
3075.0 7
3090.0 31
3105.0 29
3120.0 18
3135.0 5
3150.0 8
3165.0 47
3180.0 29
3195.0 5
3210.0 47
3225.0 30
3240.0 41
3255.0 20
3270.0 39
3285.0 14
3300.0 42
3315.0 20
3330.0 42
3345.0 13
3360.0 37
3375.0 11
3390.0 14
3405.0 36
3420.0 10
3435.0 29
3450.0 34
3465.0 34
3480.0 41
3495.0 41
3510.0 36
3525.0 27
3540.0 40
3555.0 9
3570.0 10
3585.0 1
