0.0 31
15.0 19
30.0 30
45.0 16
60.0 24
75.0 11
90.0 38
105.0 9
120.0 31
135.0 32
150.0 37
165.0 37
180.0 22
195.0 3
210.0 11
225.0 48
240.0 3
255.0 30
270.0 16
285.0 31
300.0 0
315.0 18
330.0 3
345.0 49
360.0 6
375.0 30
390.0 21
405.0 12
420.0 27
435.0 49
450.0 17
465.0 2
480.0 21
495.0 23
510.0 40
525.0 13
540.0 6
555.0 47
570.0 8
585.0 11
600.0 29
615.0 38
630.0 2
645.0 3
660.0 30
675.0 45
690.0 30
705.0 47
720.0 6
735.0 33
750.0 20
765.0 39
780.0 42
795.0 21
810.0 39
825.0 13
840.0 12
855.0 42
870.0 29
885.0 43
900.0 2
915.0 38
930.0 2
945.0 46
960.0 48
975.0 9
990.0 17
1005.0 27
1020.0 8
1035.0 42
1050.0 27
1065.0 33
1080.0 43
1095.0 25
1110.0 30
1125.0 23
1140.0 49
1155.0 21
1170.0 26
1185.0 36
1200.0 38
1215.0 47
1230.0 47
1245.0 38
1260.0 41
1275.0 26
1290.0 12
1305.0 0
1320.0 20
1335.0 48
1350.0 5
1365.0 37
1380.0 10
1395.0 3
1410.0 48
1425.0 41
1440.0 2
1455.0 43
1470.0 40
1485.0 34
1500.0 18
1515.0 13
1530.0 33
1545.0 44
1560.0 32
1575.0 0
1590.0 40
1605.0 29
1620.0 48
1635.0 46
1650.0 25
1665.0 47
1680.0 10
1695.0 11
1710.0 0
1725.0 8
1740.0 29
1755.0 12
1770.0 29
1785.0 14
1800.0 28
1815.0 23
1830.0 42
1845.0 13
1860.0 43
1875.0 35
1890.0 1
1905.0 0
1920.0 28
1935.0 40
1950.0 29
1965.0 47
1980.0 44
1995.0 2
2010.0 14
2025.0 6
2040.0 33
2055.0 21
2070.0 39
2085.0 14
2100.0 13
2115.0 9
2130.0 13
2145.0 18
2160.0 37
2175.0 28
2190.0 21
2205.0 36
2220.0 15
2235.0 45
2250.0 34
2265.0 8
2280.0 39
2295.0 25
2310.0 40
2325.0 11
2340.0 42
2355.0 0
2370.0 37
2385.0 37
2400.0 34
2415.0 5
2430.0 9
2445.0 8
2460.0 34
2475.0 23
2490.0 45
2505.0 8
2520.0 15
2535.0 23
2550.0 48
2565.0 9
2580.0 43
2595.0 31
2610.0 30
2625.0 34
2640.0 11
2655.0 19
2670.0 22
2685.0 33
2700.0 30
2715.0 6
2730.0 22
2745.0 41
2760.0 17
2775.0 34
2790.0 46
2805.0 9
2820.0 4
2835.0 45
2850.0 45
2865.0 26
2880.0 33
2895.0 38
2910.0 40
2925.0 4
2940.0 26
2955.0 36
2970.0 29
2985.0 16
3000.0 43
3015.0 27
3030.0 26
3045.0 35
3060.0 43
3075.0 17
3090.0 28
3105.0 16
3120.0 42
3135.0 30
3150.0 22
3165.0 25
3180.0 32
3195.0 7
3210.0 43
3225.0 6
3240.0 33
3255.0 18
3270.0 48
3285.0 19
3300.0 48
3315.0 12
3330.0 8
3345.0 10
3360.0 8
3375.0 44
3390.0 34
3405.0 23
3420.0 20
3435.0 23
3450.0 0
3465.0 5
3480.0 23
3495.0 22
3510.0 39
3525.0 30
3540.0 45
3555.0 4
3570.0 43
3585.0 42
