12696.433333333332 66
15171.366666666667 118
612.8666666666667 77
25525.9 64
3304.9 107
8825.433333333332 78
17002.033333333333 104
3829.0333333333333 68
10903.833333333334 103
651.8666666666667 99
26949.0 107
214.66666666666666 88
26906.866666666665 114
25075.433333333334 90
25505.866666666665 119
5850.933333333333 81
3190.4 101
6637.9 68
20238.1 69
24956.8 98
4969.133333333333 116
26764.833333333332 106
23323.033333333333 84
10039.5 63
23667.2 73
16712.8 109
10491.333333333334 84
1879.0 115
23333.533333333333 66
19773.6 98
5331.033333333333 103
9721.0 114
19152.8 116
22419.566666666666 75
13188.199999999999 104
23434.533333333333 101
24355.166666666668 107
9755.933333333332 119
852.6 85
25000.766666666666 87
7698.7 95
26064.366666666665 71
1159.9 85
14866.133333333333 93
9188.2 119
2183.9333333333334 87
27067.433333333334 109
1774.3999999999999 72
18445.866666666665 60
28478.0 78
7163.666666666667 65
28639.466666666667 60
25312.233333333334 112
21883.933333333334 64
8614.866666666667 87
2455.0 106
29.333333333333332 100
27878.266666666666 79
12912.2 92
27984.399999999998 98
13145.666666666666 77
9007.866666666667 112
256.0 100
4548.733333333334 87
3734.2666666666664 111
24885.0 101
14906.3 117
28548.899999999998 113
24902.666666666668 69
10165.166666666666 110
77.23333333333333 78
15763.433333333332 98
20062.733333333334 85
26389.866666666665 109
18266.1 100
13140.766666666666 84
20938.6 108
13410.033333333333 82
1870.5333333333333 104
17495.9 94
24318.066666666666 88
19533.866666666665 80
1258.3333333333333 117
24176.6 115
10815.833333333334 109
21980.233333333334 93
1371.9 114
19221.63333333333 63
14900.566666666666 107
24520.9 85
18136.733333333334 92
27681.7 75
17985.866666666665 85
6689.333333333333 105
24798.1 62
28518.066666666666 88
17633.2 84
22964.3 106
19294.466666666667 92
14638.9 68
16599.533333333333 116
19944.466666666667 93
20486.166666666668 103
10742.566666666666 103
10770.6 107
27083.233333333334 103
5061.833333333333 67
5332.466666666666 94
19979.2 117
19762.866666666665 114
22434.3 95
2703.4 112
25712.433333333334 74
16435.2 108
8208.233333333334 78
23918.0 61
25347.433333333334 65
422.0333333333333 62
3981.366666666667 82
9148.9 99
9910.5 64
17581.033333333333 77
12365.433333333332 91
6859.166666666667 75
25079.766666666666 109
12067.7 97
20008.466666666667 78
24388.8 63
15374.566666666666 90
3763.633333333333 68
10508.1 102
9455.033333333333 112
1235.7333333333333 88
26614.7 112
15220.866666666667 106
25751.13333333333 113
24220.5 81
6620.633333333333 77
2587.4333333333334 88
15600.633333333333 109
25586.6 117
8108.466666666666 83
23847.1 74
23467.433333333334 81
10428.033333333333 74
9826.633333333333 97
26970.466666666667 115
22326.4 101
16180.833333333334 87
3637.6 88
25614.2 102
7594.166666666667 62
2255.0333333333333 93
24923.866666666665 96
11907.333333333334 108
3755.9666666666667 102
27232.233333333334 94
10389.5 114
27760.7 119
3995.5333333333333 69
27373.766666666666 90
25910.833333333332 115
17182.63333333333 111
759.5 79
9810.833333333334 68
13726.166666666666 87
22691.666666666668 91
24596.066666666666 87
4608.4 89
21575.7 99
4562.1 83
7305.633333333333 65
1039.7666666666667 119
675.4666666666667 65
13624.666666666666 115
17657.566666666666 118
6622.833333333333 102
22924.3 75
26213.833333333332 91
19696.733333333334 114
28169.666666666668 84
6930.466666666666 100
10305.633333333333 95
10019.966666666667 79
3955.4666666666667 98
24554.5 100
17049.866666666665 77
14827.866666666667 109
5248.833333333333 89
25344.7 100
1034.5333333333333 61
2717.8 88
1314.0 91
14041.333333333334 61
9106.733333333334 89
28706.333333333332 118
12894.7 60
8730.666666666666 109
22903.6 85
12042.1 65
20765.63333333333 100
127.43333333333334 113
28150.7 79
20795.366666666665 116
14153.866666666667 80
25253.2 98
22437.0 104
21740.733333333334 115
13532.733333333334 65
9377.433333333332 74
20890.066666666666 79
21482.766666666666 87
24113.333333333332 102
4271.3 110
27532.0 75
6484.633333333333 105
21111.466666666667 118
25769.833333333332 95
19365.466666666667 68
27730.8 108
7074.466666666666 74
15642.8 103
21502.666666666668 84
10172.966666666667 86
12883.4 92
7224.766666666666 87
25709.533333333333 103
21352.033333333333 109
10088.6 113
6427.333333333333 92
2627.2666666666664 80
20444.2 105
15736.8 80
17362.666666666668 105
21319.4 83
25987.833333333332 69
533.1333333333333 114
16015.5 74
24646.63333333333 118
16490.166666666668 84
18446.3 68
23261.933333333334 83
24963.333333333332 63
13257.266666666666 71
9450.666666666666 117
5488.6 114
14298.033333333333 78
25537.033333333333 93
24690.533333333333 96
10848.066666666666 88
6340.9 109
7056.0 114
26849.899999999998 96
17995.6 96
5858.166666666667 91
26991.899999999998 80
12926.433333333332 98
27994.13333333333 61
17366.333333333332 66
3939.9333333333334 63
4231.5 79
15414.633333333333 75
20559.1 79
28465.2 98
19324.333333333332 84
10375.966666666667 84
26644.833333333332 98
13894.133333333333 78
25380.933333333334 96
21064.833333333332 108
13623.266666666666 72
23886.1 102
16884.5 113
9281.433333333332 86
23852.666666666668 67
24873.833333333332 76
23040.433333333334 99
3895.2999999999997 66
9783.1 102
20990.166666666668 70
21980.8 70
10170.2 74
17422.833333333332 110
17124.233333333334 75
25114.166666666668 109
15570.5 75
28229.733333333334 109
19420.766666666666 112
2767.2666666666664 73
15732.866666666667 112
7640.133333333333 85
20293.1 109
15104.533333333333 90
25370.933333333334 93
23111.233333333334 84
4887.066666666667 63
16351.266666666666 65
9375.433333333332 65
25658.833333333332 101
7021.599999999999 104
254.43333333333334 81
12343.766666666666 102
543.1333333333333 111
4784.233333333334 71
3127.6 117
17832.433333333334 72
23174.13333333333 78
19400.066666666666 82
13301.133333333333 116
10359.433333333332 110
6189.133333333333 119
10467.666666666666 89
27502.966666666667 91
28423.533333333333 82
4251.266666666666 74
6071.1 83
11277.633333333333 114
22031.5 63
8353.0 102
13507.066666666666 116
2837.2 110
11262.0 116
11166.4 81
22303.533333333333 65
22915.733333333334 85
14244.833333333334 100
16700.0 119
25230.566666666666 108
12553.0 94
27090.466666666667 74
26444.833333333332 83
9243.8 91
5146.033333333333 62
13619.8 108
24971.733333333334 60
18180.566666666666 85
5015.3 94
20890.166666666668 86
12996.333333333334 104
10809.3 66
6828.533333333333 119
19123.533333333333 115
19239.0 70
25213.0 92
15899.933333333332 81
25409.3 118
15422.566666666666 79
15994.4 99
982.8666666666667 97
2919.5333333333333 70
15417.266666666666 119
21256.63333333333 114
16388.6 66
755.9333333333333 109
12590.833333333334 81
9070.333333333334 101
13648.699999999999 76
24296.833333333332 62
22172.9 73
6046.866666666667 101
22455.966666666667 66
12440.733333333334 84
21173.1 104
21042.066666666666 90
3765.9666666666667 113
17588.0 87
14195.733333333334 93
17943.066666666666 72
26233.8 70
4940.366666666667 69
10144.7 118
5435.0 88
975.5666666666666 65
6089.433333333333 112
12317.033333333333 61
27982.533333333333 107
28541.63333333333 60
17850.2 91
2629.733333333333 101
16886.266666666666 100
28566.366666666665 118
9758.633333333333 60
23820.6 94
20636.3 105
855.2666666666667 114
17121.433333333334 108
12752.133333333333 85
25220.466666666667 99
14025.466666666667 106
16237.1 94
18323.033333333333 66
23716.566666666666 103
11300.533333333333 77
3102.3333333333335 103
7196.666666666667 108
1348.0666666666666 83
24026.266666666666 88
1303.6666666666667 117
21200.4 74
13954.866666666667 112
26059.3 119
3743.2999999999997 72
12318.466666666667 75
9841.1 107
696.6333333333333 105
17511.3 89
3590.0333333333333 105
24815.4 93
24192.966666666667 90
14826.433333333332 71
17906.033333333333 117
24455.2 101
11462.3 102
5995.133333333333 91
16141.4 68
14139.4 118
13310.566666666666 80
21348.333333333332 74
9483.266666666666 95
25619.866666666665 107
25771.3 111
10242.8 95
20283.63333333333 66
19995.3 106
1592.4333333333334 100
23940.4 71
19087.266666666666 61
4210.833333333333 60
670.0666666666666 81
4336.5 69
19038.666666666668 106
9874.733333333334 101
9203.166666666666 86
23843.733333333334 105
9102.0 110
18274.13333333333 94
24363.333333333332 79
28606.266666666666 61
2845.9666666666667 99
27494.533333333333 101
22646.266666666666 82
7794.366666666667 109
21793.1 84
27714.166666666668 67
4541.066666666667 92
21176.033333333333 66
26813.833333333332 72
27843.566666666666 83
7278.466666666666 112
15300.199999999999 66
5536.033333333333 78
17685.533333333333 82
24675.7 68
15997.199999999999 78
5653.2 109
14472.566666666666 104
11422.733333333334 82
11829.6 99
8294.3 118
22285.833333333332 98
13374.199999999999 107
24234.4 63
13100.866666666667 118
10399.533333333333 76
3935.9666666666667 94
20804.433333333334 75
1.2333333333333334 108
14933.0 70
11454.1 111
28431.1 118
22225.2 64
18357.466666666667 75
4478.933333333333 68
15203.466666666667 111
16520.2 105
19440.7 107
23238.5 81
17187.3 96
18608.9 72
27021.399999999998 92
17177.933333333334 88
7337.466666666666 90
9703.266666666666 84
7951.8 100
25773.466666666667 60
15211.633333333333 68
5736.333333333333 103
5021.333333333333 84
12247.766666666666 95
3128.6666666666665 76
7670.933333333333 80
17272.066666666666 116
20297.933333333334 81
8946.733333333334 116
22628.333333333332 103
8144.0 103
8188.5 94
20501.2 95
13236.833333333334 60
1499.9666666666667 84
5764.6 98
6609.866666666667 86
19019.533333333333 93
6891.8 73
12490.133333333333 72
20561.233333333334 115
13929.766666666666 99
2776.3333333333335 93
15423.933333333332 61
18560.1 73
20682.866666666665 81
25817.466666666667 84
9861.033333333333 74
5384.833333333333 96
26191.266666666666 104
1568.0333333333333 80
11567.066666666666 86
23723.933333333334 71
4318.1 80
13324.4 112
14428.533333333333 94
18105.466666666667 71
24736.233333333334 117
5033.766666666666 92
15204.966666666667 108
4375.533333333333 88
21468.866666666665 88
6121.166666666667 116
9854.033333333333 107
17992.066666666666 99
6012.333333333333 116
15694.1 63
11870.166666666666 86
16632.466666666667 95
20466.766666666666 61
15849.266666666666 78
3042.1666666666665 103
8317.033333333333 70
12548.066666666666 113
15327.133333333333 69
15920.866666666667 81
2540.0666666666666 101
24657.8 64
7.533333333333333 70
5585.033333333333 104
19123.466666666667 73
21523.166666666668 102
21620.233333333334 103
9268.433333333332 99
3878.366666666667 76
9517.6 110
2659.7 78
18674.233333333334 83
23391.13333333333 73
17983.3 60
27000.666666666668 87
14803.4 99
17130.733333333334 67
18346.13333333333 78
14540.566666666666 113
5776.433333333333 105
16657.333333333332 113
12036.766666666666 78
13239.966666666667 63
10274.9 64
5805.866666666667 70
15254.8 95
4276.066666666667 63
26511.766666666666 60
12664.433333333332 90
3420.133333333333 93
21391.933333333334 86
4434.0 107
25006.733333333334 82
13441.133333333333 111
8538.133333333333 96
27979.533333333333 60
27885.966666666667 93
8857.3 88
407.3666666666667 115
28230.266666666666 62
14043.966666666667 99
5208.2 106
2791.133333333333 76
26658.1 110
23019.766666666666 73
12525.8 61
25842.4 68
23109.066666666666 109
5214.233333333334 83
21932.533333333333 79
2219.3333333333335 78
4161.3 99
7084.2 93
10622.0 81
3400.7666666666664 77
9993.733333333334 112
5486.5 78
10425.266666666666 93
15145.9 62
8836.766666666666 101
10648.8 109
17465.333333333332 111
17360.5 107
6696.633333333333 116
25092.966666666667 87
9198.733333333334 86
1570.4333333333334 77
12415.466666666667 63
26127.4 77
26735.366666666665 68
25004.3 89
20779.0 69
7765.9 92
245.2 81
3874.4333333333334 97
8871.8 116
3066.8 115
9067.233333333334 89
9329.666666666666 71
23592.866666666665 109
14010.3 73
10026.2 68
7951.5 106
13190.199999999999 96
19217.166666666668 82
25948.166666666668 84
28373.166666666668 89
8445.633333333333 62
23512.63333333333 81
27151.433333333334 101
18809.033333333333 60
21480.0 74
3084.633333333333 96
13418.733333333334 68
15851.033333333333 69
5401.0 96
21879.866666666665 96
28312.033333333333 79
10017.2 61
21549.733333333334 119
15857.166666666666 111
27862.066666666666 69
2767.6 112
23946.5 81
11882.433333333332 72
25357.233333333334 80
3980.1 78
25711.433333333334 112
7084.233333333334 86
9525.0 79
2583.733333333333 95
15520.966666666667 65
10785.4 84
22417.366666666665 60
8313.6 67
8701.533333333333 67
28265.6 101
1708.2666666666667 116
8749.233333333334 75
14454.0 112
20596.566666666666 117
16061.666666666666 100
5353.7 113
15264.333333333334 115
2743.8333333333335 107
4925.633333333333 62
21731.433333333334 69
2281.3333333333335 109
23544.63333333333 70
725.3666666666667 90
16990.1 62
7254.166666666667 118
12667.566666666666 108
1332.7 100
10024.0 74
16604.5 87
22228.666666666668 86
1272.8333333333333 71
22991.866666666665 110
13369.766666666666 87
58.166666666666664 66
24606.466666666667 99
17786.13333333333 103
20484.066666666666 60
19529.566666666666 109
14057.433333333332 75
11179.9 74
28038.433333333334 100
28764.8 67
10378.833333333334 111
9871.933333333332 83
18104.833333333332 104
4640.666666666667 77
19482.533333333333 112
15489.0 67
15278.966666666667 86
7494.866666666667 95
14073.433333333332 76
27859.433333333334 84
15723.133333333333 101
1244.5 84
14748.4 84
23598.63333333333 65
19373.1 66
13705.1 96
10319.866666666667 92
28292.13333333333 94
21317.733333333334 116
15230.933333333332 106
7216.533333333333 76
5803.9 115
15862.0 83
174.2 82
478.0 61
21848.7 75
8657.0 94
7273.233333333334 102
25327.4 104
10586.633333333333 83
745.6 103
3602.6 72
5877.6 110
8639.433333333332 80
11460.933333333332 114
27816.8 69
18177.566666666666 96
15802.9 73
6274.2 104
5653.7 91
615.7 74
8768.5 93
14079.433333333332 101
19165.266666666666 77
3225.5666666666666 69
4196.3 112
7348.433333333333 104
14221.633333333333 76
26282.6 110
13565.3 77
26977.7 77
13176.3 70
1220.3 90
12523.8 88
27520.6 112
8993.933333333332 67
9744.8 86
28103.233333333334 66
3742.1666666666665 60
19625.433333333334 96
25188.166666666668 90
4153.766666666666 64
15667.8 117
11944.8 119
26908.2 86
22967.0 86
23229.5 76
3867.7666666666664 83
11528.7 109
464.8 98
22953.6 100
19835.1 115
4668.833333333333 119
26479.2 92
18506.3 95
7130.766666666666 75
14083.033333333333 102
22466.6 67
23090.3 81
9352.833333333334 111
18254.13333333333 79
2735.133333333333 94
6020.966666666666 93
15041.833333333334 99
26752.533333333333 110
26548.833333333332 62
14033.833333333334 74
7899.033333333333 94
13379.766666666666 89
23076.366666666665 98
15702.1 71
8034.8 75
10604.0 105
16625.6 87
14823.8 112
4938.666666666667 91
8888.7 87
6911.766666666666 61
1976.7333333333333 115
25830.3 106
4881.233333333334 66
17530.733333333334 97
23698.766666666666 70
15031.966666666667 98
20885.6 84
1595.5333333333333 71
28792.266666666666 111
8963.033333333333 89
9367.4 99
16773.5 85
13669.633333333333 118
7732.633333333333 113
587.5 83
6392.233333333334 117
16256.6 109
12859.033333333333 80
23918.6 100
21492.266666666666 87
21494.5 103
26818.366666666665 112
27485.0 118
10502.966666666667 115
1905.4333333333334 92
21465.533333333333 89
7018.599999999999 110
28566.966666666667 68
5749.733333333334 65
24392.033333333333 74
7034.866666666667 98
21665.733333333334 105
2488.4333333333334 94
16921.833333333332 67
25136.466666666667 67
7931.8 78
14979.166666666666 94
11652.833333333334 85
25741.9 93
10761.133333333333 77
28567.966666666667 103
3071.633333333333 71
7130.599999999999 98
23591.866666666665 108
6422.666666666667 85
6180.766666666666 67
18132.733333333334 73
8755.066666666666 103
26860.933333333334 117
22709.7 116
4615.366666666667 114
3784.4666666666667 65
21633.233333333334 67
14702.366666666667 97
9255.666666666666 117
22454.166666666668 66
1410.6 101
13192.333333333334 112
22020.733333333334 66
22721.733333333334 88
20293.9 102
14636.3 98
4536.466666666666 67
6377.166666666667 67
1399.6666666666667 113
17213.63333333333 101
9300.666666666666 112
23056.933333333334 74
8131.033333333333 81
19300.333333333332 71
7677.599999999999 62
3658.7666666666664 73
8249.9 92
2778.8 72
23587.933333333334 63
3534.1 96
27429.933333333334 93
17202.033333333333 66
26013.166666666668 84
12358.3 115
2269.4333333333334 63
10371.8 111
2222.7666666666664 81
16791.933333333334 87
1079.7666666666667 76
13295.833333333334 74
1213.1 86
2906.5333333333333 83
6951.966666666666 118
26877.933333333334 91
8643.933333333332 64
7781.266666666666 61
15868.533333333333 95
18701.466666666667 70
800.8 112
21041.0 69
27428.899999999998 112
14208.4 87
25369.566666666666 103
3151.0333333333333 94
4788.566666666667 90
28159.6 97
9407.7 118
16041.933333333332 116
9732.566666666666 74
20043.1 72
24459.5 87
11302.866666666667 82
19285.566666666666 108
12058.3 100
1514.6333333333332 73
921.1 70
23296.866666666665 81
20635.266666666666 107
4325.633333333333 74
13052.933333333332 99
12493.7 81
2407.633333333333 100
13543.699999999999 112
24438.233333333334 97
28027.733333333334 103
12614.0 114
22734.533333333333 117
4442.1 75
6449.4 71
8851.3 84
18483.0 105
23398.7 113
10316.733333333334 66
8097.733333333334 93
22944.733333333334 114
12234.1 105
5290.0 71
6870.733333333334 61
7311.333333333333 114
21483.566666666666 103
14559.966666666667 91
11953.066666666666 110
23515.6 61
13835.166666666666 106
19693.933333333334 74
15227.9 109
14516.033333333333 102
3773.2 113
27462.13333333333 108
733.7 88
7395.666666666667 80
10576.1 106
5941.9 118
5245.266666666666 117
4986.666666666667 81
3811.7999999999997 78
28453.966666666667 92
6164.833333333333 105
25902.233333333334 66
8399.233333333334 89
7071.533333333333 75
5611.1 67
24408.433333333334 101
8908.4 68
26996.63333333333 103
6814.133333333333 117
18175.1 102
25374.933333333334 74
24049.333333333332 111
16377.3 61
13188.766666666666 96
5429.466666666666 74
3675.9 76
3085.3 72
19761.366666666665 60
2836.6666666666665 105
18394.2 113
9383.2 109
10942.833333333334 67
7121.7 108
59.6 73
9829.066666666666 100
26569.733333333334 76
20127.533333333333 116
19625.066666666666 99
5026.566666666667 88
18173.733333333334 80
12870.433333333332 107
27270.13333333333 87
13514.133333333333 73
28670.766666666666 108
23419.066666666666 106
14613.266666666666 65
14688.233333333334 93
24212.5 80
25822.233333333334 86
22378.433333333334 85
429.26666666666665 105
12890.633333333333 90
14163.533333333333 70
631.3333333333334 82
25655.533333333333 112
17388.0 115
11782.033333333333 76
17670.8 107
11079.333333333334 115
10640.366666666667 93
2345.8333333333335 70
21586.333333333332 95
17496.333333333332 89
24550.433333333334 113
6154.133333333333 69
27782.533333333333 106
15571.166666666666 88
407.8 97
12745.3 74
1667.6666666666667 71
22160.0 102
27892.399999999998 62
17190.966666666667 105
1575.3 114
23797.166666666668 106
3264.733333333333 89
13936.266666666666 116
10344.433333333332 96
18355.233333333334 89
18844.4 69
20887.566666666666 88
26946.13333333333 66
7756.533333333333 104
17078.533333333333 63
18038.1 99
23252.3 108
19602.366666666665 91
1680.7666666666667 77
7581.866666666667 105
18910.533333333333 91
26954.233333333334 116
2150.4 100
20587.63333333333 62
3405.133333333333 110
3855.133333333333 83
2162.9 64
26638.399999999998 103
24282.833333333332 116
5031.933333333333 85
28565.6 99
24607.9 83
22716.866666666665 74
8188.466666666666 93
17837.166666666668 85
1466.5 81
7983.3 75
9490.7 78
8636.766666666666 70
17074.666666666668 78
1955.7666666666667 72
19444.266666666666 96
23957.233333333334 104
21814.833333333332 70
5250.066666666667 115
26103.166666666668 70
20422.8 105
19641.966666666667 95
6683.833333333333 100
973.9 105
1254.5 104
9917.833333333334 71
18670.4 115
9581.733333333334 93
4173.0 73
19536.7 115
10500.933333333332 110
11719.633333333333 109
5523.4 76
15866.333333333334 83
13691.966666666667 72
27392.033333333333 93
11316.833333333334 99
15213.966666666667 102
12737.433333333332 104
5174.166666666667 86
6432.266666666666 73
7889.599999999999 109
24289.3 92
5066.3 112
11579.2 66
3094.0333333333333 106
15052.066666666666 106
13937.8 110
19980.466666666667 116
8314.833333333334 105
918.6 111
1146.9333333333334 76
16571.966666666667 87
6364.666666666667 61
10976.5 114
13199.699999999999 61
7704.666666666667 68
15741.433333333332 77
21175.733333333334 89
2962.133333333333 98
25941.233333333334 69
2935.8 98
13901.633333333333 93
26745.733333333334 66
28403.6 107
24053.466666666667 102
22667.966666666667 108
19981.6 89
27709.833333333332 60
25794.466666666667 63
4691.366666666667 89
9704.933333333332 62
2315.7666666666664 83
17886.066666666666 70
25921.6 72
24873.866666666665 112
20442.933333333334 102
2187.4666666666667 102
17779.433333333334 98
28033.63333333333 75
17812.4 103
19158.766666666666 103
23973.6 110
23685.8 93
28297.866666666665 101
3911.5666666666666 67
26460.5 73
27926.8 99
12105.2 62
8099.566666666667 66
10818.533333333333 60
5635.066666666667 110
21261.233333333334 76
4132.6 76
19121.7 64
18897.466666666667 75
475.59999999999997 66
23013.8 106
7799.533333333333 113
24018.066666666666 60
3290.4666666666667 90
11936.033333333333 77
5811.033333333333 82
23897.13333333333 71
21371.2 98
10268.433333333332 87
4596.166666666667 95
9835.533333333333 115
28345.8 69
4441.933333333333 79
22786.766666666666 119
9818.533333333333 108
7907.8 69
27127.166666666668 65
6044.133333333333 99
10660.633333333333 83
28465.433333333334 97
15652.733333333334 92
5591.366666666667 65
2660.5 111
592.3333333333334 80
672.5333333333333 72
365.4 63
25549.8 98
10008.033333333333 109
27674.1 93
26449.7 63
7103.7 94
18081.266666666666 117
16307.833333333334 107
8962.266666666666 117
25693.033333333333 102
6629.133333333333 68
17784.466666666667 87
6446.5 115
24984.5 115
19721.766666666666 76
22864.333333333332 71
21961.966666666667 78
15121.133333333333 78
7593.4 65
7916.466666666666 88
14310.966666666667 68
13425.9 69
2554.5333333333333 71
24472.2 92
17945.466666666667 64
22479.5 67
17767.7 88
1923.7333333333333 62
2518.133333333333 105
16620.0 109
10086.533333333333 62
25322.1 105
1852.6666666666667 88
20230.433333333334 112
12991.633333333333 109
20270.7 110
434.8666666666667 109
9162.7 97
15847.666666666666 118
1138.3666666666666 99
2952.6666666666665 75
23887.233333333334 115
11776.333333333334 61
17810.1 74
10131.0 108
9908.066666666666 94
22580.533333333333 98
25844.933333333334 112
24803.4 84
15776.766666666666 105
20763.2 75
19197.2 61
14538.3 73
20696.033333333333 67
1201.8333333333333 65
11972.5 84
25081.13333333333 73
18690.2 106
10650.266666666666 77
17114.366666666665 74
3079.733333333333 94
5278.5 90
16040.1 115
16175.699999999999 113
21286.63333333333 81
22364.8 72
13544.933333333332 106
17577.566666666666 110
15422.866666666667 102
420.6666666666667 99
22371.766666666666 114
25463.3 86
14400.466666666667 62
1127.3666666666666 87
20148.4 94
14600.733333333334 116
27721.966666666667 95
11908.166666666666 64
9111.666666666666 67
22383.966666666667 78
4902.633333333333 93
10557.766666666666 72
20811.766666666666 119
22798.733333333334 103
18360.333333333332 88
16083.266666666666 63
2295.4 95
28164.8 107
21070.7 89
5717.266666666666 96
22457.9 66
11322.233333333334 65
24140.4 107
28023.466666666667 104
25143.1 67
22461.6 69
26100.1 114
5200.133333333333 106
4634.9 110
3538.1 74
24140.1 68
18364.7 65
402.23333333333335 117
23068.233333333334 90
15188.533333333333 82
24969.166666666668 85
7389.566666666667 99
26851.733333333334 106
2446.133333333333 79
9591.9 74
18633.8 69
19963.7 116
17145.7 89
11568.7 103
3097.4 63
9002.1 61
20542.4 108
26988.0 101
19924.2 61
12610.833333333334 90
11689.066666666666 72
3562.4666666666667 77
5467.633333333333 113
16775.2 91
3459.1 111
11282.333333333334 82
24520.466666666667 102
2658.9333333333334 103
502.96666666666664 72
4464.5 105
16212.5 119
2083.0 93
9996.466666666667 86
22228.066666666666 114
9523.666666666666 116
287.6 107
1717.8333333333333 114
10574.766666666666 116
12296.566666666666 101
6995.966666666666 114
19893.766666666666 77
28135.966666666667 70
23701.933333333334 94
20145.333333333332 97
19655.866666666665 64
13810.0 94
1407.0 108
19015.733333333334 114
834.0 88
17455.766666666666 79
6864.566666666667 83
2883.1666666666665 117
27794.833333333332 73
5715.433333333333 77
18742.6 93
8755.766666666666 76
16380.133333333333 86
25660.13333333333 87
25326.533333333333 102
6984.466666666666 82
2284.6 63
19974.233333333334 100
10380.733333333334 81
2511.0666666666666 64
19964.833333333332 103
13663.5 107
11158.6 113
21211.366666666665 86
10079.4 83
15787.633333333333 60
21811.533333333333 98
12571.2 74
24553.8 119
28257.3 105
27348.0 86
15928.199999999999 61
5446.3 74
17618.63333333333 92
1935.7 60
17345.866666666665 90
24829.333333333332 94
9971.733333333334 105
26152.9 106
7445.466666666666 112
25138.466666666667 61
26588.966666666667 64
1328.0666666666666 108
27533.666666666668 62
15617.233333333334 80
18242.533333333333 107
9264.333333333334 119
2912.4333333333334 65
20317.566666666666 104
21033.7 83
21934.5 110
20766.333333333332 77
11592.7 98
24629.13333333333 83
2975.9666666666667 63
25883.766666666666 85
26667.233333333334 70
10671.933333333332 113
28541.3 67
9410.433333333332 77
3108.8 97
28610.333333333332 92
27795.899999999998 63
26941.666666666668 87
15862.166666666666 83
14300.633333333333 102
9199.966666666667 76
10903.633333333333 65
21189.066666666666 94
22780.433333333334 73
27885.6 67
24869.333333333332 79
23946.233333333334 98
25176.9 97
15219.666666666666 92
6264.333333333333 78
1743.8666666666666 84
11471.766666666666 117
26636.066666666666 91
5980.866666666667 85
27338.266666666666 78
15381.066666666666 74
24574.63333333333 97
5488.566666666667 75
914.6666666666666 111
20283.266666666666 93
15858.133333333333 90
18802.0 109
24999.033333333333 92
14478.8 78
8919.833333333334 84
12621.633333333333 113
5789.566666666667 85
21781.033333333333 64
23282.966666666667 60
10420.033333333333 99
13148.566666666666 102
1883.7333333333333 90
5048.766666666666 86
8968.833333333334 60
27852.1 118
11113.433333333332 78
24721.566666666666 78
18634.3 119
3034.9333333333334 111
1784.1333333333332 83
15123.166666666666 77
8523.933333333332 65
18986.066666666666 101
15683.633333333333 93
28589.399999999998 76
27214.066666666666 115
19296.266666666666 94
1855.0333333333333 92
6561.466666666666 79
13852.366666666667 80
25477.0 101
2661.0 85
13152.5 71
709.2333333333333 106
5240.1 99
4243.0 94
1762.0333333333333 94
6355.966666666666 86
24154.1 97
13749.966666666667 115
18417.433333333334 81
12316.066666666666 84
8488.3 87
22168.933333333334 63
26481.866666666665 88
3308.0333333333333 107
8296.566666666666 84
10182.566666666666 78
28020.3 106
11512.733333333334 73
22036.733333333334 66
28263.63333333333 100
1431.2 63
12518.966666666667 73
24910.333333333332 102
8920.033333333333 98
25283.63333333333 97
5253.333333333333 114
16185.0 60
13295.466666666667 63
6348.4 93
15311.966666666667 71
2968.6 77
22831.333333333332 97
8534.166666666666 76
3172.633333333333 66
13574.699999999999 60
7648.333333333333 102
622.2666666666667 105
22679.833333333332 116
9075.933333333332 67
25554.066666666666 103
28225.933333333334 81
25155.7 87
24853.9 88
27442.399999999998 64
8051.666666666667 118
21172.533333333333 91
22745.2 71
21603.066666666666 67
7591.533333333333 92
5467.333333333333 70
4653.066666666667 87
4863.866666666667 108
13862.133333333333 70
11795.233333333334 117
22242.733333333334 98
24920.733333333334 103
12500.2 73
10976.433333333332 86
623.0 71
20861.733333333334 92
28508.63333333333 117
18899.433333333334 92
24252.63333333333 63
26899.733333333334 110
16215.733333333334 62
23211.866666666665 88
10964.766666666666 85
17645.366666666665 101
21213.63333333333 67
2718.5666666666666 61
16195.233333333334 67
7970.4 110
24432.433333333334 92
28639.933333333334 118
8672.0 116
21146.4 102
23045.733333333334 65
15832.266666666666 73
3490.866666666667 109
21964.13333333333 95
28553.13333333333 105
23905.433333333334 105
23426.733333333334 64
15715.133333333333 65
4793.066666666667 115
13754.733333333334 110
19751.3 68
19495.13333333333 107
9467.966666666667 94
4707.166666666667 78
24456.266666666666 70
15102.8 81
19449.866666666665 114
28496.766666666666 112
20306.2 71
2786.9666666666667 93
9017.3 74
5122.2 119
23889.833333333332 62
2868.5666666666666 62
22884.9 114
20860.6 73
10086.833333333334 66
12558.6 81
4917.633333333333 80
22574.166666666668 99
2401.9666666666667 104
20485.266666666666 60
16382.733333333334 96
201.13333333333333 114
16530.566666666666 61
18592.366666666665 67
6842.866666666667 94
24380.7 64
25901.8 117
12685.233333333334 61
23337.7 75
25849.966666666667 83
10803.566666666666 100
14066.633333333333 75
15622.466666666667 87
20578.733333333334 75
395.3666666666667 82
3995.0333333333333 94
18205.5 68
10691.933333333332 116
14629.566666666666 69
28312.433333333334 72
14359.199999999999 69
6291.166666666667 81
8398.7 81
25532.4 78
19466.433333333334 97
15469.433333333332 109
19826.7 94
15655.866666666667 105
12468.4 117
21085.366666666665 66
8140.233333333334 113
15186.166666666666 83
10544.633333333333 77
25149.3 112
9842.133333333333 100
20775.3 99
4786.166666666667 99
2874.233333333333 73
8332.366666666667 80
10513.233333333334 116
10436.8 117
21696.033333333333 72
306.1333333333333 88
22939.13333333333 100
27724.8 107
1223.7666666666667 73
24622.533333333333 95
3756.9 86
9766.466666666667 116
6131.566666666667 69
24614.7 90
19010.3 115
15410.433333333332 98
9333.133333333333 97
17293.166666666668 117
6733.066666666667 83
13201.433333333332 61
8016.566666666667 74
9885.966666666667 97
19876.833333333332 88
582.0666666666666 77
19321.333333333332 108
24288.966666666667 90
5113.2 104
5496.333333333333 111
7955.566666666667 92
1830.9666666666667 66
27794.266666666666 100
28489.899999999998 118
5085.266666666666 85
9714.533333333333 84
12658.466666666667 113
19577.13333333333 89
16489.7 101
27642.266666666666 69
11739.0 104
11742.433333333332 116
9376.533333333333 107
4008.0 91
18148.266666666666 61
26063.2 64
25454.5 97
8879.8 61
28468.566666666666 75
5322.466666666666 109
27169.333333333332 92
2971.6666666666665 103
2018.6333333333332 119
15620.933333333332 66
3446.7666666666664 66
17206.4 91
24709.8 81
24262.166666666668 78
18478.63333333333 89
25947.6 99
13744.5 105
26644.899999999998 80
15002.699999999999 111
22492.033333333333 79
21849.866666666665 92
17184.233333333334 74
21409.13333333333 98
11931.4 69
22538.7 111
18374.9 108
13341.433333333332 81
20507.1 118
9815.8 66
19260.0 85
22793.933333333334 102
6797.266666666666 93
22104.8 101
12582.866666666667 68
20971.933333333334 113
15926.166666666666 84
18118.13333333333 92
19882.766666666666 63
6351.933333333333 104
8071.566666666667 77
40.86666666666667 73
16288.266666666666 90
22567.13333333333 89
21859.066666666666 85
22929.166666666668 113
3365.866666666667 116
10834.133333333333 66
11452.1 64
28312.333333333332 86
8827.633333333333 116
11339.866666666667 79
8905.633333333333 88
17858.933333333334 81
21020.833333333332 116
1401.1666666666667 87
9017.9 71
3233.3 81
16759.63333333333 85
16387.2 106
20099.433333333334 69
10233.1 65
15648.266666666666 84
2317.5 60
528.3666666666667 98
10295.633333333333 64
7275.633333333333 65
27844.1 61
1768.6 95
13654.699999999999 97
20640.5 112
9385.233333333334 71
16926.1 104
15881.866666666667 62
19028.2 109
15538.699999999999 109
4226.2 111
25337.266666666666 96
21139.033333333333 80
4275.0 105
4678.533333333333 109
7181.0 62
19582.5 91
5013.266666666666 63
2004.5666666666666 90
28586.666666666668 97
9307.233333333334 107
6600.366666666667 93
7767.033333333333 81
495.1333333333333 82
3558.733333333333 103
21463.833333333332 62
16548.933333333334 97
25393.733333333334 90
6256.166666666667 106
22092.033333333333 77
11173.433333333332 79
2133.866666666667 107
25844.466666666667 69
1764.1333333333332 95
20897.3 68
21730.566666666666 92
22117.733333333334 98
26266.833333333332 118
15751.033333333333 85
3973.0666666666666 117
11604.166666666666 115
28548.266666666666 71
881.5333333333333 106
21715.366666666665 110
10194.433333333332 115
3290.7666666666664 117
3991.133333333333 97
5509.333333333333 68
683.2 94
1516.3333333333333 78
908.2666666666667 100
3811.3333333333335 73
10696.633333333333 64
14751.566666666666 83
8672.766666666666 60
14519.5 99
10851.933333333332 74
2923.366666666667 104
14537.0 81
9122.466666666667 108
14237.699999999999 83
23883.533333333333 70
27529.7 116
338.76666666666665 101
19453.466666666667 110
22382.466666666667 71
6589.133333333333 75
2082.6 88
6696.3 66
10957.0 74
7247.7 92
27109.333333333332 92
26357.233333333334 74
7727.933333333333 84
10255.0 85
20074.1 69
5245.766666666666 96
997.4333333333333 66
9476.966666666667 62
5143.833333333333 87
5982.233333333334 99
21434.63333333333 76
6776.966666666666 60
12180.2 70
5054.033333333333 63
6257.233333333334 88
19594.4 60
17743.433333333334 88
10734.866666666667 82
18397.6 106
1880.6 86
15148.8 109
20342.666666666668 73
17495.933333333334 93
16089.033333333333 103
4283.533333333333 112
7568.366666666667 93
14227.266666666666 87
17078.63333333333 104
15127.9 66
9440.366666666667 66
13914.833333333334 77
630.0666666666666 118
547.7666666666667 79
19322.63333333333 117
826.8333333333334 103
21763.933333333334 88
28799.0 106
17485.333333333332 74
20584.13333333333 102
21055.733333333334 62
4907.5 118
15415.733333333334 100
18027.333333333332 85
23766.7 119
6358.633333333333 110
16547.5 71
11140.066666666666 93
16741.766666666666 84
15321.533333333333 84
18766.0 114
27642.066666666666 85
17129.63333333333 82
6772.433333333333 86
13539.766666666666 84
14571.633333333333 93
25913.1 82
9308.766666666666 79
24239.5 87
19296.13333333333 102
15367.333333333334 100
3422.2666666666664 78
17609.433333333334 78
22179.466666666667 75
21167.766666666666 117
7365.333333333333 88
15258.199999999999 117
26848.0 79
16605.866666666665 76
21946.6 77
10340.966666666667 106
18728.066666666666 83
19892.066666666666 115
7705.833333333333 99
1021.6666666666666 71
24104.166666666668 77
18075.7 89
4700.666666666667 98
18757.566666666666 116
5411.766666666666 86
22613.1 114
12986.266666666666 103
2298.6 68
17166.766666666666 67
22356.7 93
20086.666666666668 105
3335.133333333333 77
26212.63333333333 76
19641.0 95
13951.733333333334 67
10829.6 87
4395.3 70
3502.4666666666667 89
6583.333333333333 73
24212.466666666667 87
2309.1 119
2314.3 64
24255.13333333333 99
6256.3 87
18122.066666666666 84
18506.0 83
24215.4 94
11123.033333333333 87
4797.2 95
15191.266666666666 68
2506.366666666667 65
22978.7 92
7211.666666666667 114
24905.266666666666 93
27846.7 94
8159.566666666667 77
25058.2 90
325.8333333333333 62
2567.866666666667 74
23842.6 64
22920.1 73
5662.266666666666 60
24086.0 113
3406.5 71
10309.8 104
14203.4 99
23329.233333333334 119
22938.63333333333 109
15367.3 83
8595.333333333334 94
399.0 75
19609.066666666666 62
18248.1 105
6393.566666666667 82
26591.7 65
25994.13333333333 113
7084.533333333333 106
22606.0 106
8680.233333333334 79
12215.733333333334 95
7685.133333333333 63
9974.666666666666 85
8007.866666666667 101
8742.566666666666 116
2223.7666666666664 76
18577.866666666665 111
10245.466666666667 73
8727.066666666666 94
20091.833333333332 118
7661.733333333334 102
4401.333333333333 108
9052.066666666666 110
21948.3 94
10266.766666666666 99
11553.033333333333 90
25151.7 90
12464.666666666666 85
1286.3333333333333 103
27474.6 92
6850.433333333333 68
19057.166666666668 70
20500.5 73
27523.2 96
5455.266666666666 106
9895.933333333332 80
19141.5 76
26417.933333333334 64
21998.266666666666 60
17767.566666666666 97
28523.63333333333 107
14599.433333333332 83
17160.1 81
24829.4 93
10926.866666666667 102
3590.9333333333334 84
26828.666666666668 116
8307.866666666667 99
15962.166666666666 77
5154.333333333333 91
15934.199999999999 111
2646.366666666667 109
10868.9 98
11169.366666666667 101
21885.6 80
3341.6666666666665 83
20422.333333333332 78
27127.3 103
3117.5 69
24675.533333333333 72
86.3 97
11895.633333333333 112
3403.0 101
2570.733333333333 87
