12696.433333333332 65
15171.366666666667 108
612.8666666666667 83
25525.9 93
3304.9 60
8825.433333333332 88
17002.033333333333 77
3829.0333333333333 111
10903.833333333334 107
651.8666666666667 105
26949.0 69
214.66666666666666 108
26906.866666666665 109
25075.433333333334 100
25505.866666666665 105
5850.933333333333 95
3190.4 76
6637.9 68
20238.1 114
24956.8 74
4969.133333333333 109
26764.833333333332 85
23323.033333333333 64
10039.5 103
23667.2 104
16712.8 103
10491.333333333334 115
1879.0 110
23333.533333333333 91
19773.6 92
5331.033333333333 85
9721.0 74
19152.8 87
22419.566666666666 85
13188.199999999999 110
23434.533333333333 74
24355.166666666668 60
9755.933333333332 79
852.6 93
25000.766666666666 109
7698.7 118
26064.366666666665 111
1159.9 106
14866.133333333333 62
9188.2 103
2183.9333333333334 89
27067.433333333334 80
1774.3999999999999 91
18445.866666666665 110
28478.0 71
7163.666666666667 77
28639.466666666667 64
25312.233333333334 105
21883.933333333334 62
8614.866666666667 107
2455.0 96
29.333333333333332 114
27878.266666666666 81
12912.2 118
27984.399999999998 61
13145.666666666666 61
9007.866666666667 62
256.0 89
4548.733333333334 108
3734.2666666666664 108
24885.0 94
14906.3 65
28548.899999999998 82
24902.666666666668 87
10165.166666666666 103
77.23333333333333 72
15763.433333333332 79
20062.733333333334 72
26389.866666666665 95
18266.1 100
13140.766666666666 95
20938.6 81
13410.033333333333 69
1870.5333333333333 92
17495.9 96
24318.066666666666 83
19533.866666666665 68
1258.3333333333333 111
24176.6 97
10815.833333333334 90
21980.233333333334 87
1371.9 82
19221.63333333333 81
14900.566666666666 118
24520.9 77
18136.733333333334 84
27681.7 92
17985.866666666665 70
6689.333333333333 119
24798.1 85
28518.066666666666 118
17633.2 104
22964.3 63
19294.466666666667 70
14638.9 84
16599.533333333333 96
19944.466666666667 81
20486.166666666668 79
10742.566666666666 117
10770.6 86
27083.233333333334 99
5061.833333333333 66
5332.466666666666 96
19979.2 69
19762.866666666665 97
22434.3 99
2703.4 114
25712.433333333334 102
16435.2 72
8208.233333333334 103
23918.0 104
25347.433333333334 91
422.0333333333333 115
3981.366666666667 81
9148.9 114
9910.5 76
17581.033333333333 118
12365.433333333332 69
6859.166666666667 87
25079.766666666666 108
12067.7 83
20008.466666666667 116
24388.8 73
15374.566666666666 104
3763.633333333333 109
10508.1 87
9455.033333333333 73
1235.7333333333333 96
26614.7 105
15220.866666666667 64
25751.13333333333 76
24220.5 86
6620.633333333333 106
2587.4333333333334 93
15600.633333333333 99
25586.6 88
8108.466666666666 89
23847.1 100
23467.433333333334 63
10428.033333333333 87
9826.633333333333 71
26970.466666666667 107
22326.4 60
16180.833333333334 109
3637.6 86
25614.2 60
7594.166666666667 71
2255.0333333333333 66
24923.866666666665 82
11907.333333333334 82
3755.9666666666667 78
27232.233333333334 116
10389.5 86
27760.7 95
3995.5333333333333 84
27373.766666666666 80
25910.833333333332 81
17182.63333333333 116
759.5 60
9810.833333333334 91
13726.166666666666 94
22691.666666666668 119
24596.066666666666 80
4608.4 117
21575.7 99
4562.1 87
7305.633333333333 86
1039.7666666666667 103
675.4666666666667 73
13624.666666666666 102
17657.566666666666 92
6622.833333333333 108
22924.3 65
26213.833333333332 89
19696.733333333334 83
28169.666666666668 89
6930.466666666666 84
10305.633333333333 96
10019.966666666667 84
3955.4666666666667 80
24554.5 117
17049.866666666665 80
14827.866666666667 79
5248.833333333333 118
25344.7 65
1034.5333333333333 117
2717.8 75
1314.0 110
14041.333333333334 113
9106.733333333334 96
28706.333333333332 111
12894.7 79
8730.666666666666 73
22903.6 90
12042.1 91
20765.63333333333 107
127.43333333333334 103
28150.7 118
20795.366666666665 83
14153.866666666667 86
25253.2 77
22437.0 114
21740.733333333334 73
13532.733333333334 78
9377.433333333332 102
20890.066666666666 77
21482.766666666666 76
24113.333333333332 117
4271.3 119
27532.0 97
6484.633333333333 91
21111.466666666667 81
25769.833333333332 88
19365.466666666667 118
27730.8 87
7074.466666666666 68
15642.8 109
21502.666666666668 117
10172.966666666667 80
12883.4 76
7224.766666666666 119
25709.533333333333 92
21352.033333333333 111
10088.6 95
6427.333333333333 111
2627.2666666666664 93
20444.2 110
15736.8 112
17362.666666666668 100
21319.4 119
25987.833333333332 91
533.1333333333333 84
16015.5 74
24646.63333333333 97
16490.166666666668 65
18446.3 81
23261.933333333334 69
24963.333333333332 107
13257.266666666666 119
9450.666666666666 83
5488.6 114
14298.033333333333 62
25537.033333333333 102
24690.533333333333 63
10848.066666666666 100
6340.9 103
7056.0 100
26849.899999999998 84
17995.6 98
5858.166666666667 66
26991.899999999998 113
12926.433333333332 105
27994.13333333333 96
17366.333333333332 100
3939.9333333333334 99
4231.5 66
15414.633333333333 110
20559.1 93
28465.2 66
19324.333333333332 108
10375.966666666667 63
26644.833333333332 76
13894.133333333333 71
25380.933333333334 112
21064.833333333332 112
13623.266666666666 76
23886.1 101
16884.5 66
9281.433333333332 106
23852.666666666668 92
24873.833333333332 60
23040.433333333334 114
3895.2999999999997 68
9783.1 75
20990.166666666668 72
21980.8 113
10170.2 114
17422.833333333332 76
17124.233333333334 98
25114.166666666668 115
15570.5 76
28229.733333333334 89
19420.766666666666 84
2767.2666666666664 63
15732.866666666667 73
7640.133333333333 78
20293.1 65
15104.533333333333 112
25370.933333333334 83
23111.233333333334 116
4887.066666666667 118
16351.266666666666 116
9375.433333333332 110
25658.833333333332 84
7021.599999999999 76
254.43333333333334 101
12343.766666666666 100
543.1333333333333 78
4784.233333333334 75
3127.6 61
17832.433333333334 111
23174.13333333333 113
19400.066666666666 64
13301.133333333333 112
10359.433333333332 113
6189.133333333333 93
10467.666666666666 96
27502.966666666667 63
28423.533333333333 89
4251.266666666666 98
6071.1 109
11277.633333333333 68
22031.5 104
8353.0 74
13507.066666666666 67
2837.2 103
11262.0 77
11166.4 80
22303.533333333333 78
22915.733333333334 111
14244.833333333334 81
16700.0 91
25230.566666666666 65
12553.0 101
27090.466666666667 71
26444.833333333332 68
9243.8 66
5146.033333333333 116
13619.8 100
24971.733333333334 94
18180.566666666666 106
5015.3 60
20890.166666666668 90
12996.333333333334 117
10809.3 71
6828.533333333333 60
19123.533333333333 80
19239.0 115
25213.0 99
15899.933333333332 109
25409.3 71
15422.566666666666 108
15994.4 62
982.8666666666667 68
2919.5333333333333 89
15417.266666666666 75
21256.63333333333 107
16388.6 112
755.9333333333333 94
12590.833333333334 73
9070.333333333334 112
13648.699999999999 72
24296.833333333332 105
22172.9 111
6046.866666666667 90
22455.966666666667 119
12440.733333333334 61
21173.1 103
21042.066666666666 68
3765.9666666666667 96
17588.0 105
14195.733333333334 91
17943.066666666666 97
26233.8 113
4940.366666666667 92
10144.7 109
5435.0 116
975.5666666666666 82
6089.433333333333 112
12317.033333333333 89
27982.533333333333 118
28541.63333333333 118
17850.2 90
2629.733333333333 90
16886.266666666666 60
28566.366666666665 101
9758.633333333333 75
23820.6 93
20636.3 69
855.2666666666667 110
17121.433333333334 114
12752.133333333333 64
25220.466666666667 63
14025.466666666667 80
16237.1 116
18323.033333333333 73
23716.566666666666 93
11300.533333333333 99
3102.3333333333335 61
7196.666666666667 81
1348.0666666666666 73
24026.266666666666 98
1303.6666666666667 62
21200.4 84
13954.866666666667 109
26059.3 62
3743.2999999999997 66
12318.466666666667 98
9841.1 66
696.6333333333333 80
17511.3 105
3590.0333333333333 94
24815.4 103
24192.966666666667 115
14826.433333333332 81
17906.033333333333 74
24455.2 105
11462.3 93
5995.133333333333 104
16141.4 116
14139.4 97
13310.566666666666 117
21348.333333333332 62
9483.266666666666 100
25619.866666666665 65
25771.3 86
10242.8 61
20283.63333333333 86
19995.3 115
1592.4333333333334 98
23940.4 102
19087.266666666666 70
4210.833333333333 107
670.0666666666666 60
4336.5 111
19038.666666666668 115
9874.733333333334 63
9203.166666666666 91
23843.733333333334 93
9102.0 70
18274.13333333333 101
24363.333333333332 87
28606.266666666666 100
2845.9666666666667 112
27494.533333333333 119
22646.266666666666 82
7794.366666666667 113
21793.1 113
27714.166666666668 66
4541.066666666667 72
21176.033333333333 101
26813.833333333332 110
27843.566666666666 90
7278.466666666666 117
15300.199999999999 60
5536.033333333333 105
17685.533333333333 108
24675.7 106
15997.199999999999 83
5653.2 70
14472.566666666666 102
11422.733333333334 102
11829.6 118
8294.3 85
22285.833333333332 95
13374.199999999999 91
24234.4 64
13100.866666666667 116
10399.533333333333 75
3935.9666666666667 87
20804.433333333334 61
1.2333333333333334 64
14933.0 112
11454.1 77
28431.1 63
22225.2 107
18357.466666666667 113
4478.933333333333 80
15203.466666666667 67
16520.2 63
19440.7 71
23238.5 118
17187.3 119
18608.9 86
27021.399999999998 110
17177.933333333334 113
7337.466666666666 110
9703.266666666666 79
7951.8 117
25773.466666666667 89
15211.633333333333 64
5736.333333333333 91
5021.333333333333 102
12247.766666666666 117
3128.6666666666665 94
7670.933333333333 104
17272.066666666666 74
20297.933333333334 76
8946.733333333334 100
22628.333333333332 80
8144.0 119
8188.5 116
20501.2 102
13236.833333333334 62
1499.9666666666667 106
5764.6 80
6609.866666666667 107
19019.533333333333 79
6891.8 95
12490.133333333333 102
20561.233333333334 83
13929.766666666666 116
2776.3333333333335 103
15423.933333333332 77
18560.1 106
20682.866666666665 70
25817.466666666667 67
9861.033333333333 76
5384.833333333333 77
26191.266666666666 66
1568.0333333333333 119
11567.066666666666 68
23723.933333333334 103
4318.1 77
13324.4 90
14428.533333333333 77
18105.466666666667 97
24736.233333333334 98
5033.766666666666 66
15204.966666666667 93
4375.533333333333 108
21468.866666666665 91
6121.166666666667 98
9854.033333333333 74
17992.066666666666 109
6012.333333333333 105
15694.1 116
11870.166666666666 105
16632.466666666667 84
20466.766666666666 64
15849.266666666666 84
3042.1666666666665 97
8317.033333333333 87
12548.066666666666 105
15327.133333333333 90
15920.866666666667 79
2540.0666666666666 109
24657.8 83
7.533333333333333 93
5585.033333333333 70
19123.466666666667 83
21523.166666666668 89
21620.233333333334 95
9268.433333333332 100
3878.366666666667 95
9517.6 105
2659.7 102
18674.233333333334 62
23391.13333333333 102
17983.3 65
27000.666666666668 62
14803.4 115
17130.733333333334 107
18346.13333333333 92
14540.566666666666 90
5776.433333333333 106
16657.333333333332 82
12036.766666666666 114
13239.966666666667 69
10274.9 62
5805.866666666667 109
15254.8 72
4276.066666666667 75
26511.766666666666 92
12664.433333333332 87
3420.133333333333 117
21391.933333333334 115
4434.0 73
25006.733333333334 95
13441.133333333333 95
8538.133333333333 83
27979.533333333333 82
27885.966666666667 78
8857.3 73
407.3666666666667 98
28230.266666666666 117
14043.966666666667 104
5208.2 107
2791.133333333333 98
26658.1 101
23019.766666666666 75
12525.8 67
25842.4 102
23109.066666666666 98
5214.233333333334 112
21932.533333333333 117
2219.3333333333335 100
4161.3 67
7084.2 117
10622.0 85
3400.7666666666664 67
9993.733333333334 78
5486.5 84
10425.266666666666 79
15145.9 76
8836.766666666666 109
10648.8 63
17465.333333333332 119
17360.5 67
6696.633333333333 94
25092.966666666667 99
9198.733333333334 62
1570.4333333333334 63
12415.466666666667 115
26127.4 88
26735.366666666665 60
25004.3 76
20779.0 91
7765.9 75
245.2 112
3874.4333333333334 63
8871.8 68
3066.8 115
9067.233333333334 108
9329.666666666666 88
23592.866666666665 65
14010.3 91
10026.2 116
7951.5 78
13190.199999999999 77
19217.166666666668 114
25948.166666666668 119
28373.166666666668 81
8445.633333333333 73
23512.63333333333 118
27151.433333333334 72
18809.033333333333 112
21480.0 104
3084.633333333333 65
13418.733333333334 86
15851.033333333333 74
5401.0 97
21879.866666666665 114
28312.033333333333 98
10017.2 64
21549.733333333334 64
15857.166666666666 119
27862.066666666666 65
2767.6 84
23946.5 113
11882.433333333332 109
25357.233333333334 101
3980.1 80
25711.433333333334 93
7084.233333333334 119
9525.0 66
2583.733333333333 77
15520.966666666667 97
10785.4 79
22417.366666666665 73
8313.6 76
8701.533333333333 108
28265.6 106
1708.2666666666667 75
8749.233333333334 66
14454.0 91
20596.566666666666 105
16061.666666666666 77
5353.7 66
15264.333333333334 79
2743.8333333333335 61
4925.633333333333 67
21731.433333333334 78
2281.3333333333335 61
23544.63333333333 76
725.3666666666667 116
16990.1 65
7254.166666666667 63
12667.566666666666 65
1332.7 118
10024.0 116
16604.5 116
22228.666666666668 92
1272.8333333333333 76
22991.866666666665 74
13369.766666666666 96
58.166666666666664 66
24606.466666666667 107
17786.13333333333 78
20484.066666666666 106
19529.566666666666 109
14057.433333333332 65
11179.9 75
28038.433333333334 112
28764.8 61
10378.833333333334 80
9871.933333333332 118
18104.833333333332 65
4640.666666666667 90
19482.533333333333 119
15489.0 73
15278.966666666667 104
7494.866666666667 113
14073.433333333332 95
27859.433333333334 86
15723.133333333333 60
1244.5 94
14748.4 99
23598.63333333333 114
19373.1 97
13705.1 108
10319.866666666667 71
28292.13333333333 113
21317.733333333334 92
15230.933333333332 91
7216.533333333333 77
5803.9 91
15862.0 99
174.2 94
478.0 77
21848.7 93
8657.0 106
7273.233333333334 108
25327.4 62
10586.633333333333 106
745.6 64
3602.6 75
5877.6 62
8639.433333333332 67
11460.933333333332 78
27816.8 102
18177.566666666666 69
15802.9 70
6274.2 84
5653.7 102
615.7 100
8768.5 89
14079.433333333332 89
19165.266666666666 80
3225.5666666666666 97
4196.3 113
7348.433333333333 104
14221.633333333333 116
26282.6 62
13565.3 100
26977.7 75
13176.3 62
1220.3 82
12523.8 110
27520.6 92
8993.933333333332 87
9744.8 82
28103.233333333334 80
3742.1666666666665 64
19625.433333333334 116
25188.166666666668 116
4153.766666666666 94
15667.8 74
11944.8 79
26908.2 117
22967.0 65
23229.5 115
3867.7666666666664 71
11528.7 60
464.8 114
22953.6 70
19835.1 74
4668.833333333333 102
26479.2 86
18506.3 92
7130.766666666666 101
14083.033333333333 96
22466.6 83
23090.3 93
9352.833333333334 63
18254.13333333333 93
2735.133333333333 109
6020.966666666666 61
15041.833333333334 100
26752.533333333333 115
26548.833333333332 105
14033.833333333334 115
7899.033333333333 113
13379.766666666666 69
23076.366666666665 69
15702.1 64
8034.8 75
10604.0 119
16625.6 114
14823.8 90
4938.666666666667 113
8888.7 109
6911.766666666666 77
1976.7333333333333 118
25830.3 76
4881.233333333334 67
17530.733333333334 65
23698.766666666666 88
15031.966666666667 69
20885.6 72
1595.5333333333333 68
28792.266666666666 108
8963.033333333333 91
9367.4 86
16773.5 81
13669.633333333333 100
7732.633333333333 61
587.5 109
6392.233333333334 83
16256.6 107
12859.033333333333 65
23918.6 78
21492.266666666666 97
21494.5 75
26818.366666666665 74
27485.0 77
10502.966666666667 114
1905.4333333333334 111
21465.533333333333 103
7018.599999999999 113
28566.966666666667 81
5749.733333333334 106
24392.033333333333 102
7034.866666666667 88
21665.733333333334 81
2488.4333333333334 89
16921.833333333332 73
25136.466666666667 112
7931.8 102
14979.166666666666 111
11652.833333333334 78
25741.9 73
10761.133333333333 67
28567.966666666667 68
3071.633333333333 89
7130.599999999999 112
23591.866666666665 66
6422.666666666667 97
6180.766666666666 92
18132.733333333334 92
8755.066666666666 92
26860.933333333334 65
22709.7 71
4615.366666666667 90
3784.4666666666667 103
21633.233333333334 117
14702.366666666667 96
9255.666666666666 84
22454.166666666668 71
1410.6 106
13192.333333333334 102
22020.733333333334 117
22721.733333333334 96
20293.9 112
14636.3 68
4536.466666666666 90
6377.166666666667 115
1399.6666666666667 94
17213.63333333333 106
9300.666666666666 67
23056.933333333334 88
8131.033333333333 103
19300.333333333332 84
7677.599999999999 83
3658.7666666666664 114
8249.9 73
2778.8 104
23587.933333333334 70
3534.1 116
27429.933333333334 96
17202.033333333333 60
26013.166666666668 95
12358.3 106
2269.4333333333334 60
10371.8 104
2222.7666666666664 89
16791.933333333334 98
1079.7666666666667 60
13295.833333333334 86
1213.1 98
2906.5333333333333 102
6951.966666666666 102
26877.933333333334 91
8643.933333333332 107
7781.266666666666 82
15868.533333333333 83
18701.466666666667 107
800.8 80
21041.0 85
27428.899999999998 67
14208.4 96
25369.566666666666 66
3151.0333333333333 107
4788.566666666667 66
28159.6 103
9407.7 91
16041.933333333332 88
9732.566666666666 109
20043.1 75
24459.5 60
11302.866666666667 93
19285.566666666666 60
12058.3 108
1514.6333333333332 87
921.1 114
23296.866666666665 118
20635.266666666666 117
4325.633333333333 95
13052.933333333332 92
12493.7 105
2407.633333333333 87
13543.699999999999 113
24438.233333333334 77
28027.733333333334 93
12614.0 68
22734.533333333333 70
4442.1 61
6449.4 92
8851.3 61
18483.0 96
23398.7 118
10316.733333333334 92
8097.733333333334 87
22944.733333333334 90
12234.1 79
5290.0 90
6870.733333333334 65
7311.333333333333 82
21483.566666666666 94
14559.966666666667 115
11953.066666666666 86
23515.6 115
13835.166666666666 70
19693.933333333334 87
15227.9 60
14516.033333333333 73
3773.2 89
27462.13333333333 98
733.7 117
7395.666666666667 104
10576.1 113
5941.9 82
5245.266666666666 86
4986.666666666667 68
3811.7999999999997 60
28453.966666666667 88
6164.833333333333 63
25902.233333333334 118
8399.233333333334 81
7071.533333333333 115
5611.1 96
24408.433333333334 70
8908.4 66
26996.63333333333 103
6814.133333333333 69
18175.1 95
25374.933333333334 82
24049.333333333332 110
16377.3 91
13188.766666666666 102
5429.466666666666 71
3675.9 65
3085.3 118
19761.366666666665 99
2836.6666666666665 75
18394.2 82
9383.2 74
10942.833333333334 71
7121.7 88
59.6 73
9829.066666666666 74
26569.733333333334 76
20127.533333333333 95
19625.066666666666 93
5026.566666666667 66
18173.733333333334 63
12870.433333333332 108
27270.13333333333 106
13514.133333333333 95
28670.766666666666 65
23419.066666666666 85
14613.266666666666 84
14688.233333333334 60
24212.5 116
25822.233333333334 106
22378.433333333334 73
429.26666666666665 92
12890.633333333333 112
14163.533333333333 95
631.3333333333334 107
25655.533333333333 69
17388.0 86
11782.033333333333 79
17670.8 91
11079.333333333334 91
10640.366666666667 72
2345.8333333333335 62
21586.333333333332 60
17496.333333333332 86
24550.433333333334 94
6154.133333333333 100
27782.533333333333 88
15571.166666666666 68
407.8 117
12745.3 107
1667.6666666666667 89
22160.0 60
27892.399999999998 87
17190.966666666667 64
1575.3 69
23797.166666666668 70
3264.733333333333 91
13936.266666666666 109
10344.433333333332 66
18355.233333333334 61
18844.4 110
20887.566666666666 67
26946.13333333333 112
7756.533333333333 77
17078.533333333333 96
18038.1 71
23252.3 112
19602.366666666665 119
1680.7666666666667 60
7581.866666666667 78
18910.533333333333 93
26954.233333333334 93
2150.4 67
20587.63333333333 62
3405.133333333333 99
3855.133333333333 79
2162.9 97
26638.399999999998 117
24282.833333333332 106
5031.933333333333 64
28565.6 94
24607.9 72
22716.866666666665 109
8188.466666666666 117
17837.166666666668 81
1466.5 105
7983.3 73
9490.7 65
8636.766666666666 96
17074.666666666668 74
1955.7666666666667 78
19444.266666666666 95
23957.233333333334 92
21814.833333333332 68
5250.066666666667 85
26103.166666666668 67
20422.8 63
19641.966666666667 79
6683.833333333333 115
973.9 117
1254.5 100
9917.833333333334 107
18670.4 94
9581.733333333334 85
4173.0 94
19536.7 112
10500.933333333332 73
11719.633333333333 117
5523.4 73
15866.333333333334 85
13691.966666666667 89
27392.033333333333 96
11316.833333333334 86
15213.966666666667 84
12737.433333333332 75
5174.166666666667 113
6432.266666666666 97
7889.599999999999 119
24289.3 91
5066.3 72
11579.2 88
3094.0333333333333 68
15052.066666666666 74
13937.8 68
19980.466666666667 105
8314.833333333334 85
918.6 85
1146.9333333333334 102
16571.966666666667 118
6364.666666666667 77
10976.5 110
13199.699999999999 71
7704.666666666667 68
15741.433333333332 82
21175.733333333334 72
2962.133333333333 87
25941.233333333334 107
2935.8 80
13901.633333333333 80
26745.733333333334 86
28403.6 112
24053.466666666667 66
22667.966666666667 93
19981.6 87
27709.833333333332 68
25794.466666666667 117
4691.366666666667 97
9704.933333333332 70
2315.7666666666664 91
17886.066666666666 66
25921.6 95
24873.866666666665 75
20442.933333333334 112
2187.4666666666667 82
17779.433333333334 91
28033.63333333333 64
17812.4 109
19158.766666666666 74
23973.6 96
23685.8 82
28297.866666666665 80
3911.5666666666666 116
26460.5 94
27926.8 95
12105.2 61
8099.566666666667 68
10818.533333333333 118
5635.066666666667 99
21261.233333333334 71
4132.6 105
19121.7 85
18897.466666666667 100
475.59999999999997 109
23013.8 86
7799.533333333333 79
24018.066666666666 86
3290.4666666666667 114
11936.033333333333 104
5811.033333333333 81
23897.13333333333 75
21371.2 68
10268.433333333332 100
4596.166666666667 61
9835.533333333333 104
28345.8 100
4441.933333333333 108
22786.766666666666 113
9818.533333333333 60
7907.8 68
27127.166666666668 117
6044.133333333333 60
10660.633333333333 82
28465.433333333334 103
15652.733333333334 90
5591.366666666667 68
2660.5 104
592.3333333333334 71
672.5333333333333 79
365.4 95
25549.8 87
10008.033333333333 70
27674.1 99
26449.7 104
7103.7 98
18081.266666666666 86
16307.833333333334 72
8962.266666666666 87
25693.033333333333 110
6629.133333333333 95
17784.466666666667 95
6446.5 91
24984.5 85
19721.766666666666 102
22864.333333333332 60
21961.966666666667 104
15121.133333333333 83
7593.4 73
7916.466666666666 116
14310.966666666667 110
13425.9 74
2554.5333333333333 86
24472.2 96
17945.466666666667 63
22479.5 106
17767.7 103
1923.7333333333333 63
2518.133333333333 77
16620.0 69
10086.533333333333 79
25322.1 73
1852.6666666666667 94
20230.433333333334 113
12991.633333333333 79
20270.7 108
434.8666666666667 87
9162.7 111
15847.666666666666 97
1138.3666666666666 79
2952.6666666666665 71
23887.233333333334 96
11776.333333333334 71
17810.1 119
10131.0 119
9908.066666666666 88
22580.533333333333 95
25844.933333333334 97
24803.4 61
15776.766666666666 69
20763.2 104
19197.2 91
14538.3 79
20696.033333333333 72
1201.8333333333333 84
11972.5 108
25081.13333333333 69
18690.2 113
10650.266666666666 99
17114.366666666665 96
3079.733333333333 88
5278.5 75
16040.1 116
16175.699999999999 72
21286.63333333333 70
22364.8 79
13544.933333333332 85
17577.566666666666 108
15422.866666666667 95
420.6666666666667 74
22371.766666666666 102
25463.3 105
14400.466666666667 117
1127.3666666666666 62
20148.4 82
14600.733333333334 63
27721.966666666667 98
11908.166666666666 114
9111.666666666666 94
22383.966666666667 107
4902.633333333333 74
10557.766666666666 69
20811.766666666666 68
22798.733333333334 76
18360.333333333332 104
16083.266666666666 70
2295.4 62
28164.8 86
21070.7 117
5717.266666666666 117
22457.9 118
11322.233333333334 110
24140.4 102
28023.466666666667 83
25143.1 85
22461.6 65
26100.1 61
5200.133333333333 75
4634.9 91
3538.1 110
24140.1 112
18364.7 101
402.23333333333335 92
23068.233333333334 100
15188.533333333333 90
24969.166666666668 95
7389.566666666667 63
26851.733333333334 101
2446.133333333333 92
9591.9 106
18633.8 61
19963.7 61
17145.7 103
11568.7 69
3097.4 103
9002.1 61
20542.4 105
26988.0 63
19924.2 76
12610.833333333334 73
11689.066666666666 85
3562.4666666666667 93
5467.633333333333 110
16775.2 62
3459.1 101
11282.333333333334 64
24520.466666666667 119
2658.9333333333334 103
502.96666666666664 69
4464.5 89
16212.5 108
2083.0 76
9996.466666666667 98
22228.066666666666 95
9523.666666666666 115
287.6 84
1717.8333333333333 97
10574.766666666666 78
12296.566666666666 64
6995.966666666666 112
19893.766666666666 68
28135.966666666667 100
23701.933333333334 105
20145.333333333332 108
19655.866666666665 109
13810.0 110
1407.0 73
19015.733333333334 60
834.0 102
17455.766666666666 66
6864.566666666667 78
2883.1666666666665 65
27794.833333333332 68
5715.433333333333 71
18742.6 114
8755.766666666666 81
16380.133333333333 92
25660.13333333333 85
25326.533333333333 104
6984.466666666666 119
2284.6 76
19974.233333333334 66
10380.733333333334 91
2511.0666666666666 69
19964.833333333332 72
13663.5 66
11158.6 79
21211.366666666665 76
10079.4 112
15787.633333333333 78
21811.533333333333 111
12571.2 66
24553.8 102
28257.3 111
27348.0 80
15928.199999999999 67
5446.3 68
17618.63333333333 99
1935.7 75
17345.866666666665 74
24829.333333333332 108
9971.733333333334 100
26152.9 111
7445.466666666666 113
25138.466666666667 114
26588.966666666667 97
1328.0666666666666 79
27533.666666666668 76
15617.233333333334 82
18242.533333333333 93
9264.333333333334 60
2912.4333333333334 117
20317.566666666666 114
21033.7 66
21934.5 80
20766.333333333332 90
11592.7 117
24629.13333333333 75
2975.9666666666667 89
25883.766666666666 106
26667.233333333334 109
10671.933333333332 113
28541.3 96
9410.433333333332 111
3108.8 68
28610.333333333332 69
27795.899999999998 72
26941.666666666668 60
15862.166666666666 114
14300.633333333333 112
9199.966666666667 107
10903.633333333333 90
21189.066666666666 62
22780.433333333334 82
27885.6 60
24869.333333333332 72
23946.233333333334 66
25176.9 75
15219.666666666666 75
6264.333333333333 82
1743.8666666666666 66
11471.766666666666 94
26636.066666666666 78
5980.866666666667 82
27338.266666666666 110
15381.066666666666 83
24574.63333333333 66
5488.566666666667 78
914.6666666666666 87
20283.266666666666 72
15858.133333333333 109
18802.0 94
24999.033333333333 68
14478.8 99
8919.833333333334 89
12621.633333333333 93
5789.566666666667 114
21781.033333333333 114
23282.966666666667 118
10420.033333333333 107
13148.566666666666 62
1883.7333333333333 91
5048.766666666666 92
8968.833333333334 76
27852.1 63
11113.433333333332 82
24721.566666666666 81
18634.3 86
3034.9333333333334 103
1784.1333333333332 100
15123.166666666666 115
8523.933333333332 89
18986.066666666666 101
15683.633333333333 116
28589.399999999998 102
27214.066666666666 109
19296.266666666666 85
1855.0333333333333 73
6561.466666666666 69
13852.366666666667 111
25477.0 105
2661.0 79
13152.5 69
709.2333333333333 73
5240.1 74
4243.0 108
1762.0333333333333 60
6355.966666666666 80
24154.1 82
13749.966666666667 118
18417.433333333334 92
12316.066666666666 98
8488.3 106
22168.933333333334 110
26481.866666666665 113
3308.0333333333333 65
8296.566666666666 108
10182.566666666666 119
28020.3 63
11512.733333333334 104
22036.733333333334 117
28263.63333333333 81
1431.2 103
12518.966666666667 108
24910.333333333332 88
8920.033333333333 97
25283.63333333333 88
5253.333333333333 114
16185.0 81
13295.466666666667 111
6348.4 93
15311.966666666667 90
2968.6 71
22831.333333333332 111
8534.166666666666 62
3172.633333333333 103
13574.699999999999 110
7648.333333333333 107
622.2666666666667 87
22679.833333333332 73
9075.933333333332 82
25554.066666666666 99
28225.933333333334 79
25155.7 118
24853.9 108
27442.399999999998 91
8051.666666666667 99
21172.533333333333 118
22745.2 104
21603.066666666666 81
7591.533333333333 71
5467.333333333333 110
4653.066666666667 66
4863.866666666667 77
13862.133333333333 84
11795.233333333334 95
22242.733333333334 98
24920.733333333334 98
12500.2 104
10976.433333333332 98
623.0 114
20861.733333333334 115
28508.63333333333 84
18899.433333333334 89
24252.63333333333 60
26899.733333333334 72
16215.733333333334 90
23211.866666666665 64
10964.766666666666 109
17645.366666666665 103
21213.63333333333 102
2718.5666666666666 68
16195.233333333334 79
7970.4 80
24432.433333333334 110
28639.933333333334 72
8672.0 83
21146.4 68
23045.733333333334 115
15832.266666666666 76
3490.866666666667 81
21964.13333333333 109
28553.13333333333 95
23905.433333333334 116
23426.733333333334 72
15715.133333333333 67
4793.066666666667 73
13754.733333333334 70
19751.3 107
19495.13333333333 86
9467.966666666667 90
4707.166666666667 79
24456.266666666666 66
15102.8 73
19449.866666666665 98
28496.766666666666 66
20306.2 85
2786.9666666666667 91
9017.3 82
5122.2 112
23889.833333333332 66
2868.5666666666666 89
22884.9 80
20860.6 66
10086.833333333334 87
12558.6 67
4917.633333333333 107
22574.166666666668 86
2401.9666666666667 99
20485.266666666666 119
16382.733333333334 79
201.13333333333333 79
16530.566666666666 106
18592.366666666665 68
6842.866666666667 69
24380.7 78
25901.8 68
12685.233333333334 109
23337.7 81
25849.966666666667 111
10803.566666666666 71
14066.633333333333 69
15622.466666666667 62
20578.733333333334 115
395.3666666666667 108
3995.0333333333333 83
18205.5 101
10691.933333333332 114
14629.566666666666 112
28312.433333333334 64
14359.199999999999 118
6291.166666666667 108
8398.7 115
25532.4 112
19466.433333333334 99
15469.433333333332 116
19826.7 61
15655.866666666667 80
12468.4 111
21085.366666666665 101
8140.233333333334 83
15186.166666666666 79
10544.633333333333 108
25149.3 78
9842.133333333333 89
20775.3 77
4786.166666666667 92
2874.233333333333 93
8332.366666666667 76
10513.233333333334 89
10436.8 63
21696.033333333333 60
306.1333333333333 85
22939.13333333333 91
27724.8 75
1223.7666666666667 72
24622.533333333333 65
3756.9 112
9766.466666666667 102
6131.566666666667 110
24614.7 66
19010.3 91
15410.433333333332 103
9333.133333333333 66
17293.166666666668 69
6733.066666666667 118
13201.433333333332 80
8016.566666666667 115
9885.966666666667 89
19876.833333333332 77
582.0666666666666 99
19321.333333333332 68
24288.966666666667 94
5113.2 86
5496.333333333333 72
7955.566666666667 94
1830.9666666666667 103
27794.266666666666 116
28489.899999999998 109
5085.266666666666 81
9714.533333333333 70
12658.466666666667 98
19577.13333333333 64
16489.7 85
27642.266666666666 111
11739.0 111
11742.433333333332 114
9376.533333333333 98
4008.0 117
18148.266666666666 102
26063.2 73
25454.5 84
8879.8 99
28468.566666666666 73
5322.466666666666 110
27169.333333333332 93
2971.6666666666665 74
2018.6333333333332 99
15620.933333333332 73
3446.7666666666664 80
17206.4 77
24709.8 112
24262.166666666668 96
18478.63333333333 91
25947.6 108
13744.5 86
26644.899999999998 99
15002.699999999999 119
22492.033333333333 102
21849.866666666665 101
17184.233333333334 101
21409.13333333333 117
11931.4 97
22538.7 60
18374.9 61
13341.433333333332 60
20507.1 86
9815.8 90
19260.0 115
22793.933333333334 113
6797.266666666666 71
22104.8 114
12582.866666666667 70
20971.933333333334 77
15926.166666666666 85
18118.13333333333 79
19882.766666666666 110
6351.933333333333 108
8071.566666666667 63
40.86666666666667 74
16288.266666666666 97
22567.13333333333 92
21859.066666666666 102
22929.166666666668 111
3365.866666666667 60
10834.133333333333 75
11452.1 101
28312.333333333332 68
8827.633333333333 102
11339.866666666667 96
8905.633333333333 102
17858.933333333334 62
21020.833333333332 99
1401.1666666666667 114
9017.9 114
3233.3 105
16759.63333333333 93
16387.2 65
20099.433333333334 79
10233.1 108
15648.266666666666 100
2317.5 99
528.3666666666667 68
10295.633333333333 96
7275.633333333333 105
27844.1 114
1768.6 109
13654.699999999999 119
20640.5 93
9385.233333333334 100
16926.1 114
15881.866666666667 75
19028.2 61
15538.699999999999 105
4226.2 81
25337.266666666666 97
21139.033333333333 84
4275.0 100
4678.533333333333 75
7181.0 118
19582.5 99
5013.266666666666 78
2004.5666666666666 113
28586.666666666668 107
9307.233333333334 114
6600.366666666667 72
7767.033333333333 74
495.1333333333333 83
3558.733333333333 106
21463.833333333332 116
16548.933333333334 111
25393.733333333334 61
6256.166666666667 96
22092.033333333333 92
11173.433333333332 105
2133.866666666667 111
25844.466666666667 98
1764.1333333333332 119
20897.3 112
21730.566666666666 104
22117.733333333334 116
26266.833333333332 88
15751.033333333333 107
3973.0666666666666 108
11604.166666666666 95
28548.266666666666 111
881.5333333333333 99
21715.366666666665 64
10194.433333333332 82
3290.7666666666664 115
3991.133333333333 86
5509.333333333333 99
683.2 118
1516.3333333333333 90
908.2666666666667 71
3811.3333333333335 84
10696.633333333333 82
14751.566666666666 117
8672.766666666666 62
14519.5 72
10851.933333333332 98
2923.366666666667 90
14537.0 97
9122.466666666667 85
14237.699999999999 70
23883.533333333333 95
27529.7 90
338.76666666666665 114
19453.466666666667 74
22382.466666666667 114
6589.133333333333 60
2082.6 88
6696.3 73
10957.0 105
7247.7 107
27109.333333333332 75
26357.233333333334 73
7727.933333333333 67
10255.0 110
20074.1 75
5245.766666666666 67
997.4333333333333 116
9476.966666666667 94
5143.833333333333 103
5982.233333333334 71
21434.63333333333 109
6776.966666666666 99
12180.2 63
5054.033333333333 91
6257.233333333334 97
19594.4 88
17743.433333333334 111
10734.866666666667 98
18397.6 116
1880.6 110
15148.8 67
20342.666666666668 99
17495.933333333334 91
16089.033333333333 113
4283.533333333333 75
7568.366666666667 67
14227.266666666666 107
17078.63333333333 71
15127.9 115
9440.366666666667 94
13914.833333333334 94
630.0666666666666 61
547.7666666666667 103
19322.63333333333 80
826.8333333333334 110
21763.933333333334 65
28799.0 89
17485.333333333332 111
20584.13333333333 67
21055.733333333334 103
4907.5 107
15415.733333333334 115
18027.333333333332 109
23766.7 85
6358.633333333333 93
16547.5 98
11140.066666666666 76
16741.766666666666 104
15321.533333333333 88
18766.0 84
27642.066666666666 65
17129.63333333333 64
6772.433333333333 66
13539.766666666666 116
14571.633333333333 91
25913.1 91
9308.766666666666 91
24239.5 79
19296.13333333333 70
15367.333333333334 103
3422.2666666666664 96
17609.433333333334 83
22179.466666666667 116
21167.766666666666 82
7365.333333333333 66
15258.199999999999 86
26848.0 97
16605.866666666665 81
21946.6 92
10340.966666666667 97
18728.066666666666 93
19892.066666666666 75
7705.833333333333 111
1021.6666666666666 80
24104.166666666668 98
18075.7 115
4700.666666666667 78
18757.566666666666 67
5411.766666666666 87
22613.1 119
12986.266666666666 92
2298.6 68
17166.766666666666 86
22356.7 100
20086.666666666668 81
3335.133333333333 90
26212.63333333333 64
19641.0 100
13951.733333333334 64
10829.6 76
4395.3 79
3502.4666666666667 96
6583.333333333333 76
24212.466666666667 106
2309.1 111
2314.3 77
24255.13333333333 75
6256.3 107
18122.066666666666 115
18506.0 104
24215.4 87
11123.033333333333 104
4797.2 95
15191.266666666666 107
2506.366666666667 118
22978.7 119
7211.666666666667 112
24905.266666666666 73
27846.7 109
8159.566666666667 87
25058.2 88
325.8333333333333 115
2567.866666666667 100
23842.6 65
22920.1 64
5662.266666666666 76
24086.0 86
3406.5 86
10309.8 76
14203.4 83
23329.233333333334 72
22938.63333333333 80
15367.3 118
8595.333333333334 74
399.0 60
19609.066666666666 113
18248.1 64
6393.566666666667 97
26591.7 94
25994.13333333333 111
7084.533333333333 79
22606.0 73
8680.233333333334 73
12215.733333333334 110
7685.133333333333 112
9974.666666666666 78
8007.866666666667 74
8742.566666666666 101
2223.7666666666664 89
18577.866666666665 93
10245.466666666667 95
8727.066666666666 116
20091.833333333332 99
7661.733333333334 109
4401.333333333333 76
9052.066666666666 115
21948.3 82
10266.766666666666 76
11553.033333333333 97
25151.7 100
12464.666666666666 100
1286.3333333333333 60
27474.6 66
6850.433333333333 75
19057.166666666668 64
20500.5 93
27523.2 93
5455.266666666666 68
9895.933333333332 94
19141.5 111
26417.933333333334 67
21998.266666666666 68
17767.566666666666 94
28523.63333333333 108
14599.433333333332 98
17160.1 81
24829.4 74
10926.866666666667 79
3590.9333333333334 110
26828.666666666668 89
8307.866666666667 61
15962.166666666666 96
5154.333333333333 105
15934.199999999999 90
2646.366666666667 106
10868.9 71
11169.366666666667 105
21885.6 110
3341.6666666666665 90
20422.333333333332 108
27127.3 117
3117.5 110
24675.533333333333 86
86.3 70
11895.633333333333 90
3403.0 89
2570.733333333333 75
