12696.433333333332 101
15171.366666666667 71
612.8666666666667 117
25525.9 97
3304.9 63
8825.433333333332 69
17002.033333333333 66
3829.0333333333333 112
10903.833333333334 67
651.8666666666667 71
26949.0 74
214.66666666666666 100
26906.866666666665 86
25075.433333333334 70
25505.866666666665 74
5850.933333333333 86
3190.4 102
6637.9 71
20238.1 82
24956.8 100
4969.133333333333 64
26764.833333333332 114
23323.033333333333 101
10039.5 109
23667.2 90
16712.8 116
10491.333333333334 103
1879.0 92
23333.533333333333 82
19773.6 64
5331.033333333333 108
9721.0 113
19152.8 99
22419.566666666666 103
13188.199999999999 68
23434.533333333333 97
24355.166666666668 103
9755.933333333332 115
852.6 99
25000.766666666666 85
7698.7 86
26064.366666666665 61
1159.9 80
14866.133333333333 83
9188.2 100
2183.9333333333334 88
27067.433333333334 83
1774.3999999999999 70
18445.866666666665 76
28478.0 73
7163.666666666667 64
28639.466666666667 93
25312.233333333334 104
21883.933333333334 67
8614.866666666667 67
2455.0 110
29.333333333333332 70
27878.266666666666 96
12912.2 114
27984.399999999998 81
13145.666666666666 100
9007.866666666667 87
256.0 95
4548.733333333334 64
3734.2666666666664 109
24885.0 72
14906.3 65
28548.899999999998 66
24902.666666666668 104
10165.166666666666 115
77.23333333333333 101
15763.433333333332 92
20062.733333333334 61
26389.866666666665 109
18266.1 110
13140.766666666666 116
20938.6 76
13410.033333333333 90
1870.5333333333333 82
17495.9 68
24318.066666666666 101
19533.866666666665 65
1258.3333333333333 112
24176.6 61
10815.833333333334 98
21980.233333333334 72
1371.9 118
19221.63333333333 81
14900.566666666666 118
24520.9 85
18136.733333333334 113
27681.7 72
17985.866666666665 101
6689.333333333333 66
24798.1 60
28518.066666666666 71
17633.2 80
22964.3 105
19294.466666666667 99
14638.9 69
16599.533333333333 60
19944.466666666667 71
20486.166666666668 119
10742.566666666666 66
10770.6 77
27083.233333333334 61
5061.833333333333 67
5332.466666666666 115
19979.2 103
19762.866666666665 68
22434.3 73
2703.4 80
25712.433333333334 108
16435.2 107
8208.233333333334 97
23918.0 94
25347.433333333334 69
422.0333333333333 66
3981.366666666667 117
9148.9 66
9910.5 68
17581.033333333333 61
12365.433333333332 80
6859.166666666667 109
25079.766666666666 64
12067.7 66
20008.466666666667 69
24388.8 63
15374.566666666666 64
3763.633333333333 65
10508.1 92
9455.033333333333 72
1235.7333333333333 77
26614.7 83
15220.866666666667 114
25751.13333333333 68
24220.5 106
6620.633333333333 69
2587.4333333333334 64
15600.633333333333 113
25586.6 82
8108.466666666666 73
23847.1 74
23467.433333333334 75
10428.033333333333 77
9826.633333333333 67
26970.466666666667 71
22326.4 106
16180.833333333334 69
3637.6 71
25614.2 98
7594.166666666667 92
2255.0333333333333 95
24923.866666666665 65
11907.333333333334 69
3755.9666666666667 104
27232.233333333334 95
10389.5 72
27760.7 110
3995.5333333333333 88
27373.766666666666 71
25910.833333333332 86
17182.63333333333 108
759.5 88
9810.833333333334 109
13726.166666666666 78
22691.666666666668 65
24596.066666666666 104
4608.4 78
21575.7 92
4562.1 108
7305.633333333333 116
1039.7666666666667 64
675.4666666666667 112
13624.666666666666 79
17657.566666666666 74
6622.833333333333 98
22924.3 114
26213.833333333332 86
19696.733333333334 83
28169.666666666668 61
6930.466666666666 74
10305.633333333333 103
10019.966666666667 103
3955.4666666666667 102
24554.5 104
17049.866666666665 96
14827.866666666667 89
5248.833333333333 89
25344.7 92
1034.5333333333333 95
2717.8 84
1314.0 106
14041.333333333334 68
9106.733333333334 118
28706.333333333332 71
12894.7 61
8730.666666666666 102
22903.6 109
12042.1 60
20765.63333333333 72
127.43333333333334 71
28150.7 85
20795.366666666665 93
14153.866666666667 99
25253.2 61
22437.0 90
21740.733333333334 84
13532.733333333334 80
9377.433333333332 90
20890.066666666666 73
21482.766666666666 67
24113.333333333332 115
4271.3 82
27532.0 92
6484.633333333333 104
21111.466666666667 107
25769.833333333332 67
19365.466666666667 75
27730.8 75
7074.466666666666 108
15642.8 92
21502.666666666668 82
10172.966666666667 68
12883.4 72
7224.766666666666 83
25709.533333333333 92
21352.033333333333 106
10088.6 92
6427.333333333333 117
2627.2666666666664 75
20444.2 61
15736.8 101
17362.666666666668 114
21319.4 105
25987.833333333332 102
533.1333333333333 82
16015.5 89
24646.63333333333 80
16490.166666666668 72
18446.3 84
23261.933333333334 109
24963.333333333332 86
13257.266666666666 103
9450.666666666666 72
5488.6 112
14298.033333333333 111
25537.033333333333 106
24690.533333333333 67
10848.066666666666 97
6340.9 119
7056.0 110
26849.899999999998 84
17995.6 70
5858.166666666667 78
26991.899999999998 91
12926.433333333332 64
27994.13333333333 89
17366.333333333332 118
3939.9333333333334 77
4231.5 79
15414.633333333333 86
20559.1 67
28465.2 94
19324.333333333332 83
10375.966666666667 116
26644.833333333332 85
13894.133333333333 105
25380.933333333334 115
21064.833333333332 112
13623.266666666666 77
23886.1 69
16884.5 73
9281.433333333332 95
23852.666666666668 100
24873.833333333332 95
23040.433333333334 77
3895.2999999999997 119
9783.1 112
20990.166666666668 75
21980.8 106
10170.2 104
17422.833333333332 118
17124.233333333334 71
25114.166666666668 109
15570.5 116
28229.733333333334 67
19420.766666666666 108
2767.2666666666664 102
15732.866666666667 102
7640.133333333333 96
20293.1 80
15104.533333333333 79
25370.933333333334 88
23111.233333333334 86
4887.066666666667 66
16351.266666666666 113
9375.433333333332 100
25658.833333333332 82
7021.599999999999 111
254.43333333333334 72
12343.766666666666 74
543.1333333333333 78
4784.233333333334 81
3127.6 119
17832.433333333334 72
23174.13333333333 118
19400.066666666666 116
13301.133333333333 93
10359.433333333332 115
6189.133333333333 90
10467.666666666666 77
27502.966666666667 70
28423.533333333333 110
4251.266666666666 66
6071.1 89
11277.633333333333 99
22031.5 86
8353.0 99
13507.066666666666 73
2837.2 74
11262.0 112
11166.4 94
22303.533333333333 102
22915.733333333334 102
14244.833333333334 75
16700.0 83
25230.566666666666 107
12553.0 85
27090.466666666667 93
26444.833333333332 87
9243.8 90
5146.033333333333 90
13619.8 94
24971.733333333334 71
18180.566666666666 113
5015.3 66
20890.166666666668 95
12996.333333333334 68
10809.3 115
6828.533333333333 113
19123.533333333333 105
19239.0 74
25213.0 83
15899.933333333332 64
25409.3 64
15422.566666666666 73
15994.4 84
982.8666666666667 106
2919.5333333333333 78
15417.266666666666 68
21256.63333333333 71
16388.6 90
755.9333333333333 65
12590.833333333334 117
9070.333333333334 84
13648.699999999999 118
24296.833333333332 80
22172.9 71
6046.866666666667 64
22455.966666666667 119
12440.733333333334 95
21173.1 102
21042.066666666666 88
3765.9666666666667 108
17588.0 101
14195.733333333334 79
17943.066666666666 69
26233.8 114
4940.366666666667 116
10144.7 104
5435.0 104
975.5666666666666 97
6089.433333333333 119
12317.033333333333 71
27982.533333333333 69
28541.63333333333 107
17850.2 67
2629.733333333333 60
16886.266666666666 63
28566.366666666665 61
9758.633333333333 83
23820.6 116
20636.3 103
855.2666666666667 66
17121.433333333334 91
12752.133333333333 111
25220.466666666667 100
14025.466666666667 61
16237.1 80
18323.033333333333 92
23716.566666666666 61
11300.533333333333 89
3102.3333333333335 66
7196.666666666667 75
1348.0666666666666 74
24026.266666666666 78
1303.6666666666667 75
21200.4 109
13954.866666666667 72
26059.3 117
3743.2999999999997 79
12318.466666666667 107
9841.1 78
696.6333333333333 99
17511.3 67
3590.0333333333333 68
24815.4 72
24192.966666666667 78
14826.433333333332 107
17906.033333333333 81
24455.2 97
11462.3 92
5995.133333333333 109
16141.4 72
14139.4 72
13310.566666666666 85
21348.333333333332 100
9483.266666666666 67
25619.866666666665 114
25771.3 96
10242.8 75
20283.63333333333 65
19995.3 98
1592.4333333333334 73
23940.4 70
19087.266666666666 99
4210.833333333333 118
670.0666666666666 93
4336.5 76
19038.666666666668 85
9874.733333333334 74
9203.166666666666 100
23843.733333333334 102
9102.0 74
18274.13333333333 118
24363.333333333332 85
28606.266666666666 100
2845.9666666666667 99
27494.533333333333 111
22646.266666666666 63
7794.366666666667 118
21793.1 114
27714.166666666668 72
4541.066666666667 68
21176.033333333333 77
26813.833333333332 110
27843.566666666666 66
7278.466666666666 90
15300.199999999999 66
5536.033333333333 80
17685.533333333333 63
24675.7 65
15997.199999999999 94
5653.2 62
14472.566666666666 96
11422.733333333334 102
11829.6 111
8294.3 66
22285.833333333332 70
13374.199999999999 60
24234.4 103
13100.866666666667 117
10399.533333333333 94
3935.9666666666667 80
20804.433333333334 107
1.2333333333333334 86
14933.0 83
11454.1 71
28431.1 94
22225.2 90
18357.466666666667 92
4478.933333333333 76
15203.466666666667 108
16520.2 75
19440.7 104
23238.5 95
17187.3 66
18608.9 114
27021.399999999998 115
17177.933333333334 84
7337.466666666666 100
9703.266666666666 65
7951.8 73
25773.466666666667 96
15211.633333333333 80
5736.333333333333 99
5021.333333333333 101
12247.766666666666 82
3128.6666666666665 107
7670.933333333333 108
17272.066666666666 69
20297.933333333334 95
8946.733333333334 94
22628.333333333332 72
8144.0 105
8188.5 72
20501.2 105
13236.833333333334 118
1499.9666666666667 109
5764.6 69
6609.866666666667 69
19019.533333333333 112
6891.8 60
12490.133333333333 95
20561.233333333334 65
13929.766666666666 84
2776.3333333333335 87
15423.933333333332 95
18560.1 66
20682.866666666665 78
25817.466666666667 95
9861.033333333333 96
5384.833333333333 94
26191.266666666666 67
1568.0333333333333 74
11567.066666666666 62
23723.933333333334 106
4318.1 66
13324.4 97
14428.533333333333 106
18105.466666666667 78
24736.233333333334 73
5033.766666666666 94
15204.966666666667 85
4375.533333333333 72
21468.866666666665 82
6121.166666666667 70
9854.033333333333 119
17992.066666666666 94
6012.333333333333 67
15694.1 112
11870.166666666666 95
16632.466666666667 95
20466.766666666666 71
15849.266666666666 72
3042.1666666666665 115
8317.033333333333 102
12548.066666666666 81
15327.133333333333 82
15920.866666666667 69
2540.0666666666666 82
24657.8 111
7.533333333333333 101
5585.033333333333 103
19123.466666666667 64
21523.166666666668 89
21620.233333333334 92
9268.433333333332 115
3878.366666666667 109
9517.6 104
2659.7 105
18674.233333333334 97
23391.13333333333 107
17983.3 107
27000.666666666668 75
14803.4 74
17130.733333333334 67
18346.13333333333 81
14540.566666666666 73
5776.433333333333 61
16657.333333333332 90
12036.766666666666 81
13239.966666666667 67
10274.9 118
5805.866666666667 71
15254.8 66
4276.066666666667 98
26511.766666666666 100
12664.433333333332 98
3420.133333333333 99
21391.933333333334 94
4434.0 85
25006.733333333334 83
13441.133333333333 115
8538.133333333333 97
27979.533333333333 86
27885.966666666667 72
8857.3 118
407.3666666666667 84
28230.266666666666 102
14043.966666666667 99
5208.2 116
2791.133333333333 105
26658.1 103
23019.766666666666 89
12525.8 94
25842.4 108
23109.066666666666 97
5214.233333333334 75
21932.533333333333 112
2219.3333333333335 88
4161.3 99
7084.2 98
10622.0 64
3400.7666666666664 70
9993.733333333334 110
5486.5 81
10425.266666666666 85
15145.9 114
8836.766666666666 117
10648.8 82
17465.333333333332 105
17360.5 111
6696.633333333333 65
25092.966666666667 114
9198.733333333334 109
1570.4333333333334 64
12415.466666666667 65
26127.4 69
26735.366666666665 61
25004.3 91
20779.0 118
7765.9 100
245.2 113
3874.4333333333334 60
8871.8 62
3066.8 101
9067.233333333334 66
9329.666666666666 69
23592.866666666665 119
14010.3 76
10026.2 83
7951.5 95
13190.199999999999 74
19217.166666666668 73
25948.166666666668 91
28373.166666666668 81
8445.633333333333 70
23512.63333333333 109
27151.433333333334 63
18809.033333333333 103
21480.0 71
3084.633333333333 117
13418.733333333334 107
15851.033333333333 103
5401.0 62
21879.866666666665 107
28312.033333333333 107
10017.2 106
21549.733333333334 113
15857.166666666666 66
27862.066666666666 70
2767.6 81
23946.5 101
11882.433333333332 110
25357.233333333334 107
3980.1 84
25711.433333333334 82
7084.233333333334 104
9525.0 75
2583.733333333333 86
15520.966666666667 62
10785.4 100
22417.366666666665 85
8313.6 85
8701.533333333333 95
28265.6 89
1708.2666666666667 67
8749.233333333334 67
14454.0 114
20596.566666666666 61
16061.666666666666 109
5353.7 106
15264.333333333334 85
2743.8333333333335 99
4925.633333333333 82
21731.433333333334 92
2281.3333333333335 61
23544.63333333333 67
725.3666666666667 74
16990.1 65
7254.166666666667 73
12667.566666666666 87
1332.7 95
10024.0 119
16604.5 116
22228.666666666668 97
1272.8333333333333 98
22991.866666666665 109
13369.766666666666 65
58.166666666666664 67
24606.466666666667 83
17786.13333333333 84
20484.066666666666 87
19529.566666666666 119
14057.433333333332 72
11179.9 87
28038.433333333334 77
28764.8 62
10378.833333333334 102
9871.933333333332 98
18104.833333333332 99
4640.666666666667 75
19482.533333333333 98
15489.0 73
15278.966666666667 74
7494.866666666667 79
14073.433333333332 67
27859.433333333334 65
15723.133333333333 86
1244.5 96
14748.4 63
23598.63333333333 78
19373.1 99
13705.1 106
10319.866666666667 62
28292.13333333333 93
21317.733333333334 109
15230.933333333332 90
7216.533333333333 104
5803.9 109
15862.0 93
174.2 94
478.0 81
21848.7 109
8657.0 117
7273.233333333334 116
25327.4 78
10586.633333333333 98
745.6 100
3602.6 84
5877.6 79
8639.433333333332 64
11460.933333333332 72
27816.8 99
18177.566666666666 82
15802.9 92
6274.2 75
5653.7 107
615.7 100
8768.5 69
14079.433333333332 60
19165.266666666666 70
3225.5666666666666 93
4196.3 118
7348.433333333333 89
14221.633333333333 112
26282.6 65
13565.3 89
26977.7 72
13176.3 104
1220.3 77
12523.8 104
27520.6 93
8993.933333333332 118
9744.8 85
28103.233333333334 112
3742.1666666666665 72
19625.433333333334 80
25188.166666666668 71
4153.766666666666 112
15667.8 82
11944.8 73
26908.2 80
22967.0 80
23229.5 106
3867.7666666666664 88
11528.7 103
464.8 78
22953.6 93
19835.1 67
4668.833333333333 71
26479.2 113
18506.3 62
7130.766666666666 98
14083.033333333333 111
22466.6 83
23090.3 86
9352.833333333334 68
18254.13333333333 97
2735.133333333333 89
6020.966666666666 73
15041.833333333334 98
26752.533333333333 115
26548.833333333332 97
14033.833333333334 96
7899.033333333333 119
13379.766666666666 110
23076.366666666665 61
15702.1 102
8034.8 118
10604.0 101
16625.6 60
14823.8 64
4938.666666666667 115
8888.7 74
6911.766666666666 93
1976.7333333333333 81
25830.3 92
4881.233333333334 99
17530.733333333334 64
23698.766666666666 118
15031.966666666667 64
20885.6 77
1595.5333333333333 111
28792.266666666666 82
8963.033333333333 106
9367.4 82
16773.5 117
13669.633333333333 116
7732.633333333333 83
587.5 71
6392.233333333334 70
16256.6 92
12859.033333333333 106
23918.6 91
21492.266666666666 97
21494.5 83
26818.366666666665 70
27485.0 64
10502.966666666667 105
1905.4333333333334 79
21465.533333333333 111
7018.599999999999 117
28566.966666666667 107
5749.733333333334 63
24392.033333333333 119
7034.866666666667 98
21665.733333333334 79
2488.4333333333334 61
16921.833333333332 113
25136.466666666667 104
7931.8 62
14979.166666666666 78
11652.833333333334 108
25741.9 90
10761.133333333333 100
28567.966666666667 99
3071.633333333333 87
7130.599999999999 85
23591.866666666665 118
6422.666666666667 93
6180.766666666666 95
18132.733333333334 97
8755.066666666666 107
26860.933333333334 74
22709.7 108
4615.366666666667 63
3784.4666666666667 65
21633.233333333334 91
14702.366666666667 98
9255.666666666666 89
22454.166666666668 62
1410.6 75
13192.333333333334 105
22020.733333333334 104
22721.733333333334 113
20293.9 66
14636.3 67
4536.466666666666 102
6377.166666666667 72
1399.6666666666667 108
17213.63333333333 93
9300.666666666666 89
23056.933333333334 64
8131.033333333333 91
19300.333333333332 60
7677.599999999999 96
3658.7666666666664 61
8249.9 88
2778.8 71
23587.933333333334 80
3534.1 99
27429.933333333334 95
17202.033333333333 73
26013.166666666668 75
12358.3 75
2269.4333333333334 67
10371.8 105
2222.7666666666664 90
16791.933333333334 113
1079.7666666666667 63
13295.833333333334 83
1213.1 101
2906.5333333333333 87
6951.966666666666 62
26877.933333333334 61
8643.933333333332 113
7781.266666666666 73
15868.533333333333 99
18701.466666666667 64
800.8 82
21041.0 64
27428.899999999998 78
14208.4 107
25369.566666666666 93
3151.0333333333333 111
4788.566666666667 114
28159.6 77
9407.7 78
16041.933333333332 83
9732.566666666666 90
20043.1 66
24459.5 66
11302.866666666667 84
19285.566666666666 118
12058.3 83
1514.6333333333332 103
921.1 81
23296.866666666665 109
20635.266666666666 71
4325.633333333333 63
13052.933333333332 111
12493.7 100
2407.633333333333 114
13543.699999999999 109
24438.233333333334 104
28027.733333333334 102
12614.0 87
22734.533333333333 113
4442.1 81
6449.4 73
8851.3 112
18483.0 75
23398.7 89
10316.733333333334 80
8097.733333333334 96
22944.733333333334 93
12234.1 108
5290.0 71
6870.733333333334 60
7311.333333333333 65
21483.566666666666 107
14559.966666666667 79
11953.066666666666 70
23515.6 86
13835.166666666666 97
19693.933333333334 83
15227.9 64
14516.033333333333 71
3773.2 60
27462.13333333333 113
733.7 102
7395.666666666667 60
10576.1 75
5941.9 69
5245.266666666666 63
4986.666666666667 73
3811.7999999999997 88
28453.966666666667 89
6164.833333333333 107
25902.233333333334 75
8399.233333333334 89
7071.533333333333 81
5611.1 62
24408.433333333334 80
8908.4 109
26996.63333333333 90
6814.133333333333 119
18175.1 114
25374.933333333334 88
24049.333333333332 105
16377.3 103
13188.766666666666 101
5429.466666666666 78
3675.9 113
3085.3 105
19761.366666666665 107
2836.6666666666665 75
18394.2 65
9383.2 66
10942.833333333334 106
7121.7 62
59.6 95
9829.066666666666 113
26569.733333333334 71
20127.533333333333 104
19625.066666666666 111
5026.566666666667 107
18173.733333333334 75
12870.433333333332 62
27270.13333333333 84
13514.133333333333 61
28670.766666666666 84
23419.066666666666 93
14613.266666666666 80
14688.233333333334 75
24212.5 74
25822.233333333334 108
22378.433333333334 77
429.26666666666665 89
12890.633333333333 66
14163.533333333333 71
631.3333333333334 84
25655.533333333333 112
17388.0 82
11782.033333333333 114
17670.8 64
11079.333333333334 100
10640.366666666667 84
2345.8333333333335 68
21586.333333333332 90
17496.333333333332 100
24550.433333333334 110
6154.133333333333 90
27782.533333333333 75
15571.166666666666 83
407.8 83
12745.3 118
1667.6666666666667 60
22160.0 105
27892.399999999998 100
17190.966666666667 106
1575.3 105
23797.166666666668 117
3264.733333333333 85
13936.266666666666 76
10344.433333333332 107
18355.233333333334 92
18844.4 81
20887.566666666666 105
26946.13333333333 72
7756.533333333333 72
17078.533333333333 74
18038.1 108
23252.3 75
19602.366666666665 92
1680.7666666666667 97
7581.866666666667 82
18910.533333333333 89
26954.233333333334 78
2150.4 107
20587.63333333333 118
3405.133333333333 111
3855.133333333333 64
2162.9 69
26638.399999999998 119
24282.833333333332 107
5031.933333333333 103
28565.6 83
24607.9 89
22716.866666666665 72
8188.466666666666 66
17837.166666666668 83
1466.5 97
7983.3 107
9490.7 88
8636.766666666666 113
17074.666666666668 95
1955.7666666666667 78
19444.266666666666 105
23957.233333333334 65
21814.833333333332 63
5250.066666666667 93
26103.166666666668 70
20422.8 116
19641.966666666667 61
6683.833333333333 100
973.9 61
1254.5 83
9917.833333333334 81
18670.4 112
9581.733333333334 60
4173.0 106
19536.7 66
10500.933333333332 110
11719.633333333333 93
5523.4 90
15866.333333333334 103
13691.966666666667 71
27392.033333333333 65
11316.833333333334 108
15213.966666666667 75
12737.433333333332 101
5174.166666666667 84
6432.266666666666 104
7889.599999999999 67
24289.3 104
5066.3 91
11579.2 78
3094.0333333333333 109
15052.066666666666 109
13937.8 118
19980.466666666667 113
8314.833333333334 76
918.6 67
1146.9333333333334 71
16571.966666666667 79
6364.666666666667 87
10976.5 115
13199.699999999999 102
7704.666666666667 92
15741.433333333332 69
21175.733333333334 99
2962.133333333333 113
25941.233333333334 107
2935.8 114
13901.633333333333 68
26745.733333333334 98
28403.6 67
24053.466666666667 113
22667.966666666667 74
19981.6 81
27709.833333333332 101
25794.466666666667 115
4691.366666666667 105
9704.933333333332 70
2315.7666666666664 110
17886.066666666666 86
25921.6 104
24873.866666666665 112
20442.933333333334 103
2187.4666666666667 64
17779.433333333334 98
28033.63333333333 92
17812.4 93
19158.766666666666 85
23973.6 75
23685.8 61
28297.866666666665 67
3911.5666666666666 100
26460.5 97
27926.8 106
12105.2 71
8099.566666666667 92
10818.533333333333 60
5635.066666666667 118
21261.233333333334 106
4132.6 101
19121.7 105
18897.466666666667 111
475.59999999999997 81
23013.8 74
7799.533333333333 63
24018.066666666666 70
3290.4666666666667 112
11936.033333333333 98
5811.033333333333 62
23897.13333333333 115
21371.2 115
10268.433333333332 117
4596.166666666667 84
9835.533333333333 64
28345.8 115
4441.933333333333 109
22786.766666666666 98
9818.533333333333 77
7907.8 96
27127.166666666668 75
6044.133333333333 100
10660.633333333333 61
28465.433333333334 105
15652.733333333334 79
5591.366666666667 118
2660.5 62
592.3333333333334 65
672.5333333333333 64
365.4 74
25549.8 70
10008.033333333333 108
27674.1 102
26449.7 112
7103.7 118
18081.266666666666 63
16307.833333333334 63
8962.266666666666 86
25693.033333333333 103
6629.133333333333 64
17784.466666666667 74
6446.5 82
24984.5 62
19721.766666666666 61
22864.333333333332 114
21961.966666666667 115
15121.133333333333 91
7593.4 92
7916.466666666666 113
14310.966666666667 101
13425.9 73
2554.5333333333333 71
24472.2 102
17945.466666666667 60
22479.5 105
17767.7 102
1923.7333333333333 80
2518.133333333333 114
16620.0 109
10086.533333333333 75
25322.1 111
1852.6666666666667 102
20230.433333333334 101
12991.633333333333 64
20270.7 69
434.8666666666667 113
9162.7 67
15847.666666666666 105
1138.3666666666666 116
2952.6666666666665 86
23887.233333333334 65
11776.333333333334 118
17810.1 76
10131.0 85
9908.066666666666 80
22580.533333333333 82
25844.933333333334 83
24803.4 110
15776.766666666666 88
20763.2 87
19197.2 76
14538.3 92
20696.033333333333 63
1201.8333333333333 69
11972.5 101
25081.13333333333 63
18690.2 76
10650.266666666666 69
17114.366666666665 99
3079.733333333333 75
5278.5 91
16040.1 90
16175.699999999999 86
21286.63333333333 105
22364.8 73
13544.933333333332 64
17577.566666666666 109
15422.866666666667 112
420.6666666666667 90
22371.766666666666 78
25463.3 92
14400.466666666667 88
1127.3666666666666 98
20148.4 93
14600.733333333334 114
27721.966666666667 109
11908.166666666666 112
9111.666666666666 116
22383.966666666667 93
4902.633333333333 94
10557.766666666666 85
20811.766666666666 82
22798.733333333334 84
18360.333333333332 88
16083.266666666666 99
2295.4 101
28164.8 104
21070.7 84
5717.266666666666 92
22457.9 78
11322.233333333334 89
24140.4 98
28023.466666666667 118
25143.1 81
22461.6 63
26100.1 83
5200.133333333333 119
4634.9 98
3538.1 73
24140.1 61
18364.7 114
402.23333333333335 80
23068.233333333334 117
15188.533333333333 96
24969.166666666668 97
7389.566666666667 79
26851.733333333334 119
2446.133333333333 106
9591.9 108
18633.8 70
19963.7 68
17145.7 71
11568.7 99
3097.4 61
9002.1 89
20542.4 106
26988.0 86
19924.2 112
12610.833333333334 107
11689.066666666666 88
3562.4666666666667 113
5467.633333333333 66
16775.2 101
3459.1 97
11282.333333333334 103
24520.466666666667 82
2658.9333333333334 98
502.96666666666664 93
4464.5 103
16212.5 116
2083.0 86
9996.466666666667 82
22228.066666666666 76
9523.666666666666 74
287.6 60
1717.8333333333333 98
10574.766666666666 66
12296.566666666666 75
6995.966666666666 92
19893.766666666666 100
28135.966666666667 64
23701.933333333334 65
20145.333333333332 65
19655.866666666665 63
13810.0 84
1407.0 99
19015.733333333334 109
834.0 97
17455.766666666666 106
6864.566666666667 101
2883.1666666666665 61
27794.833333333332 74
5715.433333333333 98
18742.6 82
8755.766666666666 89
16380.133333333333 80
25660.13333333333 74
25326.533333333333 108
6984.466666666666 65
2284.6 95
19974.233333333334 62
10380.733333333334 98
2511.0666666666666 79
19964.833333333332 95
13663.5 88
11158.6 70
21211.366666666665 83
10079.4 108
15787.633333333333 60
21811.533333333333 102
12571.2 62
24553.8 112
28257.3 95
27348.0 65
15928.199999999999 104
5446.3 114
17618.63333333333 107
1935.7 69
17345.866666666665 114
24829.333333333332 66
9971.733333333334 64
26152.9 99
7445.466666666666 115
25138.466666666667 64
26588.966666666667 111
1328.0666666666666 101
27533.666666666668 76
15617.233333333334 78
18242.533333333333 105
9264.333333333334 107
2912.4333333333334 80
20317.566666666666 74
21033.7 89
21934.5 105
20766.333333333332 89
11592.7 78
24629.13333333333 77
2975.9666666666667 70
25883.766666666666 81
26667.233333333334 90
10671.933333333332 102
28541.3 118
9410.433333333332 110
3108.8 91
28610.333333333332 94
27795.899999999998 85
26941.666666666668 86
15862.166666666666 74
14300.633333333333 80
9199.966666666667 98
10903.633333333333 70
21189.066666666666 90
22780.433333333334 109
27885.6 73
24869.333333333332 113
23946.233333333334 111
25176.9 110
15219.666666666666 104
6264.333333333333 113
1743.8666666666666 108
11471.766666666666 95
26636.066666666666 99
5980.866666666667 119
27338.266666666666 108
15381.066666666666 65
24574.63333333333 112
5488.566666666667 106
914.6666666666666 77
20283.266666666666 83
15858.133333333333 115
18802.0 100
24999.033333333333 61
14478.8 71
8919.833333333334 104
12621.633333333333 119
5789.566666666667 86
21781.033333333333 66
23282.966666666667 112
10420.033333333333 64
13148.566666666666 63
1883.7333333333333 100
5048.766666666666 62
8968.833333333334 109
27852.1 86
11113.433333333332 89
24721.566666666666 81
18634.3 103
3034.9333333333334 70
1784.1333333333332 90
15123.166666666666 99
8523.933333333332 74
18986.066666666666 88
15683.633333333333 65
28589.399999999998 99
27214.066666666666 62
19296.266666666666 114
1855.0333333333333 66
6561.466666666666 91
13852.366666666667 73
25477.0 115
2661.0 73
13152.5 103
709.2333333333333 101
5240.1 106
4243.0 105
1762.0333333333333 107
6355.966666666666 68
24154.1 85
13749.966666666667 101
18417.433333333334 63
12316.066666666666 64
8488.3 105
22168.933333333334 76
26481.866666666665 74
3308.0333333333333 109
8296.566666666666 86
10182.566666666666 67
28020.3 87
11512.733333333334 98
22036.733333333334 75
28263.63333333333 96
1431.2 99
12518.966666666667 100
24910.333333333332 85
8920.033333333333 62
25283.63333333333 63
5253.333333333333 104
16185.0 88
13295.466666666667 65
6348.4 78
15311.966666666667 104
2968.6 103
22831.333333333332 77
8534.166666666666 60
3172.633333333333 100
13574.699999999999 113
7648.333333333333 97
622.2666666666667 65
22679.833333333332 92
9075.933333333332 73
25554.066666666666 108
28225.933333333334 73
25155.7 73
24853.9 84
27442.399999999998 104
8051.666666666667 112
21172.533333333333 103
22745.2 100
21603.066666666666 71
7591.533333333333 92
5467.333333333333 117
4653.066666666667 103
4863.866666666667 87
13862.133333333333 83
11795.233333333334 65
22242.733333333334 60
24920.733333333334 113
12500.2 119
10976.433333333332 116
623.0 61
20861.733333333334 70
28508.63333333333 66
18899.433333333334 97
24252.63333333333 77
26899.733333333334 96
16215.733333333334 64
23211.866666666665 107
10964.766666666666 86
17645.366666666665 101
21213.63333333333 118
2718.5666666666666 101
16195.233333333334 75
7970.4 84
24432.433333333334 61
28639.933333333334 95
8672.0 89
21146.4 68
23045.733333333334 98
15832.266666666666 92
3490.866666666667 85
21964.13333333333 114
28553.13333333333 113
23905.433333333334 100
23426.733333333334 75
15715.133333333333 113
4793.066666666667 105
13754.733333333334 83
19751.3 96
19495.13333333333 61
9467.966666666667 113
4707.166666666667 71
24456.266666666666 103
15102.8 88
19449.866666666665 89
28496.766666666666 76
20306.2 112
2786.9666666666667 87
9017.3 90
5122.2 63
23889.833333333332 83
2868.5666666666666 95
22884.9 100
20860.6 116
10086.833333333334 77
12558.6 102
4917.633333333333 87
22574.166666666668 68
2401.9666666666667 64
20485.266666666666 112
16382.733333333334 68
201.13333333333333 62
16530.566666666666 75
18592.366666666665 91
6842.866666666667 99
24380.7 72
25901.8 85
12685.233333333334 118
23337.7 114
25849.966666666667 97
10803.566666666666 62
14066.633333333333 108
15622.466666666667 67
20578.733333333334 71
395.3666666666667 72
3995.0333333333333 81
18205.5 104
10691.933333333332 98
14629.566666666666 84
28312.433333333334 75
14359.199999999999 109
6291.166666666667 85
8398.7 111
25532.4 106
19466.433333333334 109
15469.433333333332 69
19826.7 103
15655.866666666667 93
12468.4 117
21085.366666666665 63
8140.233333333334 83
15186.166666666666 101
10544.633333333333 70
25149.3 61
9842.133333333333 99
20775.3 73
4786.166666666667 61
2874.233333333333 118
8332.366666666667 107
10513.233333333334 88
10436.8 70
21696.033333333333 86
306.1333333333333 64
22939.13333333333 90
27724.8 74
1223.7666666666667 71
24622.533333333333 93
3756.9 96
9766.466666666667 98
6131.566666666667 69
24614.7 65
19010.3 68
15410.433333333332 109
9333.133333333333 100
17293.166666666668 73
6733.066666666667 83
13201.433333333332 100
8016.566666666667 89
9885.966666666667 79
19876.833333333332 88
582.0666666666666 78
19321.333333333332 104
24288.966666666667 77
5113.2 85
5496.333333333333 71
7955.566666666667 96
1830.9666666666667 81
27794.266666666666 83
28489.899999999998 93
5085.266666666666 77
9714.533333333333 109
12658.466666666667 109
19577.13333333333 103
16489.7 105
27642.266666666666 94
11739.0 75
11742.433333333332 62
9376.533333333333 103
4008.0 83
18148.266666666666 62
26063.2 99
25454.5 108
8879.8 78
28468.566666666666 78
5322.466666666666 84
27169.333333333332 66
2971.6666666666665 106
2018.6333333333332 99
15620.933333333332 94
3446.7666666666664 89
17206.4 82
24709.8 64
24262.166666666668 109
18478.63333333333 66
25947.6 71
13744.5 61
26644.899999999998 83
15002.699999999999 102
22492.033333333333 85
21849.866666666665 104
17184.233333333334 80
21409.13333333333 78
11931.4 82
22538.7 89
18374.9 61
13341.433333333332 114
20507.1 96
9815.8 67
19260.0 103
22793.933333333334 66
6797.266666666666 61
22104.8 96
12582.866666666667 97
20971.933333333334 78
15926.166666666666 106
18118.13333333333 88
19882.766666666666 87
6351.933333333333 60
8071.566666666667 91
40.86666666666667 104
16288.266666666666 112
22567.13333333333 80
21859.066666666666 76
22929.166666666668 91
3365.866666666667 111
10834.133333333333 104
11452.1 60
28312.333333333332 73
8827.633333333333 83
11339.866666666667 66
8905.633333333333 81
17858.933333333334 62
21020.833333333332 73
1401.1666666666667 107
9017.9 114
3233.3 66
16759.63333333333 109
16387.2 115
20099.433333333334 103
10233.1 109
15648.266666666666 74
2317.5 93
528.3666666666667 90
10295.633333333333 67
7275.633333333333 67
27844.1 67
1768.6 116
13654.699999999999 110
20640.5 88
9385.233333333334 118
16926.1 107
15881.866666666667 66
19028.2 108
15538.699999999999 62
4226.2 63
25337.266666666666 83
21139.033333333333 74
4275.0 110
4678.533333333333 89
7181.0 101
19582.5 86
5013.266666666666 84
2004.5666666666666 75
28586.666666666668 105
9307.233333333334 95
6600.366666666667 70
7767.033333333333 71
495.1333333333333 89
3558.733333333333 90
21463.833333333332 107
16548.933333333334 82
25393.733333333334 106
6256.166666666667 79
22092.033333333333 104
11173.433333333332 60
2133.866666666667 77
25844.466666666667 92
1764.1333333333332 104
20897.3 117
21730.566666666666 80
22117.733333333334 71
26266.833333333332 76
15751.033333333333 118
3973.0666666666666 99
11604.166666666666 117
28548.266666666666 88
881.5333333333333 86
21715.366666666665 65
10194.433333333332 100
3290.7666666666664 95
3991.133333333333 118
5509.333333333333 102
683.2 104
1516.3333333333333 108
908.2666666666667 64
3811.3333333333335 112
10696.633333333333 82
14751.566666666666 90
8672.766666666666 93
14519.5 73
10851.933333333332 74
2923.366666666667 96
14537.0 85
9122.466666666667 69
14237.699999999999 71
23883.533333333333 82
27529.7 88
338.76666666666665 109
19453.466666666667 62
22382.466666666667 96
6589.133333333333 116
2082.6 84
6696.3 98
10957.0 99
7247.7 91
27109.333333333332 64
26357.233333333334 108
7727.933333333333 84
10255.0 82
20074.1 68
5245.766666666666 114
997.4333333333333 106
9476.966666666667 87
5143.833333333333 85
5982.233333333334 110
21434.63333333333 98
6776.966666666666 72
12180.2 110
5054.033333333333 98
6257.233333333334 119
19594.4 65
17743.433333333334 87
10734.866666666667 64
18397.6 87
1880.6 70
15148.8 69
20342.666666666668 100
17495.933333333334 68
16089.033333333333 96
4283.533333333333 105
7568.366666666667 94
14227.266666666666 94
17078.63333333333 68
15127.9 118
9440.366666666667 117
13914.833333333334 65
630.0666666666666 105
547.7666666666667 113
19322.63333333333 103
826.8333333333334 68
21763.933333333334 100
28799.0 77
17485.333333333332 88
20584.13333333333 88
21055.733333333334 104
4907.5 102
15415.733333333334 73
18027.333333333332 81
23766.7 64
6358.633333333333 115
16547.5 91
11140.066666666666 95
16741.766666666666 82
15321.533333333333 93
18766.0 63
27642.066666666666 68
17129.63333333333 105
6772.433333333333 99
13539.766666666666 62
14571.633333333333 110
25913.1 89
9308.766666666666 118
24239.5 106
19296.13333333333 117
15367.333333333334 103
3422.2666666666664 105
17609.433333333334 79
22179.466666666667 84
21167.766666666666 99
7365.333333333333 88
15258.199999999999 99
26848.0 115
16605.866666666665 98
21946.6 79
10340.966666666667 78
18728.066666666666 78
19892.066666666666 71
7705.833333333333 73
1021.6666666666666 90
24104.166666666668 114
18075.7 92
4700.666666666667 104
18757.566666666666 70
5411.766666666666 119
22613.1 98
12986.266666666666 97
2298.6 107
17166.766666666666 73
22356.7 112
20086.666666666668 118
3335.133333333333 86
26212.63333333333 69
19641.0 108
13951.733333333334 61
10829.6 95
4395.3 66
3502.4666666666667 87
6583.333333333333 116
24212.466666666667 73
2309.1 60
2314.3 68
24255.13333333333 112
6256.3 103
18122.066666666666 113
18506.0 88
24215.4 70
11123.033333333333 79
4797.2 106
15191.266666666666 101
2506.366666666667 102
22978.7 119
7211.666666666667 111
24905.266666666666 106
27846.7 97
8159.566666666667 93
25058.2 66
325.8333333333333 79
2567.866666666667 82
23842.6 74
22920.1 86
5662.266666666666 64
24086.0 75
3406.5 72
10309.8 103
14203.4 110
23329.233333333334 76
22938.63333333333 61
15367.3 73
8595.333333333334 91
399.0 62
19609.066666666666 111
18248.1 119
6393.566666666667 99
26591.7 69
25994.13333333333 84
7084.533333333333 118
22606.0 98
8680.233333333334 101
12215.733333333334 70
7685.133333333333 100
9974.666666666666 88
8007.866666666667 101
8742.566666666666 100
2223.7666666666664 64
18577.866666666665 78
10245.466666666667 69
8727.066666666666 84
20091.833333333332 99
7661.733333333334 87
4401.333333333333 90
9052.066666666666 88
21948.3 101
10266.766666666666 106
11553.033333333333 82
25151.7 64
12464.666666666666 113
1286.3333333333333 101
27474.6 114
6850.433333333333 96
19057.166666666668 101
20500.5 71
27523.2 71
5455.266666666666 95
9895.933333333332 109
19141.5 94
26417.933333333334 86
21998.266666666666 112
17767.566666666666 84
28523.63333333333 74
14599.433333333332 117
17160.1 67
24829.4 116
10926.866666666667 117
3590.9333333333334 119
26828.666666666668 103
8307.866666666667 88
15962.166666666666 95
5154.333333333333 116
15934.199999999999 69
2646.366666666667 116
10868.9 64
11169.366666666667 74
21885.6 89
3341.6666666666665 90
20422.333333333332 79
27127.3 82
3117.5 68
24675.533333333333 86
86.3 119
11895.633333333333 102
3403.0 105
2570.733333333333 102
