0.0 2
30.0 2
60.0 -1
90.0 1
120.0 0
150.0 3
180.0 -1
210.0 2
240.0 2
270.0 4
300.0 4
330.0 2
360.0 1
390.0 4
420.0 3
450.0 3
480.0 3
510.0 1
540.0 2
570.0 4
600.0 4
630.0 2
660.0 1
690.0 0
720.0 1
750.0 1
780.0 2
810.0 3
840.0 2
870.0 4
900.0 0
930.0 -1
960.0 4
990.0 -1
1020.0 1
1050.0 -1
1080.0 4
1110.0 3
1140.0 2
1170.0 0
1200.0 0
1230.0 0
1260.0 4
1290.0 4
1320.0 2
1350.0 3
1380.0 0
1410.0 -1
1440.0 3
1470.0 3
1500.0 4
1530.0 4
1560.0 3
1590.0 0
1620.0 3
1650.0 4
1680.0 0
1710.0 -1
1740.0 4
1770.0 -1
1800.0 -1
1830.0 4
1860.0 4
1890.0 -1
1920.0 3
1950.0 3
1980.0 0
2010.0 -1
2040.0 1
2070.0 -1
2100.0 2
2130.0 1
2160.0 2
2190.0 1
2220.0 4
2250.0 0
2280.0 3
2310.0 0
2340.0 1
2370.0 -1
2400.0 0
2430.0 1
2460.0 -1
2490.0 3
2520.0 1
2550.0 2
2580.0 2
2610.0 2
2640.0 -1
2670.0 -1
2700.0 0
2730.0 -1
2760.0 1
2790.0 2
2820.0 3
2850.0 4
2880.0 2
2910.0 1
2940.0 4
2970.0 3
3000.0 0
3030.0 -1
3060.0 1
3090.0 4
3120.0 -1
3150.0 0
3180.0 3
3210.0 4
3240.0 1
3270.0 3
3300.0 4
3330.0 4
3360.0 1
3390.0 0
3420.0 0
3450.0 0
3480.0 -1
3510.0 2
3540.0 3
3570.0 1
