0.0 4
30.0 1
60.0 2
90.0 2
120.0 -1
150.0 -1
180.0 2
210.0 2
240.0 1
270.0 2
300.0 0
330.0 2
360.0 3
390.0 2
420.0 -1
450.0 -1
480.0 3
510.0 0
540.0 2
570.0 2
600.0 3
630.0 1
660.0 1
690.0 0
720.0 2
750.0 2
780.0 2
810.0 -1
840.0 4
870.0 1
900.0 4
930.0 3
960.0 4
990.0 -1
1020.0 -1
1050.0 1
1080.0 2
1110.0 0
1140.0 4
1170.0 3
1200.0 1
1230.0 0
1260.0 1
1290.0 1
1320.0 1
1350.0 1
1380.0 2
1410.0 -1
1440.0 4
1470.0 1
1500.0 0
1530.0 4
1560.0 0
1590.0 0
1620.0 -1
1650.0 -1
1680.0 0
1710.0 2
1740.0 -1
1770.0 -1
1800.0 2
1830.0 1
1860.0 -1
1890.0 4
1920.0 0
1950.0 0
1980.0 2
2010.0 0
2040.0 3
2070.0 0
2100.0 2
2130.0 2
2160.0 2
2190.0 4
2220.0 3
2250.0 -1
2280.0 1
2310.0 0
2340.0 4
2370.0 -1
2400.0 2
2430.0 -1
2460.0 -1
2490.0 3
2520.0 2
2550.0 4
2580.0 4
2610.0 2
2640.0 0
2670.0 4
2700.0 4
2730.0 0
2760.0 0
2790.0 4
2820.0 4
2850.0 4
2880.0 0
2910.0 4
2940.0 -1
2970.0 -1
3000.0 0
3030.0 0
3060.0 0
3090.0 1
3120.0 0
3150.0 1
3180.0 0
3210.0 2
3240.0 3
3270.0 4
3300.0 4
3330.0 -1
3360.0 2
3390.0 3
3420.0 4
3450.0 4
3480.0 1
3510.0 -1
3540.0 1
3570.0 1
