0.0 0
30.0 1
60.0 1
90.0 3
120.0 4
150.0 4
180.0 2
210.0 2
240.0 3
270.0 0
300.0 3
330.0 4
360.0 4
390.0 4
420.0 3
450.0 3
480.0 -1
510.0 4
540.0 2
570.0 -1
600.0 4
630.0 3
660.0 0
690.0 3
720.0 -1
750.0 2
780.0 3
810.0 2
840.0 -1
870.0 3
900.0 1
930.0 3
960.0 4
990.0 2
1020.0 0
1050.0 3
1080.0 1
1110.0 3
1140.0 3
1170.0 1
1200.0 1
1230.0 4
1260.0 2
1290.0 -1
1320.0 0
1350.0 2
1380.0 -1
1410.0 0
1440.0 2
1470.0 -1
1500.0 -1
1530.0 2
1560.0 0
1590.0 0
1620.0 3
1650.0 3
1680.0 1
1710.0 2
1740.0 0
1770.0 4
1800.0 3
1830.0 3
1860.0 0
1890.0 3
1920.0 1
1950.0 3
1980.0 -1
2010.0 1
2040.0 4
2070.0 -1
2100.0 3
2130.0 1
2160.0 4
2190.0 1
2220.0 -1
2250.0 2
2280.0 3
2310.0 4
2340.0 4
2370.0 0
2400.0 4
2430.0 -1
2460.0 3
2490.0 -1
2520.0 2
2550.0 1
2580.0 -1
2610.0 0
2640.0 4
2670.0 3
2700.0 4
2730.0 -1
2760.0 0
2790.0 4
2820.0 0
2850.0 4
2880.0 0
2910.0 3
2940.0 0
2970.0 0
3000.0 4
3030.0 -1
3060.0 1
3090.0 4
3120.0 0
3150.0 4
3180.0 1
3210.0 2
3240.0 4
3270.0 1
3300.0 4
3330.0 -1
3360.0 2
3390.0 2
3420.0 4
3450.0 3
3480.0 0
3510.0 -1
3540.0 1
3570.0 3
3600.0 -1
3630.0 4
3660.0 0
3690.0 2
3720.0 3
3750.0 0
3780.0 1
3810.0 0
3840.0 1
3870.0 -1
3900.0 1
3930.0 1
3960.0 4
3990.0 3
4020.0 0
4050.0 2
4080.0 4
4110.0 0
4140.0 0
4170.0 3
4200.0 0
4230.0 3
4260.0 2
4290.0 -1
4320.0 0
4350.0 2
4380.0 0
4410.0 -1
4440.0 3
4470.0 -1
4500.0 0
4530.0 4
4560.0 -1
4590.0 3
4620.0 4
4650.0 0
4680.0 2
4710.0 3
4740.0 2
4770.0 2
4800.0 3
4830.0 0
4860.0 -1
4890.0 -1
4920.0 1
4950.0 4
4980.0 4
5010.0 4
5040.0 3
5070.0 2
5100.0 4
5130.0 4
5160.0 3
5190.0 0
5220.0 3
5250.0 0
5280.0 -1
5310.0 4
5340.0 1
5370.0 4
5400.0 1
5430.0 3
5460.0 -1
5490.0 0
5520.0 4
5550.0 0
5580.0 4
5610.0 2
5640.0 1
5670.0 2
5700.0 -1
5730.0 2
5760.0 3
5790.0 3
5820.0 0
5850.0 1
5880.0 0
5910.0 2
5940.0 0
5970.0 -1
6000.0 4
6030.0 4
6060.0 -1
6090.0 1
6120.0 3
6150.0 4
6180.0 0
6210.0 0
6240.0 1
6270.0 0
6300.0 0
6330.0 2
6360.0 -1
6390.0 4
6420.0 2
6450.0 2
6480.0 4
6510.0 1
6540.0 -1
6570.0 3
6600.0 1
6630.0 3
6660.0 3
6690.0 0
6720.0 -1
6750.0 0
6780.0 3
6810.0 4
6840.0 0
6870.0 1
6900.0 4
6930.0 0
6960.0 -1
6990.0 -1
7020.0 1
7050.0 2
7080.0 4
7110.0 -1
7140.0 4
7170.0 0
7200.0 2
7230.0 1
7260.0 4
7290.0 4
7320.0 0
7350.0 0
7380.0 -1
7410.0 0
7440.0 -1
7470.0 1
7500.0 3
7530.0 1
7560.0 3
7590.0 -1
7620.0 3
7650.0 3
7680.0 1
7710.0 3
7740.0 4
7770.0 0
7800.0 0
7830.0 -1
7860.0 3
7890.0 1
7920.0 2
7950.0 3
7980.0 2
8010.0 2
8040.0 -1
8070.0 2
8100.0 0
8130.0 4
8160.0 3
8190.0 1
8220.0 1
8250.0 0
8280.0 0
8310.0 3
8340.0 3
8370.0 4
8400.0 4
8430.0 1
8460.0 1
8490.0 2
8520.0 2
8550.0 1
8580.0 4
8610.0 3
8640.0 2
8670.0 -1
8700.0 2
8730.0 2
8760.0 1
8790.0 1
8820.0 3
8850.0 -1
8880.0 1
8910.0 -1
8940.0 4
8970.0 4
9000.0 2
9030.0 3
9060.0 3
9090.0 0
9120.0 4
9150.0 2
9180.0 0
9210.0 -1
9240.0 4
9270.0 1
9300.0 1
9330.0 3
9360.0 1
9390.0 0
9420.0 3
9450.0 0
9480.0 2
9510.0 1
9540.0 2
9570.0 2
9600.0 1
9630.0 0
9660.0 1
9690.0 1
9720.0 3
9750.0 3
9780.0 -1
9810.0 -1
9840.0 1
9870.0 4
9900.0 -1
9930.0 1
9960.0 2
9990.0 0
10020.0 3
10050.0 3
10080.0 0
10110.0 2
10140.0 1
10170.0 2
10200.0 0
10230.0 4
10260.0 0
10290.0 0
10320.0 4
10350.0 3
10380.0 3
10410.0 1
10440.0 1
10470.0 -1
10500.0 -1
10530.0 -1
10560.0 3
10590.0 4
10620.0 3
10650.0 2
10680.0 0
10710.0 -1
10740.0 4
10770.0 2
10800.0 0
10830.0 2
10860.0 4
10890.0 -1
10920.0 0
10950.0 0
10980.0 1
11010.0 2
11040.0 1
11070.0 4
11100.0 0
11130.0 0
11160.0 1
11190.0 2
11220.0 2
11250.0 2
11280.0 1
11310.0 3
11340.0 2
11370.0 3
11400.0 0
11430.0 3
11460.0 2
11490.0 1
11520.0 3
11550.0 3
11580.0 -1
11610.0 3
11640.0 1
11670.0 0
11700.0 0
11730.0 2
11760.0 -1
11790.0 3
11820.0 2
11850.0 1
11880.0 1
11910.0 3
11940.0 4
11970.0 3
12000.0 3
12030.0 4
12060.0 3
12090.0 1
12120.0 -1
12150.0 0
12180.0 2
12210.0 0
12240.0 0
12270.0 2
12300.0 -1
12330.0 1
12360.0 -1
12390.0 -1
12420.0 0
12450.0 1
12480.0 4
12510.0 2
12540.0 3
12570.0 2
12600.0 3
12630.0 4
12660.0 2
12690.0 1
12720.0 1
12750.0 4
12780.0 4
12810.0 0
12840.0 3
12870.0 0
12900.0 0
12930.0 -1
12960.0 4
12990.0 -1
13020.0 -1
13050.0 4
13080.0 3
13110.0 0
13140.0 3
13170.0 2
13200.0 3
13230.0 2
13260.0 0
13290.0 3
13320.0 0
13350.0 3
13380.0 0
13410.0 4
13440.0 0
13470.0 0
13500.0 4
13530.0 2
13560.0 3
13590.0 3
13620.0 3
13650.0 0
13680.0 1
13710.0 1
13740.0 1
13770.0 4
13800.0 4
13830.0 4
13860.0 1
13890.0 3
13920.0 4
13950.0 3
13980.0 3
14010.0 2
14040.0 2
14070.0 -1
14100.0 2
14130.0 1
14160.0 3
14190.0 2
14220.0 1
14250.0 -1
14280.0 4
14310.0 4
14340.0 4
14370.0 -1
14400.0 3
14430.0 2
14460.0 3
14490.0 2
14520.0 4
14550.0 2
14580.0 2
14610.0 -1
14640.0 2
14670.0 -1
14700.0 1
14730.0 1
14760.0 4
14790.0 2
14820.0 1
14850.0 3
14880.0 0
14910.0 0
14940.0 3
14970.0 2
15000.0 1
15030.0 3
15060.0 2
15090.0 4
15120.0 2
15150.0 4
15180.0 3
15210.0 3
15240.0 1
15270.0 -1
15300.0 1
15330.0 -1
15360.0 4
15390.0 2
15420.0 0
15450.0 2
15480.0 0
15510.0 0
15540.0 4
15570.0 -1
15600.0 3
15630.0 4
15660.0 3
15690.0 3
15720.0 1
15750.0 4
15780.0 2
15810.0 0
15840.0 0
15870.0 2
15900.0 1
15930.0 0
15960.0 1
15990.0 3
16020.0 4
16050.0 2
16080.0 2
16110.0 1
16140.0 1
16170.0 2
16200.0 0
16230.0 3
16260.0 1
16290.0 4
16320.0 1
16350.0 4
16380.0 2
16410.0 4
16440.0 -1
16470.0 -1
16500.0 0
16530.0 -1
16560.0 4
16590.0 3
16620.0 0
16650.0 1
16680.0 2
16710.0 4
16740.0 3
16770.0 3
16800.0 4
16830.0 3
16860.0 1
16890.0 4
16920.0 0
16950.0 0
16980.0 -1
17010.0 0
17040.0 2
17070.0 -1
17100.0 1
17130.0 -1
17160.0 -1
17190.0 1
17220.0 4
17250.0 4
17280.0 -1
17310.0 -1
17340.0 0
17370.0 3
17400.0 0
17430.0 -1
17460.0 1
17490.0 -1
17520.0 1
17550.0 -1
17580.0 4
17610.0 -1
17640.0 1
17670.0 4
17700.0 2
17730.0 3
17760.0 0
17790.0 -1
17820.0 0
17850.0 -1
17880.0 0
17910.0 -1
17940.0 1
17970.0 3
18000.0 -1
18030.0 3
18060.0 3
18090.0 1
18120.0 0
18150.0 3
18180.0 -1
18210.0 1
18240.0 3
18270.0 1
18300.0 3
18330.0 0
18360.0 4
18390.0 4
18420.0 3
18450.0 1
18480.0 -1
18510.0 2
18540.0 3
18570.0 -1
18600.0 1
18630.0 0
18660.0 2
18690.0 3
18720.0 1
18750.0 3
18780.0 4
18810.0 -1
18840.0 1
18870.0 0
18900.0 3
18930.0 2
18960.0 -1
18990.0 1
19020.0 -1
19050.0 1
19080.0 0
19110.0 2
19140.0 2
19170.0 1
19200.0 2
19230.0 -1
19260.0 2
19290.0 -1
19320.0 3
19350.0 3
19380.0 -1
19410.0 -1
19440.0 4
19470.0 1
19500.0 1
19530.0 0
19560.0 0
19590.0 2
19620.0 1
19650.0 2
19680.0 4
19710.0 4
19740.0 2
19770.0 -1
19800.0 3
19830.0 3
19860.0 4
19890.0 2
19920.0 0
19950.0 2
19980.0 0
20010.0 2
20040.0 4
20070.0 2
20100.0 -1
20130.0 0
20160.0 1
20190.0 2
20220.0 3
20250.0 0
20280.0 3
20310.0 1
20340.0 2
20370.0 4
20400.0 4
20430.0 2
20460.0 -1
20490.0 2
20520.0 3
20550.0 1
20580.0 2
20610.0 0
20640.0 -1
20670.0 1
20700.0 2
20730.0 -1
20760.0 0
20790.0 3
20820.0 2
20850.0 2
20880.0 -1
20910.0 4
20940.0 2
20970.0 -1
21000.0 2
21030.0 0
21060.0 2
21090.0 2
21120.0 0
21150.0 4
21180.0 0
21210.0 0
21240.0 1
21270.0 0
21300.0 3
21330.0 1
21360.0 4
21390.0 0
21420.0 2
21450.0 4
21480.0 3
21510.0 4
21540.0 -1
21570.0 1
21600.0 0
21630.0 4
21660.0 -1
21690.0 2
21720.0 2
21750.0 1
21780.0 -1
21810.0 0
21840.0 1
21870.0 0
21900.0 2
21930.0 1
21960.0 2
21990.0 -1
22020.0 3
22050.0 1
22080.0 2
22110.0 4
22140.0 1
22170.0 -1
22200.0 1
22230.0 -1
22260.0 3
22290.0 0
22320.0 2
22350.0 2
22380.0 2
22410.0 0
22440.0 2
22470.0 0
22500.0 4
22530.0 3
22560.0 3
22590.0 3
22620.0 1
22650.0 0
22680.0 4
22710.0 -1
22740.0 1
22770.0 4
22800.0 4
22830.0 -1
22860.0 -1
22890.0 -1
22920.0 0
22950.0 0
22980.0 1
23010.0 1
23040.0 0
23070.0 1
23100.0 -1
23130.0 1
23160.0 1
23190.0 1
23220.0 3
23250.0 3
23280.0 4
23310.0 -1
23340.0 3
23370.0 0
23400.0 1
23430.0 4
23460.0 -1
23490.0 -1
23520.0 4
23550.0 1
23580.0 0
23610.0 -1
23640.0 3
23670.0 0
23700.0 1
23730.0 -1
23760.0 2
23790.0 3
23820.0 1
23850.0 2
23880.0 4
23910.0 4
23940.0 0
23970.0 2
24000.0 3
24030.0 1
24060.0 -1
24090.0 0
24120.0 3
24150.0 4
24180.0 2
24210.0 4
24240.0 4
24270.0 2
24300.0 4
24330.0 -1
24360.0 4
24390.0 -1
24420.0 3
24450.0 1
24480.0 0
24510.0 1
24540.0 2
24570.0 -1
24600.0 0
24630.0 1
24660.0 3
24690.0 2
24720.0 2
24750.0 2
24780.0 4
24810.0 2
24840.0 3
24870.0 4
24900.0 4
24930.0 2
24960.0 3
24990.0 0
25020.0 4
25050.0 2
25080.0 0
25110.0 1
25140.0 4
25170.0 0
25200.0 1
25230.0 4
25260.0 0
25290.0 3
25320.0 3
25350.0 4
25380.0 2
25410.0 -1
25440.0 2
25470.0 -1
25500.0 1
25530.0 -1
25560.0 1
25590.0 4
25620.0 0
25650.0 4
25680.0 0
25710.0 4
25740.0 4
25770.0 3
25800.0 0
25830.0 4
25860.0 3
25890.0 3
25920.0 0
25950.0 4
25980.0 4
26010.0 4
26040.0 3
26070.0 3
26100.0 0
26130.0 2
26160.0 -1
26190.0 4
26220.0 1
26250.0 -1
26280.0 2
26310.0 1
26340.0 3
26370.0 4
26400.0 2
26430.0 1
26460.0 1
26490.0 4
26520.0 4
26550.0 1
26580.0 2
26610.0 0
26640.0 3
26670.0 4
26700.0 2
26730.0 2
26760.0 3
26790.0 1
26820.0 2
26850.0 -1
26880.0 2
26910.0 3
26940.0 0
26970.0 2
27000.0 -1
27030.0 4
27060.0 2
27090.0 -1
27120.0 2
27150.0 0
27180.0 0
27210.0 2
27240.0 2
27270.0 4
27300.0 -1
27330.0 -1
27360.0 2
27390.0 -1
27420.0 -1
27450.0 -1
27480.0 3
27510.0 -1
27540.0 -1
27570.0 -1
27600.0 4
27630.0 1
27660.0 0
27690.0 2
27720.0 0
27750.0 -1
27780.0 4
27810.0 1
27840.0 3
27870.0 2
27900.0 4
27930.0 1
27960.0 1
27990.0 2
28020.0 4
28050.0 2
28080.0 2
28110.0 0
28140.0 1
28170.0 -1
28200.0 2
28230.0 3
28260.0 4
28290.0 -1
28320.0 2
28350.0 2
28380.0 3
28410.0 1
28440.0 -1
28470.0 1
28500.0 -1
28530.0 2
28560.0 1
28590.0 -1
28620.0 -1
28650.0 2
28680.0 0
28710.0 0
28740.0 1
28770.0 0
