0.0 1
15.0 24
30.0 12
45.0 26
60.0 12
75.0 27
90.0 45
105.0 14
120.0 28
135.0 20
150.0 43
165.0 30
180.0 22
195.0 36
210.0 2
225.0 49
240.0 34
255.0 13
270.0 1
285.0 49
300.0 12
315.0 1
330.0 11
345.0 26
360.0 33
375.0 39
390.0 4
405.0 24
420.0 10
435.0 12
450.0 27
465.0 20
480.0 48
495.0 47
510.0 25
525.0 26
540.0 25
555.0 14
570.0 49
585.0 5
600.0 3
615.0 3
630.0 29
645.0 12
660.0 8
675.0 41
690.0 13
705.0 27
720.0 39
735.0 2
750.0 40
765.0 28
780.0 32
795.0 14
810.0 46
825.0 38
840.0 14
855.0 6
870.0 44
885.0 11
900.0 49
915.0 38
930.0 6
945.0 46
960.0 40
975.0 5
990.0 25
1005.0 8
1020.0 23
1035.0 29
1050.0 15
1065.0 47
1080.0 26
1095.0 32
1110.0 22
1125.0 44
1140.0 18
1155.0 35
1170.0 18
1185.0 21
1200.0 41
1215.0 44
1230.0 32
1245.0 44
1260.0 9
1275.0 46
1290.0 31
1305.0 14
1320.0 38
1335.0 45
1350.0 7
1365.0 24
1380.0 17
1395.0 14
1410.0 25
1425.0 40
1440.0 43
1455.0 20
1470.0 21
1485.0 45
1500.0 33
1515.0 36
1530.0 36
1545.0 13
1560.0 3
1575.0 23
1590.0 1
1605.0 0
1620.0 1
1635.0 12
1650.0 26
1665.0 16
1680.0 44
1695.0 16
1710.0 4
1725.0 23
1740.0 7
1755.0 43
1770.0 8
1785.0 17
1800.0 15
1815.0 31
1830.0 39
1845.0 38
1860.0 40
1875.0 43
1890.0 45
1905.0 31
1920.0 41
1935.0 47
1950.0 1
1965.0 37
1980.0 42
1995.0 3
2010.0 4
2025.0 36
2040.0 48
2055.0 36
2070.0 25
2085.0 42
2100.0 8
2115.0 14
2130.0 23
2145.0 23
2160.0 34
2175.0 47
2190.0 40
2205.0 24
2220.0 25
2235.0 22
2250.0 5
2265.0 40
2280.0 26
2295.0 18
2310.0 30
2325.0 37
2340.0 42
2355.0 31
2370.0 1
2385.0 17
2400.0 27
2415.0 6
2430.0 22
2445.0 35
2460.0 23
2475.0 27
2490.0 24
2505.0 38
2520.0 48
2535.0 3
2550.0 44
2565.0 18
2580.0 3
2595.0 12
2610.0 0
2625.0 33
2640.0 6
2655.0 24
2670.0 22
2685.0 29
2700.0 48
2715.0 6
2730.0 44
2745.0 16
2760.0 32
2775.0 1
2790.0 37
2805.0 43
2820.0 12
2835.0 31
2850.0 21
2865.0 8
2880.0 16
2895.0 17
2910.0 39
2925.0 39
2940.0 26
2955.0 10
2970.0 27
2985.0 7
3000.0 49
3015.0 17
3030.0 12
3045.0 32
3060.0 14
3075.0 21
3090.0 37
3105.0 29
3120.0 5
3135.0 44
3150.0 33
3165.0 18
3180.0 48
3195.0 32
3210.0 13
3225.0 47
3240.0 46
3255.0 40
3270.0 18
3285.0 39
3300.0 14
3315.0 9
3330.0 1
3345.0 49
3360.0 1
3375.0 20
3390.0 11
3405.0 9
3420.0 11
3435.0 38
3450.0 1
3465.0 0
3480.0 1
3495.0 22
3510.0 27
3525.0 16
3540.0 39
3555.0 20
3570.0 43
3585.0 33
