0.0 3
15.0 43
30.0 40
45.0 14
60.0 22
75.0 40
90.0 5
105.0 42
120.0 6
135.0 45
150.0 47
165.0 14
180.0 8
195.0 29
210.0 43
225.0 42
240.0 27
255.0 29
270.0 7
285.0 34
300.0 34
315.0 25
330.0 29
345.0 34
360.0 37
375.0 10
390.0 19
405.0 45
420.0 30
435.0 33
450.0 11
465.0 47
480.0 27
495.0 2
510.0 47
525.0 41
540.0 4
555.0 12
570.0 11
585.0 0
600.0 42
615.0 18
630.0 28
645.0 46
660.0 49
675.0 47
690.0 38
705.0 41
720.0 24
735.0 15
750.0 16
765.0 27
780.0 38
795.0 42
810.0 48
825.0 4
840.0 0
855.0 2
870.0 47
885.0 23
900.0 28
915.0 14
930.0 3
945.0 43
960.0 0
975.0 48
990.0 14
1005.0 23
1020.0 30
1035.0 19
1050.0 9
1065.0 10
1080.0 17
1095.0 33
1110.0 27
1125.0 37
1140.0 15
1155.0 23
1170.0 38
1185.0 11
1200.0 49
1215.0 41
1230.0 6
1245.0 35
1260.0 16
1275.0 48
1290.0 3
1305.0 36
1320.0 32
1335.0 18
1350.0 25
1365.0 10
1380.0 30
1395.0 0
1410.0 39
1425.0 35
1440.0 28
1455.0 24
1470.0 46
1485.0 48
1500.0 17
1515.0 2
1530.0 17
1545.0 6
1560.0 27
1575.0 16
1590.0 24
1605.0 17
1620.0 39
1635.0 42
1650.0 2
1665.0 24
1680.0 6
1695.0 46
1710.0 9
1725.0 43
1740.0 43
1755.0 18
1770.0 14
1785.0 20
1800.0 20
1815.0 36
1830.0 27
1845.0 44
1860.0 31
1875.0 40
1890.0 26
1905.0 22
1920.0 9
1935.0 39
1950.0 40
1965.0 5
1980.0 23
1995.0 17
2010.0 9
2025.0 14
2040.0 44
2055.0 42
2070.0 33
2085.0 7
2100.0 49
2115.0 34
2130.0 26
2145.0 24
2160.0 2
2175.0 20
2190.0 38
2205.0 31
2220.0 49
2235.0 20
2250.0 8
2265.0 49
2280.0 0
2295.0 3
2310.0 3
2325.0 48
2340.0 25
2355.0 33
2370.0 26
2385.0 14
2400.0 44
2415.0 31
2430.0 40
2445.0 6
2460.0 43
2475.0 43
2490.0 13
2505.0 22
2520.0 46
2535.0 0
2550.0 31
2565.0 40
2580.0 25
2595.0 47
2610.0 8
2625.0 15
2640.0 30
2655.0 1
2670.0 31
2685.0 9
2700.0 24
2715.0 17
2730.0 44
2745.0 33
2760.0 28
2775.0 44
2790.0 23
2805.0 2
2820.0 14
2835.0 2
2850.0 30
2865.0 9
2880.0 37
2895.0 21
2910.0 13
2925.0 8
2940.0 17
2955.0 7
2970.0 37
2985.0 14
3000.0 45
3015.0 14
3030.0 5
3045.0 11
3060.0 41
3075.0 18
3090.0 39
3105.0 4
3120.0 26
3135.0 9
3150.0 42
3165.0 45
3180.0 13
3195.0 33
3210.0 48
3225.0 14
3240.0 28
3255.0 25
3270.0 26
3285.0 2
3300.0 2
3315.0 34
3330.0 34
3345.0 49
3360.0 5
3375.0 13
3390.0 25
3405.0 2
3420.0 32
3435.0 41
3450.0 12
3465.0 28
3480.0 8
3495.0 31
3510.0 21
3525.0 21
3540.0 33
3555.0 9
3570.0 24
3585.0 11
