0.0 2
15.0 2
30.0 35
45.0 8
60.0 15
75.0 15
90.0 11
105.0 37
120.0 19
135.0 30
150.0 29
165.0 20
180.0 2
195.0 20
210.0 27
225.0 27
240.0 4
255.0 6
270.0 4
285.0 8
300.0 46
315.0 20
330.0 19
345.0 37
360.0 39
375.0 36
390.0 16
405.0 41
420.0 27
435.0 30
450.0 32
465.0 31
480.0 31
495.0 47
510.0 22
525.0 20
540.0 24
555.0 32
570.0 2
585.0 5
600.0 48
615.0 27
630.0 1
645.0 31
660.0 25
675.0 4
690.0 10
705.0 9
720.0 14
735.0 17
750.0 48
765.0 13
780.0 27
795.0 29
810.0 12
825.0 19
840.0 1
855.0 24
870.0 43
885.0 42
900.0 11
915.0 24
930.0 3
945.0 41
960.0 11
975.0 6
990.0 37
1005.0 39
1020.0 31
1035.0 42
1050.0 5
1065.0 26
1080.0 34
1095.0 20
1110.0 19
1125.0 18
1140.0 32
1155.0 3
1170.0 18
1185.0 48
1200.0 27
1215.0 21
1230.0 23
1245.0 45
1260.0 29
1275.0 28
1290.0 9
1305.0 31
1320.0 8
1335.0 24
1350.0 15
1365.0 14
1380.0 47
1395.0 17
1410.0 22
1425.0 41
1440.0 2
1455.0 6
1470.0 38
1485.0 10
1500.0 23
1515.0 34
1530.0 49
1545.0 24
1560.0 27
1575.0 11
1590.0 22
1605.0 16
1620.0 40
1635.0 36
1650.0 17
1665.0 8
1680.0 44
1695.0 34
1710.0 35
1725.0 17
1740.0 19
1755.0 20
1770.0 46
1785.0 19
1800.0 5
1815.0 8
1830.0 42
1845.0 28
1860.0 28
1875.0 12
1890.0 35
1905.0 26
1920.0 46
1935.0 48
1950.0 43
1965.0 5
1980.0 38
1995.0 31
2010.0 48
2025.0 42
2040.0 43
2055.0 27
2070.0 44
2085.0 0
2100.0 49
2115.0 42
2130.0 30
2145.0 29
2160.0 17
2175.0 28
2190.0 41
2205.0 37
2220.0 22
2235.0 21
2250.0 1
2265.0 4
2280.0 41
2295.0 14
2310.0 31
2325.0 45
2340.0 5
2355.0 13
2370.0 23
2385.0 20
2400.0 13
2415.0 11
2430.0 3
2445.0 43
2460.0 20
2475.0 16
2490.0 28
2505.0 15
2520.0 17
2535.0 37
2550.0 40
2565.0 43
2580.0 10
2595.0 31
2610.0 27
2625.0 15
2640.0 33
2655.0 49
2670.0 29
2685.0 37
2700.0 21
2715.0 4
2730.0 8
2745.0 12
2760.0 38
2775.0 22
2790.0 26
2805.0 31
2820.0 30
2835.0 32
2850.0 41
2865.0 25
2880.0 17
2895.0 11
2910.0 2
2925.0 4
2940.0 13
2955.0 46
2970.0 11
2985.0 3
3000.0 15
3015.0 10
3030.0 35
3045.0 37
3060.0 47
3075.0 1
3090.0 12
3105.0 7
3120.0 43
3135.0 20
3150.0 25
3165.0 37
3180.0 34
3195.0 14
3210.0 39
3225.0 29
3240.0 1
3255.0 15
3270.0 12
3285.0 0
3300.0 42
3315.0 27
3330.0 0
3345.0 39
3360.0 33
3375.0 12
3390.0 1
3405.0 3
3420.0 24
3435.0 33
3450.0 12
3465.0 35
3480.0 31
3495.0 20
3510.0 25
3525.0 14
3540.0 28
3555.0 25
3570.0 20
3585.0 11
