0.0 2
30.0 3
60.0 1
90.0 0
120.0 1
150.0 -1
180.0 4
210.0 3
240.0 2
270.0 1
300.0 3
330.0 1
360.0 -1
390.0 0
420.0 -1
450.0 1
480.0 2
510.0 1
540.0 4
570.0 2
600.0 2
630.0 1
660.0 1
690.0 2
720.0 1
750.0 3
780.0 2
810.0 4
840.0 2
870.0 1
900.0 -1
930.0 3
960.0 1
990.0 0
1020.0 3
1050.0 0
1080.0 3
1110.0 2
1140.0 3
1170.0 1
1200.0 0
1230.0 -1
1260.0 0
1290.0 4
1320.0 4
1350.0 2
1380.0 4
1410.0 2
1440.0 -1
1470.0 3
1500.0 4
1530.0 3
1560.0 2
1590.0 -1
1620.0 2
1650.0 0
1680.0 3
1710.0 0
1740.0 0
1770.0 1
1800.0 3
1830.0 2
1860.0 2
1890.0 0
1920.0 4
1950.0 -1
1980.0 1
2010.0 1
2040.0 4
2070.0 4
2100.0 0
2130.0 1
2160.0 1
2190.0 0
2220.0 2
2250.0 0
2280.0 0
2310.0 3
2340.0 2
2370.0 0
2400.0 3
2430.0 1
2460.0 -1
2490.0 2
2520.0 3
2550.0 4
2580.0 2
2610.0 3
2640.0 1
2670.0 1
2700.0 -1
2730.0 1
2760.0 4
2790.0 1
2820.0 -1
2850.0 2
2880.0 1
2910.0 2
2940.0 -1
2970.0 0
3000.0 1
3030.0 2
3060.0 4
3090.0 3
3120.0 4
3150.0 3
3180.0 0
3210.0 1
3240.0 1
3270.0 1
3300.0 3
3330.0 0
3360.0 3
3390.0 1
3420.0 0
3450.0 3
3480.0 4
3510.0 1
3540.0 0
3570.0 0
