0.0 1
30.0 3
60.0 4
90.0 -1
120.0 3
150.0 -1
180.0 3
210.0 -1
240.0 4
270.0 -1
300.0 2
330.0 4
360.0 2
390.0 2
420.0 3
450.0 4
480.0 0
510.0 2
540.0 1
570.0 0
600.0 1
630.0 2
660.0 1
690.0 3
720.0 1
750.0 0
780.0 2
810.0 1
840.0 1
870.0 1
900.0 4
930.0 1
960.0 0
990.0 4
1020.0 -1
1050.0 3
1080.0 2
1110.0 -1
1140.0 4
1170.0 3
1200.0 1
1230.0 -1
1260.0 3
1290.0 3
1320.0 -1
1350.0 1
1380.0 1
1410.0 4
1440.0 2
1470.0 3
1500.0 2
1530.0 4
1560.0 1
1590.0 4
1620.0 3
1650.0 2
1680.0 2
1710.0 2
1740.0 4
1770.0 3
1800.0 0
1830.0 0
1860.0 1
1890.0 3
1920.0 3
1950.0 -1
1980.0 2
2010.0 1
2040.0 3
2070.0 -1
2100.0 -1
2130.0 3
2160.0 1
2190.0 1
2220.0 0
2250.0 0
2280.0 1
2310.0 -1
2340.0 4
2370.0 0
2400.0 -1
2430.0 0
2460.0 -1
2490.0 2
2520.0 3
2550.0 1
2580.0 2
2610.0 1
2640.0 4
2670.0 -1
2700.0 0
2730.0 0
2760.0 0
2790.0 3
2820.0 3
2850.0 4
2880.0 1
2910.0 0
2940.0 2
2970.0 1
3000.0 3
3030.0 3
3060.0 0
3090.0 3
3120.0 -1
3150.0 3
3180.0 4
3210.0 0
3240.0 1
3270.0 3
3300.0 2
3330.0 2
3360.0 -1
3390.0 1
3420.0 -1
3450.0 4
3480.0 -1
3510.0 0
3540.0 0
3570.0 0
