0.0 4
30.0 3
60.0 4
90.0 -1
120.0 2
150.0 3
180.0 4
210.0 1
240.0 2
270.0 1
300.0 2
330.0 0
360.0 3
390.0 4
420.0 2
450.0 1
480.0 4
510.0 1
540.0 -1
570.0 1
600.0 2
630.0 2
660.0 -1
690.0 2
720.0 3
750.0 0
780.0 0
810.0 3
840.0 3
870.0 0
900.0 1
930.0 0
960.0 2
990.0 2
1020.0 3
1050.0 0
1080.0 4
1110.0 4
1140.0 1
1170.0 1
1200.0 1
1230.0 0
1260.0 4
1290.0 1
1320.0 4
1350.0 -1
1380.0 1
1410.0 4
1440.0 4
1470.0 4
1500.0 1
1530.0 1
1560.0 2
1590.0 0
1620.0 3
1650.0 -1
1680.0 4
1710.0 3
1740.0 4
1770.0 0
1800.0 2
1830.0 1
1860.0 3
1890.0 0
1920.0 -1
1950.0 0
1980.0 4
2010.0 -1
2040.0 1
2070.0 3
2100.0 4
2130.0 2
2160.0 2
2190.0 3
2220.0 0
2250.0 0
2280.0 2
2310.0 4
2340.0 3
2370.0 2
2400.0 2
2430.0 -1
2460.0 0
2490.0 1
2520.0 -1
2550.0 1
2580.0 -1
2610.0 -1
2640.0 2
2670.0 3
2700.0 1
2730.0 2
2760.0 3
2790.0 -1
2820.0 3
2850.0 3
2880.0 -1
2910.0 1
2940.0 4
2970.0 3
3000.0 4
3030.0 1
3060.0 2
3090.0 4
3120.0 -1
3150.0 0
3180.0 3
3210.0 3
3240.0 4
3270.0 0
3300.0 -1
3330.0 1
3360.0 4
3390.0 4
3420.0 0
3450.0 3
3480.0 -1
3510.0 3
3540.0 1
3570.0 3
3600.0 -1
3630.0 0
3660.0 2
3690.0 2
3720.0 1
3750.0 1
3780.0 3
3810.0 1
3840.0 -1
3870.0 0
3900.0 0
3930.0 1
3960.0 3
3990.0 3
4020.0 2
4050.0 1
4080.0 1
4110.0 1
4140.0 1
4170.0 2
4200.0 4
4230.0 4
4260.0 4
4290.0 0
4320.0 0
4350.0 4
4380.0 1
4410.0 -1
4440.0 -1
4470.0 -1
4500.0 0
4530.0 3
4560.0 1
4590.0 3
4620.0 4
4650.0 3
4680.0 3
4710.0 1
4740.0 0
4770.0 -1
4800.0 4
4830.0 4
4860.0 2
4890.0 2
4920.0 0
4950.0 3
4980.0 3
5010.0 0
5040.0 -1
5070.0 3
5100.0 -1
5130.0 0
5160.0 1
5190.0 4
5220.0 4
5250.0 0
5280.0 3
5310.0 0
5340.0 1
5370.0 4
5400.0 -1
5430.0 0
5460.0 2
5490.0 0
5520.0 1
5550.0 0
5580.0 -1
5610.0 -1
5640.0 -1
5670.0 2
5700.0 1
5730.0 0
5760.0 -1
5790.0 4
5820.0 0
5850.0 0
5880.0 4
5910.0 0
5940.0 1
5970.0 -1
6000.0 0
6030.0 4
6060.0 4
6090.0 2
6120.0 1
6150.0 3
6180.0 1
6210.0 2
6240.0 2
6270.0 3
6300.0 2
6330.0 4
6360.0 -1
6390.0 2
6420.0 0
6450.0 3
6480.0 4
6510.0 2
6540.0 2
6570.0 2
6600.0 -1
6630.0 0
6660.0 2
6690.0 4
6720.0 0
6750.0 0
6780.0 3
6810.0 4
6840.0 0
6870.0 4
6900.0 1
6930.0 0
6960.0 1
6990.0 0
7020.0 2
7050.0 2
7080.0 3
7110.0 2
7140.0 4
7170.0 2
7200.0 3
7230.0 2
7260.0 2
7290.0 3
7320.0 1
7350.0 -1
7380.0 1
7410.0 2
7440.0 0
7470.0 2
7500.0 1
7530.0 -1
7560.0 3
7590.0 -1
7620.0 1
7650.0 -1
7680.0 3
7710.0 2
7740.0 3
7770.0 0
7800.0 -1
7830.0 3
7860.0 2
7890.0 0
7920.0 3
7950.0 0
7980.0 4
8010.0 -1
8040.0 -1
8070.0 4
8100.0 -1
8130.0 1
8160.0 4
8190.0 3
8220.0 3
8250.0 2
8280.0 4
8310.0 2
8340.0 1
8370.0 1
8400.0 -1
8430.0 1
8460.0 1
8490.0 -1
8520.0 2
8550.0 3
8580.0 1
8610.0 1
8640.0 0
8670.0 2
8700.0 -1
8730.0 2
8760.0 0
8790.0 4
8820.0 3
8850.0 4
8880.0 2
8910.0 1
8940.0 2
8970.0 3
9000.0 0
9030.0 2
9060.0 -1
9090.0 0
9120.0 2
9150.0 4
9180.0 4
9210.0 3
9240.0 1
9270.0 -1
9300.0 0
9330.0 0
9360.0 -1
9390.0 -1
9420.0 -1
9450.0 4
9480.0 1
9510.0 -1
9540.0 0
9570.0 2
9600.0 2
9630.0 3
9660.0 -1
9690.0 4
9720.0 4
9750.0 1
9780.0 0
9810.0 1
9840.0 2
9870.0 4
9900.0 4
9930.0 4
9960.0 4
9990.0 4
10020.0 1
10050.0 0
10080.0 1
10110.0 -1
10140.0 2
10170.0 0
10200.0 0
10230.0 0
10260.0 3
10290.0 -1
10320.0 0
10350.0 0
10380.0 0
10410.0 1
10440.0 4
10470.0 1
10500.0 0
10530.0 2
10560.0 3
10590.0 -1
10620.0 4
10650.0 0
10680.0 1
10710.0 1
10740.0 3
10770.0 1
10800.0 2
10830.0 0
10860.0 0
10890.0 2
10920.0 2
10950.0 4
10980.0 -1
11010.0 3
11040.0 4
11070.0 -1
11100.0 0
11130.0 -1
11160.0 2
11190.0 1
11220.0 1
11250.0 3
11280.0 0
11310.0 2
11340.0 0
11370.0 -1
11400.0 0
11430.0 2
11460.0 -1
11490.0 -1
11520.0 0
11550.0 2
11580.0 -1
11610.0 0
11640.0 0
11670.0 0
11700.0 1
11730.0 4
11760.0 -1
11790.0 0
11820.0 2
11850.0 -1
11880.0 4
11910.0 2
11940.0 1
11970.0 1
12000.0 1
12030.0 -1
12060.0 2
12090.0 1
12120.0 0
12150.0 1
12180.0 0
12210.0 2
12240.0 2
12270.0 3
12300.0 4
12330.0 0
12360.0 -1
12390.0 1
12420.0 2
12450.0 3
12480.0 3
12510.0 -1
12540.0 2
12570.0 0
12600.0 1
12630.0 0
12660.0 -1
12690.0 4
12720.0 2
12750.0 3
12780.0 2
12810.0 1
12840.0 3
12870.0 4
12900.0 0
12930.0 2
12960.0 3
12990.0 0
13020.0 3
13050.0 -1
13080.0 4
13110.0 1
13140.0 3
13170.0 4
13200.0 1
13230.0 -1
13260.0 2
13290.0 -1
13320.0 0
13350.0 3
13380.0 2
13410.0 -1
13440.0 2
13470.0 2
13500.0 4
13530.0 4
13560.0 0
13590.0 -1
13620.0 1
13650.0 4
13680.0 3
13710.0 3
13740.0 1
13770.0 1
13800.0 2
13830.0 2
13860.0 4
13890.0 0
13920.0 0
13950.0 1
13980.0 -1
14010.0 0
14040.0 -1
14070.0 2
14100.0 3
14130.0 1
14160.0 4
14190.0 -1
14220.0 -1
14250.0 -1
14280.0 -1
14310.0 3
14340.0 0
14370.0 -1
14400.0 3
14430.0 2
14460.0 3
14490.0 0
14520.0 -1
14550.0 -1
14580.0 2
14610.0 4
14640.0 0
14670.0 2
14700.0 -1
14730.0 3
14760.0 2
14790.0 0
14820.0 3
14850.0 4
14880.0 4
14910.0 4
14940.0 -1
14970.0 4
15000.0 0
15030.0 4
15060.0 1
15090.0 1
15120.0 2
15150.0 4
15180.0 3
15210.0 3
15240.0 3
15270.0 2
15300.0 1
15330.0 -1
15360.0 3
15390.0 0
15420.0 2
15450.0 1
15480.0 1
15510.0 -1
15540.0 0
15570.0 -1
15600.0 3
15630.0 -1
15660.0 -1
15690.0 3
15720.0 2
15750.0 -1
15780.0 2
15810.0 1
15840.0 3
15870.0 3
15900.0 4
15930.0 3
15960.0 4
15990.0 1
16020.0 3
16050.0 -1
16080.0 -1
16110.0 -1
16140.0 -1
16170.0 -1
16200.0 2
16230.0 4
16260.0 4
16290.0 3
16320.0 0
16350.0 3
16380.0 0
16410.0 2
16440.0 3
16470.0 3
16500.0 0
16530.0 2
16560.0 3
16590.0 4
16620.0 2
16650.0 1
16680.0 2
16710.0 2
16740.0 -1
16770.0 0
16800.0 1
16830.0 0
16860.0 2
16890.0 -1
16920.0 1
16950.0 2
16980.0 2
17010.0 0
17040.0 2
17070.0 2
17100.0 0
17130.0 1
17160.0 2
17190.0 2
17220.0 4
17250.0 1
17280.0 0
17310.0 3
17340.0 1
17370.0 -1
17400.0 2
17430.0 -1
17460.0 1
17490.0 3
17520.0 4
17550.0 4
17580.0 -1
17610.0 4
17640.0 -1
17670.0 3
17700.0 3
17730.0 2
17760.0 0
17790.0 4
17820.0 4
17850.0 0
17880.0 2
17910.0 -1
17940.0 2
17970.0 0
18000.0 4
18030.0 -1
18060.0 -1
18090.0 1
18120.0 1
18150.0 4
18180.0 -1
18210.0 3
18240.0 3
18270.0 4
18300.0 -1
18330.0 2
18360.0 -1
18390.0 3
18420.0 0
18450.0 3
18480.0 -1
18510.0 2
18540.0 0
18570.0 -1
18600.0 2
18630.0 3
18660.0 4
18690.0 2
18720.0 3
18750.0 3
18780.0 0
18810.0 2
18840.0 1
18870.0 -1
18900.0 3
18930.0 3
18960.0 -1
18990.0 1
19020.0 4
19050.0 0
19080.0 -1
19110.0 2
19140.0 0
19170.0 -1
19200.0 3
19230.0 3
19260.0 0
19290.0 0
19320.0 2
19350.0 -1
19380.0 1
19410.0 1
19440.0 3
19470.0 -1
19500.0 3
19530.0 3
19560.0 0
19590.0 -1
19620.0 1
19650.0 0
19680.0 1
19710.0 0
19740.0 0
19770.0 4
19800.0 2
19830.0 2
19860.0 1
19890.0 4
19920.0 2
19950.0 3
19980.0 4
20010.0 3
20040.0 3
20070.0 0
20100.0 0
20130.0 0
20160.0 4
20190.0 3
20220.0 -1
20250.0 -1
20280.0 3
20310.0 3
20340.0 0
20370.0 -1
20400.0 3
20430.0 2
20460.0 0
20490.0 4
20520.0 3
20550.0 4
20580.0 0
20610.0 3
20640.0 1
20670.0 3
20700.0 0
20730.0 -1
20760.0 4
20790.0 2
20820.0 0
20850.0 0
20880.0 3
20910.0 2
20940.0 0
20970.0 2
21000.0 2
21030.0 1
21060.0 3
21090.0 -1
21120.0 2
21150.0 1
21180.0 2
21210.0 3
21240.0 3
21270.0 3
21300.0 -1
21330.0 2
21360.0 1
21390.0 2
21420.0 1
21450.0 -1
21480.0 2
21510.0 0
21540.0 2
21570.0 3
21600.0 -1
21630.0 3
21660.0 1
21690.0 -1
21720.0 2
21750.0 3
21780.0 4
21810.0 1
21840.0 0
21870.0 2
21900.0 4
21930.0 4
21960.0 -1
21990.0 0
22020.0 1
22050.0 3
22080.0 4
22110.0 2
22140.0 4
22170.0 3
22200.0 2
22230.0 3
22260.0 0
22290.0 -1
22320.0 4
22350.0 -1
22380.0 3
22410.0 4
22440.0 3
22470.0 2
22500.0 -1
22530.0 -1
22560.0 0
22590.0 3
22620.0 -1
22650.0 4
22680.0 2
22710.0 -1
22740.0 0
22770.0 2
22800.0 -1
22830.0 0
22860.0 2
22890.0 4
22920.0 -1
22950.0 -1
22980.0 2
23010.0 -1
23040.0 0
23070.0 -1
23100.0 -1
23130.0 3
23160.0 0
23190.0 1
23220.0 2
23250.0 3
23280.0 -1
23310.0 3
23340.0 -1
23370.0 4
23400.0 4
23430.0 4
23460.0 0
23490.0 -1
23520.0 -1
23550.0 1
23580.0 3
23610.0 1
23640.0 -1
23670.0 4
23700.0 3
23730.0 1
23760.0 1
23790.0 3
23820.0 2
23850.0 2
23880.0 -1
23910.0 0
23940.0 2
23970.0 2
24000.0 4
24030.0 3
24060.0 2
24090.0 4
24120.0 2
24150.0 3
24180.0 2
24210.0 1
24240.0 3
24270.0 -1
24300.0 4
24330.0 0
24360.0 1
24390.0 1
24420.0 4
24450.0 -1
24480.0 1
24510.0 2
24540.0 -1
24570.0 3
24600.0 3
24630.0 2
24660.0 3
24690.0 0
24720.0 2
24750.0 4
24780.0 0
24810.0 4
24840.0 1
24870.0 2
24900.0 4
24930.0 3
24960.0 1
24990.0 0
25020.0 -1
25050.0 3
25080.0 0
25110.0 2
25140.0 2
25170.0 4
25200.0 -1
25230.0 2
25260.0 -1
25290.0 0
25320.0 2
25350.0 0
25380.0 4
25410.0 3
25440.0 -1
25470.0 -1
25500.0 2
25530.0 -1
25560.0 2
25590.0 -1
25620.0 3
25650.0 -1
25680.0 2
25710.0 -1
25740.0 1
25770.0 4
25800.0 0
25830.0 -1
25860.0 -1
25890.0 -1
25920.0 2
25950.0 1
25980.0 -1
26010.0 1
26040.0 1
26070.0 3
26100.0 4
26130.0 0
26160.0 2
26190.0 3
26220.0 3
26250.0 2
26280.0 2
26310.0 2
26340.0 1
26370.0 4
26400.0 4
26430.0 1
26460.0 -1
26490.0 4
26520.0 -1
26550.0 0
26580.0 2
26610.0 2
26640.0 -1
26670.0 1
26700.0 1
26730.0 0
26760.0 2
26790.0 1
26820.0 2
26850.0 2
26880.0 4
26910.0 -1
26940.0 2
26970.0 0
27000.0 2
27030.0 2
27060.0 0
27090.0 0
27120.0 0
27150.0 4
27180.0 1
27210.0 2
27240.0 4
27270.0 -1
27300.0 4
27330.0 1
27360.0 0
27390.0 0
27420.0 2
27450.0 4
27480.0 1
27510.0 4
27540.0 3
27570.0 1
27600.0 2
27630.0 -1
27660.0 4
27690.0 0
27720.0 4
27750.0 0
27780.0 2
27810.0 4
27840.0 1
27870.0 3
27900.0 -1
27930.0 4
27960.0 0
27990.0 1
28020.0 -1
28050.0 0
28080.0 1
28110.0 1
28140.0 -1
28170.0 0
28200.0 2
28230.0 -1
28260.0 -1
28290.0 -1
28320.0 4
28350.0 4
28380.0 -1
28410.0 1
28440.0 0
28470.0 4
28500.0 -1
28530.0 -1
28560.0 0
28590.0 0
28620.0 2
28650.0 0
28680.0 3
28710.0 3
28740.0 1
28770.0 1
